{"/home/runner/work/idvorkin.github.io/idvorkin.github.io/ansi-to-html-converter.js": {"path":"/home/runner/work/idvorkin.github.io/idvorkin.github.io/ansi-to-html-converter.js","all":true,"statementMap":{"0":{"start":{"line":1,"column":0},"end":{"line":1,"column":48}},"1":{"start":{"line":2,"column":0},"end":{"line":2,"column":40}},"2":{"start":{"line":3,"column":0},"end":{"line":3,"column":25}},"4":{"start":{"line":5,"column":0},"end":{"line":5,"column":58}},"5":{"start":{"line":6,"column":0},"end":{"line":6,"column":29}},"6":{"start":{"line":7,"column":0},"end":{"line":7,"column":16}},"7":{"start":{"line":8,"column":0},"end":{"line":8,"column":16}},"8":{"start":{"line":9,"column":0},"end":{"line":9,"column":16}},"9":{"start":{"line":10,"column":0},"end":{"line":10,"column":18}},"10":{"start":{"line":11,"column":0},"end":{"line":11,"column":11}},"11":{"start":{"line":12,"column":0},"end":{"line":12,"column":27}},"12":{"start":{"line":13,"column":0},"end":{"line":13,"column":25}},"13":{"start":{"line":14,"column":0},"end":{"line":14,"column":27}},"14":{"start":{"line":15,"column":0},"end":{"line":15,"column":28}},"15":{"start":{"line":16,"column":0},"end":{"line":16,"column":26}},"16":{"start":{"line":17,"column":0},"end":{"line":17,"column":29}},"17":{"start":{"line":18,"column":0},"end":{"line":18,"column":26}},"18":{"start":{"line":19,"column":0},"end":{"line":19,"column":27}},"19":{"start":{"line":20,"column":0},"end":{"line":20,"column":26}},"20":{"start":{"line":21,"column":0},"end":{"line":21,"column":32}},"21":{"start":{"line":22,"column":0},"end":{"line":22,"column":34}},"22":{"start":{"line":23,"column":0},"end":{"line":23,"column":35}},"23":{"start":{"line":24,"column":0},"end":{"line":24,"column":33}},"24":{"start":{"line":25,"column":0},"end":{"line":25,"column":36}},"25":{"start":{"line":26,"column":0},"end":{"line":26,"column":33}},"26":{"start":{"line":27,"column":0},"end":{"line":27,"column":34}},"27":{"start":{"line":28,"column":0},"end":{"line":28,"column":3}},"28":{"start":{"line":29,"column":0},"end":{"line":29,"column":3}},"30":{"start":{"line":31,"column":0},"end":{"line":31,"column":34}},"31":{"start":{"line":32,"column":0},"end":{"line":32,"column":35}},"33":{"start":{"line":34,"column":0},"end":{"line":34,"column":5}},"34":{"start":{"line":35,"column":0},"end":{"line":35,"column":37}},"35":{"start":{"line":36,"column":0},"end":{"line":36,"column":53}},"36":{"start":{"line":37,"column":0},"end":{"line":37,"column":2}},"37":{"start":{"line":38,"column":0},"end":{"line":38,"column":25}},"38":{"start":{"line":39,"column":0},"end":{"line":39,"column":46}},"39":{"start":{"line":40,"column":0},"end":{"line":40,"column":2}},"40":{"start":{"line":41,"column":0},"end":{"line":41,"column":30}},"41":{"start":{"line":42,"column":0},"end":{"line":42,"column":45}},"42":{"start":{"line":43,"column":0},"end":{"line":43,"column":2}},"43":{"start":{"line":44,"column":0},"end":{"line":44,"column":53}},"44":{"start":{"line":45,"column":0},"end":{"line":45,"column":15}},"45":{"start":{"line":46,"column":0},"end":{"line":46,"column":55}},"46":{"start":{"line":47,"column":0},"end":{"line":47,"column":81}},"47":{"start":{"line":48,"column":0},"end":{"line":48,"column":18}},"48":{"start":{"line":49,"column":0},"end":{"line":49,"column":1}}},"s":{"0":0,"1":0,"2":0,"4":0,"5":0,"6":0,"7":0,"8":0,"9":0,"10":0,"11":0,"12":0,"13":0,"14":0,"15":0,"16":0,"17":0,"18":0,"19":0,"20":0,"21":0,"22":0,"23":0,"24":0,"25":0,"26":0,"27":0,"28":0,"30":0,"31":0,"33":0,"34":0,"35":0,"36":0,"37":0,"38":0,"39":0,"40":0,"41":0,"42":0,"43":0,"44":0,"45":0,"46":0,"47":0,"48":0},"branchMap":{"0":{"type":"branch","line":1,"loc":{"start":{"line":1,"column":1348},"end":{"line":49,"column":1}},"locations":[{"start":{"line":1,"column":1348},"end":{"line":49,"column":1}}]}},"b":{"0":[0]},"fnMap":{"0":{"name":"(empty-report)","decl":{"start":{"line":1,"column":1348},"end":{"line":49,"column":1}},"loc":{"start":{"line":1,"column":1348},"end":{"line":49,"column":1}},"line":1}},"f":{"0":0}}
,"/home/runner/work/idvorkin.github.io/idvorkin.github.io/run-vitest-with-colors.js": {"path":"/home/runner/work/idvorkin.github.io/idvorkin.github.io/run-vitest-with-colors.js","all":true,"statementMap":{"0":{"start":{"line":1,"column":0},"end":{"line":1,"column":51}},"1":{"start":{"line":2,"column":0},"end":{"line":2,"column":43}},"2":{"start":{"line":3,"column":0},"end":{"line":3,"column":25}},"4":{"start":{"line":5,"column":0},"end":{"line":5,"column":59}},"5":{"start":{"line":6,"column":0},"end":{"line":6,"column":76}},"7":{"start":{"line":8,"column":0},"end":{"line":8,"column":43}},"8":{"start":{"line":9,"column":0},"end":{"line":9,"column":14}},"9":{"start":{"line":10,"column":0},"end":{"line":10,"column":18}},"10":{"start":{"line":11,"column":0},"end":{"line":11,"column":22}},"11":{"start":{"line":12,"column":0},"end":{"line":12,"column":29}},"12":{"start":{"line":13,"column":0},"end":{"line":13,"column":55}},"13":{"start":{"line":14,"column":0},"end":{"line":14,"column":2}},"15":{"start":{"line":16,"column":0},"end":{"line":16,"column":44}},"16":{"start":{"line":17,"column":0},"end":{"line":17,"column":48}},"18":{"start":{"line":19,"column":0},"end":{"line":19,"column":48}},"19":{"start":{"line":20,"column":0},"end":{"line":20,"column":45}},"20":{"start":{"line":21,"column":0},"end":{"line":21,"column":82}},"21":{"start":{"line":22,"column":0},"end":{"line":22,"column":6}},"22":{"start":{"line":23,"column":0},"end":{"line":23,"column":80}},"23":{"start":{"line":24,"column":0},"end":{"line":24,"column":3}},"25":{"start":{"line":26,"column":0},"end":{"line":26,"column":59}},"26":{"start":{"line":27,"column":0},"end":{"line":27,"column":27}},"27":{"start":{"line":28,"column":0},"end":{"line":28,"column":27}},"29":{"start":{"line":30,"column":0},"end":{"line":30,"column":36}},"30":{"start":{"line":31,"column":0},"end":{"line":31,"column":29}},"31":{"start":{"line":32,"column":0},"end":{"line":32,"column":3}},"33":{"start":{"line":34,"column":0},"end":{"line":34,"column":36}},"34":{"start":{"line":35,"column":0},"end":{"line":35,"column":29}},"35":{"start":{"line":36,"column":0},"end":{"line":36,"column":3}},"37":{"start":{"line":38,"column":0},"end":{"line":38,"column":28}},"38":{"start":{"line":39,"column":0},"end":{"line":39,"column":30}},"39":{"start":{"line":40,"column":0},"end":{"line":40,"column":15}},"40":{"start":{"line":41,"column":0},"end":{"line":41,"column":49}},"41":{"start":{"line":42,"column":0},"end":{"line":42,"column":47}},"42":{"start":{"line":43,"column":0},"end":{"line":43,"column":2}},"43":{"start":{"line":44,"column":0},"end":{"line":44,"column":38}},"44":{"start":{"line":45,"column":0},"end":{"line":45,"column":21}},"45":{"start":{"line":46,"column":0},"end":{"line":46,"column":3}}},"s":{"0":0,"1":0,"2":0,"4":0,"5":0,"7":0,"8":0,"9":0,"10":0,"11":0,"12":0,"13":0,"15":0,"16":0,"18":0,"19":0,"20":0,"21":0,"22":0,"23":0,"25":0,"26":0,"27":0,"29":0,"30":0,"31":0,"33":0,"34":0,"35":0,"37":0,"38":0,"39":0,"40":0,"41":0,"42":0,"43":0,"44":0,"45":0},"branchMap":{"0":{"type":"branch","line":1,"loc":{"start":{"line":1,"column":1320},"end":{"line":46,"column":3}},"locations":[{"start":{"line":1,"column":1320},"end":{"line":46,"column":3}}]}},"b":{"0":[0]},"fnMap":{"0":{"name":"(empty-report)","decl":{"start":{"line":1,"column":1320},"end":{"line":46,"column":3}},"loc":{"start":{"line":1,"column":1320},"end":{"line":46,"column":3}},"line":1}},"f":{"0":0}}
,"/home/runner/work/idvorkin.github.io/idvorkin.github.io/src/blogger_import.ts": {"path":"/home/runner/work/idvorkin.github.io/idvorkin.github.io/src/blogger_import.ts","all":false,"statementMap":{"0":{"start":{"line":1,"column":0},"end":{"line":1,"column":66}},"11":{"start":{"line":12,"column":0},"end":{"line":12,"column":44}},"12":{"start":{"line":13,"column":0},"end":{"line":13,"column":27}},"14":{"start":{"line":15,"column":0},"end":{"line":15,"column":74}},"15":{"start":{"line":16,"column":0},"end":{"line":16,"column":22}},"16":{"start":{"line":17,"column":0},"end":{"line":17,"column":14}},"17":{"start":{"line":18,"column":0},"end":{"line":18,"column":15}},"18":{"start":{"line":19,"column":0},"end":{"line":19,"column":12}},"19":{"start":{"line":20,"column":0},"end":{"line":20,"column":12}},"20":{"start":{"line":21,"column":0},"end":{"line":21,"column":10}},"21":{"start":{"line":22,"column":0},"end":{"line":22,"column":11}},"22":{"start":{"line":23,"column":0},"end":{"line":23,"column":11}},"23":{"start":{"line":24,"column":0},"end":{"line":24,"column":13}},"24":{"start":{"line":25,"column":0},"end":{"line":25,"column":16}},"25":{"start":{"line":26,"column":0},"end":{"line":26,"column":14}},"26":{"start":{"line":27,"column":0},"end":{"line":27,"column":15}},"27":{"start":{"line":28,"column":0},"end":{"line":28,"column":15}},"28":{"start":{"line":29,"column":0},"end":{"line":29,"column":4}},"30":{"start":{"line":31,"column":0},"end":{"line":31,"column":26}},"32":{"start":{"line":33,"column":0},"end":{"line":33,"column":64}},"34":{"start":{"line":35,"column":0},"end":{"line":35,"column":50}},"35":{"start":{"line":36,"column":0},"end":{"line":36,"column":30}},"36":{"start":{"line":37,"column":0},"end":{"line":37,"column":100}},"39":{"start":{"line":40,"column":0},"end":{"line":40,"column":30}},"40":{"start":{"line":41,"column":0},"end":{"line":41,"column":28}},"41":{"start":{"line":42,"column":0},"end":{"line":42,"column":32}},"42":{"start":{"line":43,"column":0},"end":{"line":43,"column":16}},"44":{"start":{"line":45,"column":0},"end":{"line":45,"column":7}},"47":{"start":{"line":48,"column":0},"end":{"line":48,"column":118}},"48":{"start":{"line":49,"column":0},"end":{"line":49,"column":27}},"50":{"start":{"line":51,"column":0},"end":{"line":51,"column":6}},"51":{"start":{"line":52,"column":0},"end":{"line":52,"column":10}},"52":{"start":{"line":53,"column":0},"end":{"line":53,"column":36}},"53":{"start":{"line":54,"column":0},"end":{"line":54,"column":3}},"54":{"start":{"line":55,"column":0},"end":{"line":55,"column":26}},"55":{"start":{"line":56,"column":0},"end":{"line":56,"column":13}},"56":{"start":{"line":57,"column":0},"end":{"line":57,"column":1}},"58":{"start":{"line":59,"column":0},"end":{"line":59,"column":60}},"59":{"start":{"line":60,"column":0},"end":{"line":60,"column":91}},"60":{"start":{"line":61,"column":0},"end":{"line":61,"column":1}},"61":{"start":{"line":62,"column":0},"end":{"line":62,"column":55}},"62":{"start":{"line":63,"column":0},"end":{"line":63,"column":79}},"63":{"start":{"line":64,"column":0},"end":{"line":64,"column":1}},"65":{"start":{"line":66,"column":0},"end":{"line":66,"column":44}},"66":{"start":{"line":67,"column":0},"end":{"line":67,"column":51}},"67":{"start":{"line":68,"column":0},"end":{"line":68,"column":15}},"68":{"start":{"line":69,"column":0},"end":{"line":69,"column":43}},"69":{"start":{"line":70,"column":0},"end":{"line":70,"column":11}},"70":{"start":{"line":71,"column":0},"end":{"line":71,"column":3}},"74":{"start":{"line":75,"column":0},"end":{"line":75,"column":36}},"75":{"start":{"line":76,"column":0},"end":{"line":76,"column":40}},"76":{"start":{"line":77,"column":0},"end":{"line":77,"column":41}},"78":{"start":{"line":79,"column":0},"end":{"line":79,"column":86}},"81":{"start":{"line":82,"column":0},"end":{"line":82,"column":114}},"82":{"start":{"line":83,"column":0},"end":{"line":83,"column":107}},"83":{"start":{"line":84,"column":0},"end":{"line":84,"column":1}},"85":{"start":{"line":86,"column":0},"end":{"line":86,"column":36}},"86":{"start":{"line":87,"column":0},"end":{"line":87,"column":54}},"87":{"start":{"line":88,"column":0},"end":{"line":88,"column":48}},"88":{"start":{"line":89,"column":0},"end":{"line":89,"column":1}},"101":{"start":{"line":102,"column":0},"end":{"line":102,"column":36}},"103":{"start":{"line":104,"column":0},"end":{"line":104,"column":57}},"104":{"start":{"line":105,"column":0},"end":{"line":105,"column":35}},"105":{"start":{"line":106,"column":0},"end":{"line":106,"column":73}},"107":{"start":{"line":108,"column":0},"end":{"line":108,"column":10}},"110":{"start":{"line":111,"column":0},"end":{"line":111,"column":131}},"112":{"start":{"line":113,"column":0},"end":{"line":113,"column":108}},"115":{"start":{"line":116,"column":0},"end":{"line":116,"column":1}},"117":{"start":{"line":118,"column":0},"end":{"line":118,"column":51}},"118":{"start":{"line":119,"column":0},"end":{"line":119,"column":15}},"119":{"start":{"line":120,"column":0},"end":{"line":120,"column":43}},"120":{"start":{"line":121,"column":0},"end":{"line":121,"column":11}},"121":{"start":{"line":122,"column":0},"end":{"line":122,"column":3}},"122":{"start":{"line":123,"column":0},"end":{"line":123,"column":57}},"125":{"start":{"line":126,"column":0},"end":{"line":126,"column":81}},"126":{"start":{"line":127,"column":0},"end":{"line":127,"column":1}},"128":{"start":{"line":129,"column":0},"end":{"line":129,"column":40}},"129":{"start":{"line":130,"column":0},"end":{"line":130,"column":44}},"130":{"start":{"line":131,"column":0},"end":{"line":131,"column":77}},"131":{"start":{"line":132,"column":0},"end":{"line":132,"column":1}}},"s":{"0":1,"11":0,"12":0,"14":0,"15":0,"16":0,"17":0,"18":0,"19":0,"20":0,"21":0,"22":0,"23":0,"24":0,"25":0,"26":0,"27":0,"28":0,"30":0,"32":0,"34":0,"35":0,"36":0,"39":0,"40":0,"41":0,"42":0,"44":0,"47":0,"48":0,"50":0,"51":0,"52":0,"53":0,"54":0,"55":0,"56":0,"58":0,"59":0,"60":0,"61":0,"62":0,"63":0,"65":1,"66":1,"67":1,"68":0,"69":0,"70":0,"74":1,"75":1,"76":1,"78":1,"81":1,"82":1,"83":1,"85":1,"86":1,"87":1,"88":1,"101":1,"103":1,"104":1,"105":1,"107":1,"110":1,"112":1,"115":1,"117":1,"118":1,"119":0,"120":0,"121":0,"122":1,"125":1,"126":1,"128":1,"129":1,"130":1,"131":1},"branchMap":{"0":{"type":"branch","line":66,"loc":{"start":{"line":66,"column":0},"end":{"line":84,"column":1}},"locations":[{"start":{"line":66,"column":0},"end":{"line":84,"column":1}}]},"1":{"type":"branch","line":68,"loc":{"start":{"line":68,"column":14},"end":{"line":71,"column":3}},"locations":[{"start":{"line":68,"column":14},"end":{"line":71,"column":3}}]},"2":{"type":"branch","line":86,"loc":{"start":{"line":86,"column":0},"end":{"line":89,"column":1}},"locations":[{"start":{"line":86,"column":0},"end":{"line":89,"column":1}}]},"3":{"type":"branch","line":102,"loc":{"start":{"line":102,"column":0},"end":{"line":116,"column":1}},"locations":[{"start":{"line":102,"column":0},"end":{"line":116,"column":1}}]},"4":{"type":"branch","line":118,"loc":{"start":{"line":118,"column":0},"end":{"line":127,"column":1}},"locations":[{"start":{"line":118,"column":0},"end":{"line":127,"column":1}}]},"5":{"type":"branch","line":119,"loc":{"start":{"line":119,"column":14},"end":{"line":122,"column":3}},"locations":[{"start":{"line":119,"column":14},"end":{"line":122,"column":3}}]},"6":{"type":"branch","line":129,"loc":{"start":{"line":129,"column":0},"end":{"line":132,"column":1}},"locations":[{"start":{"line":129,"column":0},"end":{"line":132,"column":1}}]},"7":{"type":"branch","line":131,"loc":{"start":{"line":131,"column":32},"end":{"line":131,"column":75}},"locations":[{"start":{"line":131,"column":32},"end":{"line":131,"column":75}}]}},"b":{"0":[1],"1":[0],"2":[1],"3":[1],"4":[1],"5":[0],"6":[1],"7":[1]},"fnMap":{"0":{"name":"html_for_blogpost","decl":{"start":{"line":12,"column":0},"end":{"line":57,"column":1}},"loc":{"start":{"line":12,"column":0},"end":{"line":57,"column":1}},"line":12},"1":{"name":"get_achievement_posts","decl":{"start":{"line":59,"column":0},"end":{"line":61,"column":1}},"loc":{"start":{"line":59,"column":0},"end":{"line":61,"column":1}},"line":59},"2":{"name":"get_recent_posts","decl":{"start":{"line":62,"column":0},"end":{"line":64,"column":1}},"loc":{"start":{"line":62,"column":0},"end":{"line":64,"column":1}},"line":62},"3":{"name":"ProcessImports","decl":{"start":{"line":66,"column":0},"end":{"line":84,"column":1}},"loc":{"start":{"line":66,"column":0},"end":{"line":84,"column":1}},"line":66},"4":{"name":"add_imported_blog_posts","decl":{"start":{"line":86,"column":0},"end":{"line":89,"column":1}},"loc":{"start":{"line":86,"column":0},"end":{"line":89,"column":1}},"line":86},"5":{"name":"html_for_role","decl":{"start":{"line":102,"column":0},"end":{"line":116,"column":1}},"loc":{"start":{"line":102,"column":0},"end":{"line":116,"column":1}},"line":102},"6":{"name":"ProcessEulogy","decl":{"start":{"line":118,"column":0},"end":{"line":127,"column":1}},"loc":{"start":{"line":118,"column":0},"end":{"line":127,"column":1}},"line":118},"7":{"name":"add_eulogy_roles","decl":{"start":{"line":129,"column":0},"end":{"line":132,"column":1}},"loc":{"start":{"line":129,"column":0},"end":{"line":132,"column":1}},"line":129}},"f":{"0":0,"1":0,"2":0,"3":1,"4":1,"5":1,"6":1,"7":1}}
,"/home/runner/work/idvorkin.github.io/idvorkin.github.io/src/dev-info.ts": {"path":"/home/runner/work/idvorkin.github.io/idvorkin.github.io/src/dev-info.ts","all":false,"statementMap":{"0":{"start":{"line":1,"column":0},"end":{"line":1,"column":51}},"2":{"start":{"line":3,"column":0},"end":{"line":3,"column":48}},"3":{"start":{"line":4,"column":0},"end":{"line":4,"column":15}},"4":{"start":{"line":5,"column":0},"end":{"line":5,"column":56}},"5":{"start":{"line":6,"column":0},"end":{"line":6,"column":18}},"6":{"start":{"line":7,"column":0},"end":{"line":7,"column":3}},"8":{"start":{"line":9,"column":0},"end":{"line":9,"column":39}},"9":{"start":{"line":10,"column":0},"end":{"line":10,"column":14}},"10":{"start":{"line":11,"column":0},"end":{"line":11,"column":1}},"12":{"start":{"line":13,"column":0},"end":{"line":13,"column":40}},"13":{"start":{"line":14,"column":0},"end":{"line":14,"column":94}},"14":{"start":{"line":15,"column":0},"end":{"line":15,"column":1}},"16":{"start":{"line":17,"column":0},"end":{"line":17,"column":42}},"17":{"start":{"line":18,"column":0},"end":{"line":18,"column":38}},"18":{"start":{"line":19,"column":0},"end":{"line":19,"column":1}},"20":{"start":{"line":21,"column":0},"end":{"line":21,"column":37}},"21":{"start":{"line":22,"column":0},"end":{"line":22,"column":23}},"22":{"start":{"line":23,"column":0},"end":{"line":23,"column":56}},"23":{"start":{"line":24,"column":0},"end":{"line":24,"column":11}},"24":{"start":{"line":25,"column":0},"end":{"line":25,"column":3}},"26":{"start":{"line":27,"column":0},"end":{"line":27,"column":63}},"27":{"start":{"line":28,"column":0},"end":{"line":28,"column":36}},"28":{"start":{"line":29,"column":0},"end":{"line":29,"column":32}},"30":{"start":{"line":31,"column":0},"end":{"line":31,"column":59}},"33":{"start":{"line":34,"column":0},"end":{"line":34,"column":57}},"34":{"start":{"line":35,"column":0},"end":{"line":35,"column":57}},"35":{"start":{"line":36,"column":0},"end":{"line":36,"column":42}},"36":{"start":{"line":37,"column":0},"end":{"line":37,"column":36}},"51":{"start":{"line":52,"column":0},"end":{"line":52,"column":25}},"52":{"start":{"line":53,"column":0},"end":{"line":53,"column":17}},"53":{"start":{"line":54,"column":0},"end":{"line":54,"column":168}},"54":{"start":{"line":55,"column":0},"end":{"line":55,"column":5}},"55":{"start":{"line":56,"column":0},"end":{"line":56,"column":25}},"56":{"start":{"line":57,"column":0},"end":{"line":57,"column":27}},"57":{"start":{"line":58,"column":0},"end":{"line":58,"column":5}},"58":{"start":{"line":59,"column":0},"end":{"line":59,"column":157}},"60":{"start":{"line":61,"column":0},"end":{"line":61,"column":43}},"61":{"start":{"line":62,"column":0},"end":{"line":62,"column":46}},"64":{"start":{"line":65,"column":0},"end":{"line":65,"column":95}},"65":{"start":{"line":66,"column":0},"end":{"line":66,"column":67}},"66":{"start":{"line":67,"column":0},"end":{"line":67,"column":3}},"67":{"start":{"line":68,"column":0},"end":{"line":68,"column":1}}},"s":{"0":1,"2":1,"3":1,"4":0,"5":0,"6":0,"8":1,"9":1,"10":1,"12":1,"13":8,"14":8,"16":1,"17":4,"18":4,"20":1,"21":5,"22":4,"23":4,"24":4,"26":1,"27":1,"28":1,"30":1,"33":5,"34":0,"35":0,"36":0,"51":0,"52":0,"53":0,"54":0,"55":0,"56":0,"57":0,"58":0,"60":0,"61":0,"64":0,"65":0,"66":0,"67":5},"branchMap":{"0":{"type":"branch","line":1,"loc":{"start":{"line":1,"column":7},"end":{"line":11,"column":1}},"locations":[{"start":{"line":1,"column":7},"end":{"line":11,"column":1}}]},"1":{"type":"branch","line":4,"loc":{"start":{"line":4,"column":14},"end":{"line":7,"column":3}},"locations":[{"start":{"line":4,"column":14},"end":{"line":7,"column":3}}]},"2":{"type":"branch","line":13,"loc":{"start":{"line":13,"column":7},"end":{"line":15,"column":1}},"locations":[{"start":{"line":13,"column":7},"end":{"line":15,"column":1}}]},"3":{"type":"branch","line":14,"loc":{"start":{"line":14,"column":38},"end":{"line":14,"column":94}},"locations":[{"start":{"line":14,"column":38},"end":{"line":14,"column":94}}]},"4":{"type":"branch","line":17,"loc":{"start":{"line":17,"column":7},"end":{"line":19,"column":1}},"locations":[{"start":{"line":17,"column":7},"end":{"line":19,"column":1}}]},"5":{"type":"branch","line":18,"loc":{"start":{"line":18,"column":25},"end":{"line":18,"column":38}},"locations":[{"start":{"line":18,"column":25},"end":{"line":18,"column":38}}]},"6":{"type":"branch","line":21,"loc":{"start":{"line":21,"column":7},"end":{"line":68,"column":1}},"locations":[{"start":{"line":21,"column":7},"end":{"line":68,"column":1}}]},"7":{"type":"branch","line":22,"loc":{"start":{"line":22,"column":22},"end":{"line":25,"column":3}},"locations":[{"start":{"line":22,"column":22},"end":{"line":25,"column":3}}]},"8":{"type":"branch","line":25,"loc":{"start":{"line":25,"column":2},"end":{"line":34,"column":17}},"locations":[{"start":{"line":25,"column":2},"end":{"line":34,"column":17}}]},"9":{"type":"branch","line":34,"loc":{"start":{"line":34,"column":7},"end":{"line":34,"column":39}},"locations":[{"start":{"line":34,"column":7},"end":{"line":34,"column":39}}]},"10":{"type":"branch","line":34,"loc":{"start":{"line":34,"column":28},"end":{"line":34,"column":56}},"locations":[{"start":{"line":34,"column":28},"end":{"line":34,"column":56}}]},"11":{"type":"branch","line":34,"loc":{"start":{"line":34,"column":56},"end":{"line":67,"column":3}},"locations":[{"start":{"line":34,"column":56},"end":{"line":67,"column":3}}]}},"b":{"0":[1],"1":[0],"2":[8],"3":[6],"4":[4],"5":[1],"6":[5],"7":[4],"8":[1],"9":[0],"10":[1],"11":[0]},"fnMap":{"0":{"name":"getCurrentBranch","decl":{"start":{"line":1,"column":7},"end":{"line":11,"column":1}},"loc":{"start":{"line":1,"column":7},"end":{"line":11,"column":1}},"line":1},"1":{"name":"isDevServer","decl":{"start":{"line":13,"column":7},"end":{"line":15,"column":1}},"loc":{"start":{"line":13,"column":7},"end":{"line":15,"column":1}},"line":13},"2":{"name":"getCurrentPort","decl":{"start":{"line":17,"column":7},"end":{"line":19,"column":1}},"loc":{"start":{"line":17,"column":7},"end":{"line":19,"column":1}},"line":17},"3":{"name":"initDevInfo","decl":{"start":{"line":21,"column":7},"end":{"line":68,"column":1}},"loc":{"start":{"line":21,"column":7},"end":{"line":68,"column":1}},"line":21}},"f":{"0":1,"1":8,"2":4,"3":5}}
,"/home/runner/work/idvorkin.github.io/idvorkin.github.io/src/graph.ts": {"path":"/home/runner/work/idvorkin.github.io/idvorkin.github.io/src/graph.ts","all":false,"statementMap":{"5":{"start":{"line":6,"column":0},"end":{"line":6,"column":44}},"7":{"start":{"line":8,"column":0},"end":{"line":8,"column":59}},"36":{"start":{"line":37,"column":0},"end":{"line":37,"column":42}},"37":{"start":{"line":38,"column":0},"end":{"line":38,"column":32}},"38":{"start":{"line":39,"column":0},"end":{"line":39,"column":49}},"39":{"start":{"line":40,"column":0},"end":{"line":40,"column":17}},"40":{"start":{"line":41,"column":0},"end":{"line":41,"column":3}},"43":{"start":{"line":44,"column":0},"end":{"line":44,"column":46}},"44":{"start":{"line":45,"column":0},"end":{"line":45,"column":16}},"45":{"start":{"line":46,"column":0},"end":{"line":46,"column":3}},"49":{"start":{"line":50,"column":0},"end":{"line":50,"column":66}},"50":{"start":{"line":51,"column":0},"end":{"line":51,"column":91}},"52":{"start":{"line":53,"column":0},"end":{"line":53,"column":52}},"53":{"start":{"line":54,"column":0},"end":{"line":54,"column":1}},"61":{"start":{"line":62,"column":0},"end":{"line":62,"column":42}},"63":{"start":{"line":64,"column":0},"end":{"line":64,"column":59}},"64":{"start":{"line":65,"column":0},"end":{"line":65,"column":19}},"65":{"start":{"line":66,"column":0},"end":{"line":66,"column":22}},"66":{"start":{"line":67,"column":0},"end":{"line":67,"column":3}},"69":{"start":{"line":70,"column":0},"end":{"line":70,"column":66}},"70":{"start":{"line":71,"column":0},"end":{"line":71,"column":112}},"72":{"start":{"line":73,"column":0},"end":{"line":73,"column":25}},"73":{"start":{"line":74,"column":0},"end":{"line":74,"column":1}},"80":{"start":{"line":81,"column":0},"end":{"line":81,"column":36}},"82":{"start":{"line":83,"column":0},"end":{"line":83,"column":19}},"85":{"start":{"line":86,"column":0},"end":{"line":86,"column":29}},"87":{"start":{"line":88,"column":0},"end":{"line":88,"column":52}},"88":{"start":{"line":89,"column":0},"end":{"line":89,"column":52}},"91":{"start":{"line":92,"column":0},"end":{"line":92,"column":63}},"94":{"start":{"line":95,"column":0},"end":{"line":95,"column":44}},"96":{"start":{"line":97,"column":0},"end":{"line":97,"column":58}},"97":{"start":{"line":98,"column":0},"end":{"line":98,"column":23}},"98":{"start":{"line":99,"column":0},"end":{"line":99,"column":66}},"99":{"start":{"line":100,"column":0},"end":{"line":100,"column":7}},"100":{"start":{"line":101,"column":0},"end":{"line":101,"column":5}},"103":{"start":{"line":104,"column":0},"end":{"line":104,"column":67}},"105":{"start":{"line":106,"column":0},"end":{"line":106,"column":59}},"106":{"start":{"line":107,"column":0},"end":{"line":107,"column":58}},"107":{"start":{"line":108,"column":0},"end":{"line":108,"column":5}},"108":{"start":{"line":109,"column":0},"end":{"line":109,"column":3}},"110":{"start":{"line":111,"column":0},"end":{"line":111,"column":15}},"111":{"start":{"line":112,"column":0},"end":{"line":112,"column":1}},"118":{"start":{"line":119,"column":0},"end":{"line":119,"column":41}},"119":{"start":{"line":120,"column":0},"end":{"line":120,"column":62}},"122":{"start":{"line":123,"column":0},"end":{"line":123,"column":60}},"123":{"start":{"line":124,"column":0},"end":{"line":124,"column":20}},"124":{"start":{"line":125,"column":0},"end":{"line":125,"column":50}},"125":{"start":{"line":126,"column":0},"end":{"line":126,"column":3}},"127":{"start":{"line":128,"column":0},"end":{"line":128,"column":51}},"129":{"start":{"line":130,"column":0},"end":{"line":130,"column":139}},"132":{"start":{"line":133,"column":0},"end":{"line":133,"column":67}},"134":{"start":{"line":135,"column":0},"end":{"line":135,"column":10}},"135":{"start":{"line":136,"column":0},"end":{"line":136,"column":26}},"136":{"start":{"line":137,"column":0},"end":{"line":137,"column":25}},"137":{"start":{"line":138,"column":0},"end":{"line":138,"column":4}},"138":{"start":{"line":139,"column":0},"end":{"line":139,"column":1}},"146":{"start":{"line":147,"column":0},"end":{"line":147,"column":69}},"147":{"start":{"line":148,"column":0},"end":{"line":148,"column":51}},"148":{"start":{"line":149,"column":0},"end":{"line":149,"column":65}},"149":{"start":{"line":150,"column":0},"end":{"line":150,"column":47}},"150":{"start":{"line":151,"column":0},"end":{"line":151,"column":36}},"151":{"start":{"line":152,"column":0},"end":{"line":152,"column":40}},"152":{"start":{"line":153,"column":0},"end":{"line":153,"column":49}},"153":{"start":{"line":154,"column":0},"end":{"line":154,"column":94}},"155":{"start":{"line":156,"column":0},"end":{"line":156,"column":45}},"156":{"start":{"line":157,"column":0},"end":{"line":157,"column":98}},"158":{"start":{"line":159,"column":0},"end":{"line":159,"column":27}},"159":{"start":{"line":160,"column":0},"end":{"line":160,"column":30}},"160":{"start":{"line":161,"column":0},"end":{"line":161,"column":29}},"161":{"start":{"line":162,"column":0},"end":{"line":162,"column":38}},"163":{"start":{"line":164,"column":0},"end":{"line":164,"column":78}},"164":{"start":{"line":165,"column":0},"end":{"line":165,"column":1}},"172":{"start":{"line":173,"column":0},"end":{"line":173,"column":65}},"173":{"start":{"line":174,"column":0},"end":{"line":174,"column":24}},"174":{"start":{"line":175,"column":0},"end":{"line":175,"column":47}},"175":{"start":{"line":176,"column":0},"end":{"line":176,"column":116}},"176":{"start":{"line":177,"column":0},"end":{"line":177,"column":1}},"179":{"start":{"line":180,"column":0},"end":{"line":180,"column":17}},"180":{"start":{"line":181,"column":0},"end":{"line":181,"column":30}},"181":{"start":{"line":182,"column":0},"end":{"line":182,"column":17}},"187":{"start":{"line":188,"column":0},"end":{"line":188,"column":38}},"188":{"start":{"line":189,"column":0},"end":{"line":189,"column":15}},"189":{"start":{"line":190,"column":0},"end":{"line":190,"column":56}},"190":{"start":{"line":191,"column":0},"end":{"line":191,"column":11}},"191":{"start":{"line":192,"column":0},"end":{"line":192,"column":3}},"192":{"start":{"line":193,"column":0},"end":{"line":193,"column":14}},"193":{"start":{"line":194,"column":0},"end":{"line":194,"column":60}},"194":{"start":{"line":195,"column":0},"end":{"line":195,"column":11}},"195":{"start":{"line":196,"column":0},"end":{"line":196,"column":3}},"197":{"start":{"line":198,"column":0},"end":{"line":198,"column":38}},"198":{"start":{"line":199,"column":0},"end":{"line":199,"column":21}},"199":{"start":{"line":200,"column":0},"end":{"line":200,"column":22}},"200":{"start":{"line":201,"column":0},"end":{"line":201,"column":1}},"206":{"start":{"line":207,"column":0},"end":{"line":207,"column":37}},"207":{"start":{"line":208,"column":0},"end":{"line":208,"column":14}},"208":{"start":{"line":209,"column":0},"end":{"line":209,"column":11}},"209":{"start":{"line":210,"column":0},"end":{"line":210,"column":3}},"212":{"start":{"line":213,"column":0},"end":{"line":213,"column":28}},"213":{"start":{"line":214,"column":0},"end":{"line":214,"column":38}},"215":{"start":{"line":216,"column":0},"end":{"line":216,"column":51}},"216":{"start":{"line":217,"column":0},"end":{"line":217,"column":15}},"217":{"start":{"line":218,"column":0},"end":{"line":218,"column":28}},"218":{"start":{"line":219,"column":0},"end":{"line":219,"column":3}},"219":{"start":{"line":220,"column":0},"end":{"line":220,"column":1}},"224":{"start":{"line":225,"column":0},"end":{"line":225,"column":37}},"225":{"start":{"line":226,"column":0},"end":{"line":226,"column":27}},"226":{"start":{"line":227,"column":0},"end":{"line":227,"column":33}},"227":{"start":{"line":228,"column":0},"end":{"line":228,"column":52}},"228":{"start":{"line":229,"column":0},"end":{"line":229,"column":12}},"229":{"start":{"line":230,"column":0},"end":{"line":230,"column":44}},"230":{"start":{"line":231,"column":0},"end":{"line":231,"column":5}},"231":{"start":{"line":232,"column":0},"end":{"line":232,"column":10}},"232":{"start":{"line":233,"column":0},"end":{"line":233,"column":43}},"233":{"start":{"line":234,"column":0},"end":{"line":234,"column":3}},"234":{"start":{"line":235,"column":0},"end":{"line":235,"column":1}},"239":{"start":{"line":240,"column":0},"end":{"line":240,"column":46}},"240":{"start":{"line":241,"column":0},"end":{"line":241,"column":28}},"241":{"start":{"line":242,"column":0},"end":{"line":242,"column":23}},"242":{"start":{"line":243,"column":0},"end":{"line":243,"column":3}},"243":{"start":{"line":244,"column":0},"end":{"line":244,"column":27}},"244":{"start":{"line":245,"column":0},"end":{"line":245,"column":39}},"245":{"start":{"line":246,"column":0},"end":{"line":246,"column":3}},"246":{"start":{"line":247,"column":0},"end":{"line":247,"column":14}},"247":{"start":{"line":248,"column":0},"end":{"line":248,"column":47}},"250":{"start":{"line":251,"column":0},"end":{"line":251,"column":29}},"251":{"start":{"line":252,"column":0},"end":{"line":252,"column":24}},"252":{"start":{"line":253,"column":0},"end":{"line":253,"column":43}},"253":{"start":{"line":254,"column":0},"end":{"line":254,"column":14}},"254":{"start":{"line":255,"column":0},"end":{"line":255,"column":5}},"255":{"start":{"line":256,"column":0},"end":{"line":256,"column":3}},"256":{"start":{"line":257,"column":0},"end":{"line":257,"column":1}},"261":{"start":{"line":262,"column":0},"end":{"line":262,"column":41}},"263":{"start":{"line":264,"column":0},"end":{"line":264,"column":56}},"264":{"start":{"line":265,"column":0},"end":{"line":265,"column":22}},"265":{"start":{"line":266,"column":0},"end":{"line":266,"column":67}},"266":{"start":{"line":267,"column":0},"end":{"line":267,"column":11}},"267":{"start":{"line":268,"column":0},"end":{"line":268,"column":3}},"269":{"start":{"line":270,"column":0},"end":{"line":270,"column":56}},"272":{"start":{"line":273,"column":0},"end":{"line":273,"column":38}},"273":{"start":{"line":274,"column":0},"end":{"line":274,"column":38}},"274":{"start":{"line":275,"column":0},"end":{"line":275,"column":18}},"275":{"start":{"line":276,"column":0},"end":{"line":276,"column":5}},"276":{"start":{"line":277,"column":0},"end":{"line":277,"column":17}},"277":{"start":{"line":278,"column":0},"end":{"line":278,"column":3}},"279":{"start":{"line":280,"column":0},"end":{"line":280,"column":62}},"280":{"start":{"line":281,"column":0},"end":{"line":281,"column":9}},"281":{"start":{"line":282,"column":0},"end":{"line":282,"column":14}},"282":{"start":{"line":283,"column":0},"end":{"line":283,"column":20}},"283":{"start":{"line":284,"column":0},"end":{"line":284,"column":6}},"285":{"start":{"line":286,"column":0},"end":{"line":286,"column":80}},"287":{"start":{"line":288,"column":0},"end":{"line":288,"column":91}},"289":{"start":{"line":290,"column":0},"end":{"line":290,"column":28}},"290":{"start":{"line":291,"column":0},"end":{"line":291,"column":48}},"291":{"start":{"line":292,"column":0},"end":{"line":292,"column":3}},"294":{"start":{"line":295,"column":0},"end":{"line":295,"column":42}},"295":{"start":{"line":296,"column":0},"end":{"line":296,"column":77}},"298":{"start":{"line":299,"column":0},"end":{"line":299,"column":68}},"299":{"start":{"line":300,"column":0},"end":{"line":300,"column":22}},"300":{"start":{"line":301,"column":0},"end":{"line":301,"column":33}},"301":{"start":{"line":302,"column":0},"end":{"line":302,"column":39}},"302":{"start":{"line":303,"column":0},"end":{"line":303,"column":5}},"305":{"start":{"line":306,"column":0},"end":{"line":306,"column":68}},"306":{"start":{"line":307,"column":0},"end":{"line":307,"column":24}},"307":{"start":{"line":308,"column":0},"end":{"line":308,"column":53}},"308":{"start":{"line":309,"column":0},"end":{"line":309,"column":62}},"309":{"start":{"line":310,"column":0},"end":{"line":310,"column":9}},"310":{"start":{"line":311,"column":0},"end":{"line":311,"column":5}},"312":{"start":{"line":313,"column":0},"end":{"line":313,"column":64}},"313":{"start":{"line":314,"column":0},"end":{"line":314,"column":22}},"314":{"start":{"line":315,"column":0},"end":{"line":315,"column":51}},"315":{"start":{"line":316,"column":0},"end":{"line":316,"column":38}},"316":{"start":{"line":317,"column":0},"end":{"line":317,"column":56}},"317":{"start":{"line":318,"column":0},"end":{"line":318,"column":9}},"318":{"start":{"line":319,"column":0},"end":{"line":319,"column":9}},"319":{"start":{"line":320,"column":0},"end":{"line":320,"column":5}},"321":{"start":{"line":322,"column":0},"end":{"line":322,"column":72}},"322":{"start":{"line":323,"column":0},"end":{"line":323,"column":26}},"323":{"start":{"line":324,"column":0},"end":{"line":324,"column":55}},"324":{"start":{"line":325,"column":0},"end":{"line":325,"column":64}},"325":{"start":{"line":326,"column":0},"end":{"line":326,"column":9}},"326":{"start":{"line":327,"column":0},"end":{"line":327,"column":5}},"328":{"start":{"line":329,"column":0},"end":{"line":329,"column":11}},"329":{"start":{"line":330,"column":0},"end":{"line":330,"column":3}},"331":{"start":{"line":332,"column":0},"end":{"line":332,"column":56}},"332":{"start":{"line":333,"column":0},"end":{"line":333,"column":41}},"333":{"start":{"line":334,"column":0},"end":{"line":334,"column":20}},"334":{"start":{"line":335,"column":0},"end":{"line":335,"column":29}},"335":{"start":{"line":336,"column":0},"end":{"line":336,"column":42}},"336":{"start":{"line":337,"column":0},"end":{"line":337,"column":56}},"337":{"start":{"line":338,"column":0},"end":{"line":338,"column":38}},"339":{"start":{"line":340,"column":0},"end":{"line":340,"column":38}},"340":{"start":{"line":341,"column":0},"end":{"line":341,"column":6}},"341":{"start":{"line":342,"column":0},"end":{"line":342,"column":33}},"343":{"start":{"line":344,"column":0},"end":{"line":344,"column":37}},"344":{"start":{"line":345,"column":0},"end":{"line":345,"column":70}},"345":{"start":{"line":346,"column":0},"end":{"line":346,"column":33}},"347":{"start":{"line":348,"column":0},"end":{"line":348,"column":29}},"348":{"start":{"line":349,"column":0},"end":{"line":349,"column":7}},"349":{"start":{"line":350,"column":0},"end":{"line":350,"column":49}},"352":{"start":{"line":353,"column":0},"end":{"line":353,"column":24}},"353":{"start":{"line":354,"column":0},"end":{"line":354,"column":29}},"354":{"start":{"line":355,"column":0},"end":{"line":355,"column":14}},"355":{"start":{"line":356,"column":0},"end":{"line":356,"column":7}},"357":{"start":{"line":358,"column":0},"end":{"line":358,"column":66}},"358":{"start":{"line":359,"column":0},"end":{"line":359,"column":20}},"359":{"start":{"line":360,"column":0},"end":{"line":360,"column":32}},"360":{"start":{"line":361,"column":0},"end":{"line":361,"column":10}},"361":{"start":{"line":362,"column":0},"end":{"line":362,"column":57}},"362":{"start":{"line":363,"column":0},"end":{"line":363,"column":3}},"365":{"start":{"line":366,"column":0},"end":{"line":366,"column":66}},"366":{"start":{"line":367,"column":0},"end":{"line":367,"column":22}},"367":{"start":{"line":368,"column":0},"end":{"line":368,"column":51}},"368":{"start":{"line":369,"column":0},"end":{"line":369,"column":31}},"369":{"start":{"line":370,"column":0},"end":{"line":370,"column":43}},"370":{"start":{"line":371,"column":0},"end":{"line":371,"column":14}},"371":{"start":{"line":372,"column":0},"end":{"line":372,"column":56}},"372":{"start":{"line":373,"column":0},"end":{"line":373,"column":7}},"373":{"start":{"line":374,"column":0},"end":{"line":374,"column":7}},"374":{"start":{"line":375,"column":0},"end":{"line":375,"column":10}},"375":{"start":{"line":376,"column":0},"end":{"line":376,"column":52}},"376":{"start":{"line":377,"column":0},"end":{"line":377,"column":3}},"379":{"start":{"line":380,"column":0},"end":{"line":380,"column":62}},"380":{"start":{"line":381,"column":0},"end":{"line":381,"column":20}},"381":{"start":{"line":382,"column":0},"end":{"line":382,"column":61}},"382":{"start":{"line":383,"column":0},"end":{"line":383,"column":3}},"385":{"start":{"line":386,"column":0},"end":{"line":386,"column":70}},"386":{"start":{"line":387,"column":0},"end":{"line":387,"column":24}},"387":{"start":{"line":388,"column":0},"end":{"line":388,"column":74}},"388":{"start":{"line":389,"column":0},"end":{"line":389,"column":3}},"389":{"start":{"line":390,"column":0},"end":{"line":390,"column":1}},"398":{"start":{"line":399,"column":0},"end":{"line":399,"column":36}},"399":{"start":{"line":400,"column":0},"end":{"line":400,"column":43}},"400":{"start":{"line":401,"column":0},"end":{"line":401,"column":1}}},"s":{"5":1,"7":1,"36":1,"37":2,"38":0,"39":0,"40":0,"43":2,"44":1,"45":1,"49":1,"50":1,"52":1,"53":1,"61":1,"63":10,"64":10,"65":10,"66":10,"69":0,"70":0,"72":0,"73":0,"80":1,"82":2,"85":2,"87":5,"88":5,"91":5,"94":5,"96":6,"97":6,"98":6,"99":6,"100":6,"103":5,"105":5,"106":1,"107":1,"108":5,"110":2,"111":2,"118":1,"119":1,"122":1,"123":1,"124":0,"125":0,"127":1,"129":1,"132":1,"134":1,"135":1,"136":1,"137":1,"138":1,"146":1,"147":1,"148":1,"149":1,"150":1,"151":1,"152":1,"153":1,"155":1,"156":1,"158":1,"159":1,"160":1,"161":1,"163":1,"164":1,"172":1,"173":0,"174":0,"175":0,"176":0,"179":1,"180":1,"181":1,"187":1,"188":0,"189":0,"190":0,"191":0,"192":0,"193":0,"194":0,"195":0,"197":0,"198":0,"199":0,"200":0,"206":1,"207":3,"208":0,"209":0,"212":3,"213":3,"215":3,"216":3,"217":3,"218":3,"219":3,"224":1,"225":1,"226":1,"227":1,"228":1,"229":0,"230":0,"231":1,"232":0,"233":0,"234":1,"239":1,"240":0,"241":0,"242":0,"243":0,"244":0,"245":0,"246":0,"247":0,"250":0,"251":0,"252":0,"253":0,"254":0,"255":0,"256":0,"261":2,"263":2,"264":2,"265":1,"266":1,"267":1,"269":1,"272":1,"273":0,"274":0,"275":0,"276":0,"277":0,"279":1,"280":4,"281":4,"282":4,"283":1,"285":2,"287":2,"289":2,"290":4,"291":4,"294":1,"295":1,"298":1,"299":1,"300":1,"301":1,"302":1,"305":1,"306":1,"307":1,"308":0,"309":1,"310":1,"312":1,"313":1,"314":1,"315":0,"316":0,"317":0,"318":1,"319":1,"321":1,"322":1,"323":1,"324":0,"325":1,"326":1,"328":1,"329":1,"331":0,"332":0,"333":0,"334":0,"335":0,"336":0,"337":0,"339":0,"340":0,"341":0,"343":0,"344":0,"345":0,"347":0,"348":0,"349":0,"352":0,"353":0,"354":0,"355":0,"357":0,"358":0,"359":0,"360":0,"361":0,"362":0,"365":0,"366":0,"367":0,"368":0,"369":0,"370":0,"371":0,"372":0,"373":0,"374":0,"375":0,"376":0,"379":0,"380":0,"381":0,"382":0,"385":0,"386":0,"387":0,"388":0,"389":2,"398":1,"399":1,"400":1},"branchMap":{"0":{"type":"branch","line":37,"loc":{"start":{"line":37,"column":7},"end":{"line":54,"column":1}},"locations":[{"start":{"line":37,"column":7},"end":{"line":54,"column":1}}]},"1":{"type":"branch","line":38,"loc":{"start":{"line":38,"column":31},"end":{"line":41,"column":3}},"locations":[{"start":{"line":38,"column":31},"end":{"line":41,"column":3}}]},"2":{"type":"branch","line":44,"loc":{"start":{"line":44,"column":45},"end":{"line":54,"column":1}},"locations":[{"start":{"line":44,"column":45},"end":{"line":54,"column":1}}]},"3":{"type":"branch","line":44,"loc":{"start":{"line":44,"column":16},"end":{"line":44,"column":28}},"locations":[{"start":{"line":44,"column":16},"end":{"line":44,"column":28}}]},"4":{"type":"branch","line":51,"loc":{"start":{"line":51,"column":39},"end":{"line":51,"column":89}},"locations":[{"start":{"line":51,"column":39},"end":{"line":51,"column":89}}]},"5":{"type":"branch","line":62,"loc":{"start":{"line":62,"column":7},"end":{"line":74,"column":1}},"locations":[{"start":{"line":62,"column":7},"end":{"line":74,"column":1}}]},"6":{"type":"branch","line":67,"loc":{"start":{"line":67,"column":2},"end":{"line":74,"column":1}},"locations":[{"start":{"line":67,"column":2},"end":{"line":74,"column":1}}]},"7":{"type":"branch","line":64,"loc":{"start":{"line":64,"column":34},"end":{"line":64,"column":54}},"locations":[{"start":{"line":64,"column":34},"end":{"line":64,"column":54}}]},"8":{"type":"branch","line":81,"loc":{"start":{"line":81,"column":7},"end":{"line":112,"column":1}},"locations":[{"start":{"line":81,"column":7},"end":{"line":112,"column":1}}]},"9":{"type":"branch","line":86,"loc":{"start":{"line":86,"column":28},"end":{"line":109,"column":3}},"locations":[{"start":{"line":86,"column":28},"end":{"line":109,"column":3}}]},"10":{"type":"branch","line":88,"loc":{"start":{"line":88,"column":31},"end":{"line":88,"column":52}},"locations":[{"start":{"line":88,"column":31},"end":{"line":88,"column":52}}]},"11":{"type":"branch","line":89,"loc":{"start":{"line":89,"column":31},"end":{"line":89,"column":52}},"locations":[{"start":{"line":89,"column":31},"end":{"line":89,"column":52}}]},"12":{"type":"branch","line":95,"loc":{"start":{"line":95,"column":43},"end":{"line":101,"column":5}},"locations":[{"start":{"line":95,"column":43},"end":{"line":101,"column":5}}]},"13":{"type":"branch","line":106,"loc":{"start":{"line":106,"column":29},"end":{"line":106,"column":58}},"locations":[{"start":{"line":106,"column":29},"end":{"line":106,"column":58}}]},"14":{"type":"branch","line":106,"loc":{"start":{"line":106,"column":58},"end":{"line":108,"column":5}},"locations":[{"start":{"line":106,"column":58},"end":{"line":108,"column":5}}]},"15":{"type":"branch","line":104,"loc":{"start":{"line":104,"column":35},"end":{"line":104,"column":65}},"locations":[{"start":{"line":104,"column":35},"end":{"line":104,"column":65}}]},"16":{"type":"branch","line":119,"loc":{"start":{"line":119,"column":7},"end":{"line":139,"column":1}},"locations":[{"start":{"line":119,"column":7},"end":{"line":139,"column":1}}]},"17":{"type":"branch","line":124,"loc":{"start":{"line":124,"column":19},"end":{"line":126,"column":3}},"locations":[{"start":{"line":124,"column":19},"end":{"line":126,"column":3}}]},"18":{"type":"branch","line":120,"loc":{"start":{"line":120,"column":37},"end":{"line":120,"column":60}},"locations":[{"start":{"line":120,"column":37},"end":{"line":120,"column":60}}]},"19":{"type":"branch","line":123,"loc":{"start":{"line":123,"column":32},"end":{"line":123,"column":58}},"locations":[{"start":{"line":123,"column":32},"end":{"line":123,"column":58}}]},"20":{"type":"branch","line":130,"loc":{"start":{"line":130,"column":48},"end":{"line":130,"column":84}},"locations":[{"start":{"line":130,"column":48},"end":{"line":130,"column":84}}]},"21":{"type":"branch","line":130,"loc":{"start":{"line":130,"column":93},"end":{"line":130,"column":107}},"locations":[{"start":{"line":130,"column":93},"end":{"line":130,"column":107}}]},"22":{"type":"branch","line":147,"loc":{"start":{"line":147,"column":7},"end":{"line":165,"column":1}},"locations":[{"start":{"line":147,"column":7},"end":{"line":165,"column":1}}]},"23":{"type":"branch","line":149,"loc":{"start":{"line":149,"column":28},"end":{"line":149,"column":45}},"locations":[{"start":{"line":149,"column":28},"end":{"line":149,"column":45}}]},"24":{"type":"branch","line":154,"loc":{"start":{"line":154,"column":51},"end":{"line":154,"column":76}},"locations":[{"start":{"line":154,"column":51},"end":{"line":154,"column":76}}]},"25":{"type":"branch","line":207,"loc":{"start":{"line":207,"column":7},"end":{"line":220,"column":1}},"locations":[{"start":{"line":207,"column":7},"end":{"line":220,"column":1}}]},"26":{"type":"branch","line":208,"loc":{"start":{"line":208,"column":13},"end":{"line":210,"column":3}},"locations":[{"start":{"line":208,"column":13},"end":{"line":210,"column":3}}]},"27":{"type":"branch","line":225,"loc":{"start":{"line":225,"column":7},"end":{"line":235,"column":1}},"locations":[{"start":{"line":225,"column":7},"end":{"line":235,"column":1}}]},"28":{"type":"branch","line":229,"loc":{"start":{"line":229,"column":4},"end":{"line":231,"column":5}},"locations":[{"start":{"line":229,"column":4},"end":{"line":231,"column":5}}]},"29":{"type":"branch","line":232,"loc":{"start":{"line":232,"column":2},"end":{"line":234,"column":3}},"locations":[{"start":{"line":232,"column":2},"end":{"line":234,"column":3}}]},"30":{"type":"branch","line":262,"loc":{"start":{"line":262,"column":0},"end":{"line":390,"column":1}},"locations":[{"start":{"line":262,"column":0},"end":{"line":390,"column":1}}]},"31":{"type":"branch","line":265,"loc":{"start":{"line":265,"column":21},"end":{"line":286,"column":75}},"locations":[{"start":{"line":265,"column":21},"end":{"line":286,"column":75}}]},"32":{"type":"branch","line":286,"loc":{"start":{"line":286,"column":71},"end":{"line":286,"column":77}},"locations":[{"start":{"line":286,"column":71},"end":{"line":286,"column":77}}]},"33":{"type":"branch","line":288,"loc":{"start":{"line":288,"column":70},"end":{"line":288,"column":81}},"locations":[{"start":{"line":288,"column":70},"end":{"line":288,"column":81}}]},"34":{"type":"branch","line":288,"loc":{"start":{"line":288,"column":74},"end":{"line":288,"column":91}},"locations":[{"start":{"line":288,"column":74},"end":{"line":288,"column":91}}]},"35":{"type":"branch","line":290,"loc":{"start":{"line":290,"column":27},"end":{"line":292,"column":3}},"locations":[{"start":{"line":290,"column":27},"end":{"line":292,"column":3}}]},"36":{"type":"branch","line":292,"loc":{"start":{"line":292,"column":2},"end":{"line":330,"column":3}},"locations":[{"start":{"line":292,"column":2},"end":{"line":330,"column":3}}]},"37":{"type":"branch","line":330,"loc":{"start":{"line":330,"column":2},"end":{"line":389,"column":3}},"locations":[{"start":{"line":330,"column":2},"end":{"line":389,"column":3}}]},"38":{"type":"branch","line":280,"loc":{"start":{"line":280,"column":53},"end":{"line":284,"column":4}},"locations":[{"start":{"line":280,"column":53},"end":{"line":284,"column":4}}]},"39":{"type":"branch","line":288,"loc":{"start":{"line":288,"column":43},"end":{"line":288,"column":55}},"locations":[{"start":{"line":288,"column":43},"end":{"line":288,"column":55}}]}},"b":{"0":[2],"1":[0],"2":[1],"3":[8],"4":[4],"5":[10],"6":[0],"7":[40],"8":[2],"9":[5],"10":[0],"11":[0],"12":[6],"13":[1],"14":[1],"15":[15],"16":[1],"17":[0],"18":[4],"19":[4],"20":[2],"21":[2],"22":[1],"23":[0],"24":[2],"25":[3],"26":[0],"27":[1],"28":[0],"29":[0],"30":[2],"31":[1],"32":[0],"33":[1],"34":[0],"35":[4],"36":[1],"37":[0],"38":[4],"39":[4]},"fnMap":{"0":{"name":"is_valid_url","decl":{"start":{"line":37,"column":7},"end":{"line":54,"column":1}},"loc":{"start":{"line":37,"column":7},"end":{"line":54,"column":1}},"line":37},"1":{"name":"node_for_url","decl":{"start":{"line":62,"column":7},"end":{"line":74,"column":1}},"loc":{"start":{"line":62,"column":7},"end":{"line":74,"column":1}},"line":62},"2":{"name":"build_links","decl":{"start":{"line":81,"column":7},"end":{"line":112,"column":1}},"loc":{"start":{"line":81,"column":7},"end":{"line":112,"column":1}},"line":81},"3":{"name":"build_graph_data","decl":{"start":{"line":119,"column":7},"end":{"line":139,"column":1}},"loc":{"start":{"line":119,"column":7},"end":{"line":139,"column":1}},"line":119},"4":{"name":"TextLabelNodeCanvas","decl":{"start":{"line":147,"column":7},"end":{"line":165,"column":1}},"loc":{"start":{"line":147,"column":7},"end":{"line":165,"column":1}},"line":147},"5":{"name":"TextLabelNodePointerAreaPaint","decl":{"start":{"line":173,"column":7},"end":{"line":177,"column":1}},"loc":{"start":{"line":173,"column":7},"end":{"line":177,"column":1}},"line":173},"6":{"name":"center_on_node","decl":{"start":{"line":188,"column":7},"end":{"line":201,"column":1}},"loc":{"start":{"line":188,"column":7},"end":{"line":201,"column":1}},"line":188},"7":{"name":"update_detail","decl":{"start":{"line":207,"column":7},"end":{"line":220,"column":1}},"loc":{"start":{"line":207,"column":7},"end":{"line":220,"column":1}},"line":207},"8":{"name":"open_goto_control","decl":{"start":{"line":225,"column":7},"end":{"line":235,"column":1}},"loc":{"start":{"line":225,"column":7},"end":{"line":235,"column":1}},"line":225},"9":{"name":"collapse_all_except_active","decl":{"start":{"line":240,"column":7},"end":{"line":257,"column":1}},"loc":{"start":{"line":240,"column":7},"end":{"line":257,"column":1}},"line":240},"10":{"name":"initializeGraph","decl":{"start":{"line":262,"column":0},"end":{"line":390,"column":1}},"loc":{"start":{"line":262,"column":0},"end":{"line":390,"column":1}},"line":262},"11":{"name":"is_initial_expanded","decl":{"start":{"line":273,"column":2},"end":{"line":278,"column":3}},"loc":{"start":{"line":273,"column":2},"end":{"line":278,"column":3}},"line":273}},"f":{"0":2,"1":10,"2":2,"3":1,"4":1,"5":0,"6":0,"7":3,"8":1,"9":0,"10":2,"11":0}}
,"/home/runner/work/idvorkin.github.io/idvorkin.github.io/src/header-copy-link.ts": {"path":"/home/runner/work/idvorkin.github.io/idvorkin.github.io/src/header-copy-link.ts","all":false,"statementMap":{"17":{"start":{"line":18,"column":0},"end":{"line":18,"column":42}},"18":{"start":{"line":19,"column":0},"end":{"line":19,"column":32}},"19":{"start":{"line":20,"column":0},"end":{"line":20,"column":24}},"20":{"start":{"line":21,"column":0},"end":{"line":21,"column":18}},"21":{"start":{"line":22,"column":0},"end":{"line":22,"column":23}},"22":{"start":{"line":23,"column":0},"end":{"line":23,"column":38}},"23":{"start":{"line":24,"column":0},"end":{"line":24,"column":4}},"24":{"start":{"line":25,"column":0},"end":{"line":25,"column":2}},"29":{"start":{"line":30,"column":0},"end":{"line":30,"column":68}},"30":{"start":{"line":31,"column":0},"end":{"line":31,"column":46}},"31":{"start":{"line":32,"column":0},"end":{"line":32,"column":72}},"32":{"start":{"line":33,"column":0},"end":{"line":33,"column":36}},"33":{"start":{"line":34,"column":0},"end":{"line":34,"column":32}},"34":{"start":{"line":35,"column":0},"end":{"line":35,"column":35}},"35":{"start":{"line":36,"column":0},"end":{"line":36,"column":27}},"36":{"start":{"line":37,"column":0},"end":{"line":37,"column":46}},"37":{"start":{"line":38,"column":0},"end":{"line":38,"column":32}},"38":{"start":{"line":39,"column":0},"end":{"line":39,"column":33}},"41":{"start":{"line":42,"column":0},"end":{"line":42,"column":38}},"42":{"start":{"line":43,"column":0},"end":{"line":43,"column":37}},"43":{"start":{"line":44,"column":0},"end":{"line":44,"column":56}},"46":{"start":{"line":47,"column":0},"end":{"line":47,"column":200}},"54":{"start":{"line":55,"column":0},"end":{"line":55,"column":14}},"55":{"start":{"line":56,"column":0},"end":{"line":56,"column":1}},"60":{"start":{"line":61,"column":0},"end":{"line":61,"column":47}},"61":{"start":{"line":62,"column":0},"end":{"line":62,"column":46}},"62":{"start":{"line":63,"column":0},"end":{"line":63,"column":41}},"63":{"start":{"line":64,"column":0},"end":{"line":64,"column":54}},"64":{"start":{"line":65,"column":0},"end":{"line":65,"column":32}},"65":{"start":{"line":66,"column":0},"end":{"line":66,"column":35}},"66":{"start":{"line":67,"column":0},"end":{"line":67,"column":27}},"67":{"start":{"line":68,"column":0},"end":{"line":68,"column":46}},"68":{"start":{"line":69,"column":0},"end":{"line":69,"column":32}},"69":{"start":{"line":70,"column":0},"end":{"line":70,"column":33}},"72":{"start":{"line":73,"column":0},"end":{"line":73,"column":38}},"73":{"start":{"line":74,"column":0},"end":{"line":74,"column":37}},"74":{"start":{"line":75,"column":0},"end":{"line":75,"column":74}},"77":{"start":{"line":78,"column":0},"end":{"line":78,"column":28}},"78":{"start":{"line":79,"column":0},"end":{"line":79,"column":60}},"79":{"start":{"line":80,"column":0},"end":{"line":80,"column":60}},"80":{"start":{"line":81,"column":0},"end":{"line":81,"column":54}},"82":{"start":{"line":83,"column":0},"end":{"line":83,"column":52}},"83":{"start":{"line":84,"column":0},"end":{"line":84,"column":11}},"84":{"start":{"line":85,"column":0},"end":{"line":85,"column":65}},"85":{"start":{"line":86,"column":0},"end":{"line":86,"column":19}},"86":{"start":{"line":87,"column":0},"end":{"line":87,"column":59}},"87":{"start":{"line":88,"column":0},"end":{"line":88,"column":7}},"88":{"start":{"line":89,"column":0},"end":{"line":89,"column":6}},"91":{"start":{"line":92,"column":0},"end":{"line":92,"column":23}},"92":{"start":{"line":93,"column":0},"end":{"line":93,"column":47}},"93":{"start":{"line":94,"column":0},"end":{"line":94,"column":39}},"94":{"start":{"line":95,"column":0},"end":{"line":95,"column":29}},"95":{"start":{"line":96,"column":0},"end":{"line":96,"column":10}},"97":{"start":{"line":98,"column":0},"end":{"line":98,"column":28}},"98":{"start":{"line":99,"column":0},"end":{"line":99,"column":3}},"100":{"start":{"line":101,"column":0},"end":{"line":101,"column":14}},"101":{"start":{"line":102,"column":0},"end":{"line":102,"column":1}},"106":{"start":{"line":107,"column":0},"end":{"line":107,"column":78}},"107":{"start":{"line":108,"column":0},"end":{"line":108,"column":46}},"108":{"start":{"line":109,"column":0},"end":{"line":109,"column":41}},"109":{"start":{"line":110,"column":0},"end":{"line":110,"column":31}},"110":{"start":{"line":111,"column":0},"end":{"line":111,"column":46}},"113":{"start":{"line":114,"column":0},"end":{"line":114,"column":48}},"114":{"start":{"line":115,"column":0},"end":{"line":115,"column":51}},"117":{"start":{"line":118,"column":0},"end":{"line":118,"column":47}},"118":{"start":{"line":119,"column":0},"end":{"line":119,"column":49}},"120":{"start":{"line":121,"column":0},"end":{"line":121,"column":42}},"121":{"start":{"line":122,"column":0},"end":{"line":122,"column":66}},"123":{"start":{"line":124,"column":0},"end":{"line":124,"column":52}},"124":{"start":{"line":125,"column":0},"end":{"line":125,"column":50}},"125":{"start":{"line":126,"column":0},"end":{"line":126,"column":27}},"126":{"start":{"line":127,"column":0},"end":{"line":127,"column":29}},"128":{"start":{"line":129,"column":0},"end":{"line":129,"column":25}},"129":{"start":{"line":130,"column":0},"end":{"line":130,"column":31}},"132":{"start":{"line":133,"column":0},"end":{"line":133,"column":45}},"133":{"start":{"line":134,"column":0},"end":{"line":134,"column":45}},"136":{"start":{"line":137,"column":0},"end":{"line":137,"column":53}},"137":{"start":{"line":138,"column":0},"end":{"line":138,"column":60}},"138":{"start":{"line":139,"column":0},"end":{"line":139,"column":42}},"140":{"start":{"line":141,"column":0},"end":{"line":141,"column":53}},"141":{"start":{"line":142,"column":0},"end":{"line":142,"column":27}},"142":{"start":{"line":143,"column":0},"end":{"line":143,"column":44}},"143":{"start":{"line":144,"column":0},"end":{"line":144,"column":46}},"144":{"start":{"line":145,"column":0},"end":{"line":145,"column":55}},"147":{"start":{"line":148,"column":0},"end":{"line":148,"column":52}},"148":{"start":{"line":149,"column":0},"end":{"line":149,"column":61}},"149":{"start":{"line":150,"column":0},"end":{"line":150,"column":41}},"151":{"start":{"line":152,"column":0},"end":{"line":152,"column":58}},"152":{"start":{"line":153,"column":0},"end":{"line":153,"column":48}},"153":{"start":{"line":154,"column":0},"end":{"line":154,"column":50}},"154":{"start":{"line":155,"column":0},"end":{"line":155,"column":71}},"155":{"start":{"line":156,"column":0},"end":{"line":156,"column":24}},"158":{"start":{"line":159,"column":0},"end":{"line":159,"column":51}},"159":{"start":{"line":160,"column":0},"end":{"line":160,"column":54}},"161":{"start":{"line":162,"column":0},"end":{"line":162,"column":53}},"162":{"start":{"line":163,"column":0},"end":{"line":163,"column":46}},"163":{"start":{"line":164,"column":0},"end":{"line":164,"column":51}},"165":{"start":{"line":166,"column":0},"end":{"line":166,"column":53}},"166":{"start":{"line":167,"column":0},"end":{"line":167,"column":46}},"167":{"start":{"line":168,"column":0},"end":{"line":168,"column":35}},"169":{"start":{"line":170,"column":0},"end":{"line":170,"column":36}},"170":{"start":{"line":171,"column":0},"end":{"line":171,"column":36}},"173":{"start":{"line":174,"column":0},"end":{"line":174,"column":48}},"174":{"start":{"line":175,"column":0},"end":{"line":175,"column":48}},"175":{"start":{"line":176,"column":0},"end":{"line":176,"column":48}},"176":{"start":{"line":177,"column":0},"end":{"line":177,"column":75}},"177":{"start":{"line":178,"column":0},"end":{"line":178,"column":29}},"180":{"start":{"line":181,"column":0},"end":{"line":181,"column":31}},"181":{"start":{"line":182,"column":0},"end":{"line":182,"column":31}},"182":{"start":{"line":183,"column":0},"end":{"line":183,"column":30}},"183":{"start":{"line":184,"column":0},"end":{"line":184,"column":33}},"184":{"start":{"line":185,"column":0},"end":{"line":185,"column":31}},"185":{"start":{"line":186,"column":0},"end":{"line":186,"column":28}},"188":{"start":{"line":189,"column":0},"end":{"line":189,"column":30}},"189":{"start":{"line":190,"column":0},"end":{"line":190,"column":28}},"190":{"start":{"line":191,"column":0},"end":{"line":191,"column":29}},"192":{"start":{"line":193,"column":0},"end":{"line":193,"column":15}},"193":{"start":{"line":194,"column":0},"end":{"line":194,"column":1}},"198":{"start":{"line":199,"column":0},"end":{"line":199,"column":72}},"200":{"start":{"line":201,"column":0},"end":{"line":201,"column":65}},"201":{"start":{"line":202,"column":0},"end":{"line":202,"column":46}},"202":{"start":{"line":203,"column":0},"end":{"line":203,"column":5}},"205":{"start":{"line":206,"column":0},"end":{"line":206,"column":32}},"206":{"start":{"line":207,"column":0},"end":{"line":207,"column":36}},"207":{"start":{"line":208,"column":0},"end":{"line":208,"column":30}},"210":{"start":{"line":211,"column":0},"end":{"line":211,"column":46}},"211":{"start":{"line":212,"column":0},"end":{"line":212,"column":77}},"212":{"start":{"line":213,"column":0},"end":{"line":213,"column":79}},"214":{"start":{"line":215,"column":0},"end":{"line":215,"column":58}},"215":{"start":{"line":216,"column":0},"end":{"line":216,"column":53}},"218":{"start":{"line":219,"column":0},"end":{"line":219,"column":84}},"219":{"start":{"line":220,"column":0},"end":{"line":220,"column":19}},"220":{"start":{"line":221,"column":0},"end":{"line":221,"column":23}},"221":{"start":{"line":222,"column":0},"end":{"line":222,"column":3}},"222":{"start":{"line":223,"column":0},"end":{"line":223,"column":1}},"227":{"start":{"line":228,"column":0},"end":{"line":228,"column":51}},"228":{"start":{"line":229,"column":0},"end":{"line":229,"column":31}},"230":{"start":{"line":231,"column":0},"end":{"line":231,"column":87}},"231":{"start":{"line":232,"column":0},"end":{"line":232,"column":17}},"232":{"start":{"line":233,"column":0},"end":{"line":233,"column":24}},"233":{"start":{"line":234,"column":0},"end":{"line":234,"column":3}},"234":{"start":{"line":235,"column":0},"end":{"line":235,"column":1}},"239":{"start":{"line":240,"column":0},"end":{"line":240,"column":73}},"241":{"start":{"line":242,"column":0},"end":{"line":242,"column":66}},"242":{"start":{"line":243,"column":0},"end":{"line":243,"column":73}},"243":{"start":{"line":244,"column":0},"end":{"line":244,"column":26}},"244":{"start":{"line":245,"column":0},"end":{"line":245,"column":31}},"245":{"start":{"line":246,"column":0},"end":{"line":246,"column":5}},"246":{"start":{"line":247,"column":0},"end":{"line":247,"column":3}},"248":{"start":{"line":249,"column":0},"end":{"line":249,"column":49}},"249":{"start":{"line":250,"column":0},"end":{"line":250,"column":42}},"250":{"start":{"line":251,"column":0},"end":{"line":251,"column":34}},"251":{"start":{"line":252,"column":0},"end":{"line":252,"column":38}},"252":{"start":{"line":253,"column":0},"end":{"line":253,"column":41}},"253":{"start":{"line":254,"column":0},"end":{"line":254,"column":32}},"254":{"start":{"line":255,"column":0},"end":{"line":255,"column":36}},"255":{"start":{"line":256,"column":0},"end":{"line":256,"column":37}},"256":{"start":{"line":257,"column":0},"end":{"line":257,"column":34}},"257":{"start":{"line":258,"column":0},"end":{"line":258,"column":32}},"258":{"start":{"line":259,"column":0},"end":{"line":259,"column":36}},"259":{"start":{"line":260,"column":0},"end":{"line":260,"column":35}},"261":{"start":{"line":262,"column":0},"end":{"line":262,"column":46}},"263":{"start":{"line":264,"column":0},"end":{"line":264,"column":20}},"264":{"start":{"line":265,"column":0},"end":{"line":265,"column":21}},"265":{"start":{"line":266,"column":0},"end":{"line":266,"column":15}},"266":{"start":{"line":267,"column":0},"end":{"line":267,"column":1}},"271":{"start":{"line":272,"column":0},"end":{"line":272,"column":70}},"272":{"start":{"line":273,"column":0},"end":{"line":273,"column":27}},"275":{"start":{"line":276,"column":0},"end":{"line":276,"column":92}},"278":{"start":{"line":279,"column":0},"end":{"line":279,"column":30}},"279":{"start":{"line":280,"column":0},"end":{"line":280,"column":98}},"280":{"start":{"line":281,"column":0},"end":{"line":281,"column":3}},"283":{"start":{"line":284,"column":0},"end":{"line":284,"column":41}},"284":{"start":{"line":285,"column":0},"end":{"line":285,"column":88}},"285":{"start":{"line":286,"column":0},"end":{"line":286,"column":46}},"288":{"start":{"line":289,"column":0},"end":{"line":289,"column":53}},"289":{"start":{"line":290,"column":0},"end":{"line":290,"column":1}},"294":{"start":{"line":295,"column":0},"end":{"line":295,"column":100}},"295":{"start":{"line":296,"column":0},"end":{"line":296,"column":7}},"297":{"start":{"line":298,"column":0},"end":{"line":298,"column":44}},"298":{"start":{"line":299,"column":0},"end":{"line":299,"column":47}},"299":{"start":{"line":300,"column":0},"end":{"line":300,"column":49}},"300":{"start":{"line":301,"column":0},"end":{"line":301,"column":36}},"303":{"start":{"line":304,"column":0},"end":{"line":304,"column":60}},"304":{"start":{"line":305,"column":0},"end":{"line":305,"column":96}},"307":{"start":{"line":308,"column":0},"end":{"line":308,"column":53}},"309":{"start":{"line":310,"column":0},"end":{"line":310,"column":32}},"310":{"start":{"line":311,"column":0},"end":{"line":311,"column":35}},"311":{"start":{"line":312,"column":0},"end":{"line":312,"column":57}},"312":{"start":{"line":313,"column":0},"end":{"line":313,"column":46}},"313":{"start":{"line":314,"column":0},"end":{"line":314,"column":18}},"314":{"start":{"line":315,"column":0},"end":{"line":315,"column":21}},"315":{"start":{"line":316,"column":0},"end":{"line":316,"column":53}},"318":{"start":{"line":319,"column":0},"end":{"line":319,"column":49}},"321":{"start":{"line":322,"column":0},"end":{"line":322,"column":46}},"322":{"start":{"line":323,"column":0},"end":{"line":323,"column":22}},"323":{"start":{"line":324,"column":0},"end":{"line":324,"column":62}},"324":{"start":{"line":325,"column":0},"end":{"line":325,"column":5}},"327":{"start":{"line":328,"column":0},"end":{"line":328,"column":88}},"328":{"start":{"line":329,"column":0},"end":{"line":329,"column":11}},"329":{"start":{"line":330,"column":0},"end":{"line":330,"column":31}},"330":{"start":{"line":331,"column":0},"end":{"line":331,"column":28}},"331":{"start":{"line":332,"column":0},"end":{"line":332,"column":26}},"332":{"start":{"line":333,"column":0},"end":{"line":333,"column":22}},"333":{"start":{"line":334,"column":0},"end":{"line":334,"column":11}},"334":{"start":{"line":335,"column":0},"end":{"line":335,"column":62}},"335":{"start":{"line":336,"column":0},"end":{"line":336,"column":54}},"336":{"start":{"line":337,"column":0},"end":{"line":337,"column":28}},"338":{"start":{"line":339,"column":0},"end":{"line":339,"column":88}},"339":{"start":{"line":340,"column":0},"end":{"line":340,"column":7}},"340":{"start":{"line":341,"column":0},"end":{"line":341,"column":5}},"343":{"start":{"line":344,"column":0},"end":{"line":344,"column":32}},"344":{"start":{"line":345,"column":0},"end":{"line":345,"column":22}},"346":{"start":{"line":347,"column":0},"end":{"line":347,"column":80}},"347":{"start":{"line":348,"column":0},"end":{"line":348,"column":5}},"350":{"start":{"line":351,"column":0},"end":{"line":351,"column":55}},"351":{"start":{"line":352,"column":0},"end":{"line":352,"column":94}},"352":{"start":{"line":353,"column":0},"end":{"line":353,"column":61}},"354":{"start":{"line":355,"column":0},"end":{"line":355,"column":19}},"355":{"start":{"line":356,"column":0},"end":{"line":356,"column":62}},"358":{"start":{"line":359,"column":0},"end":{"line":359,"column":9}},"359":{"start":{"line":360,"column":0},"end":{"line":360,"column":46}},"360":{"start":{"line":361,"column":0},"end":{"line":361,"column":49}},"361":{"start":{"line":362,"column":0},"end":{"line":362,"column":51}},"362":{"start":{"line":363,"column":0},"end":{"line":363,"column":38}},"364":{"start":{"line":365,"column":0},"end":{"line":365,"column":62}},"365":{"start":{"line":366,"column":0},"end":{"line":366,"column":98}},"368":{"start":{"line":369,"column":0},"end":{"line":369,"column":55}},"370":{"start":{"line":371,"column":0},"end":{"line":371,"column":34}},"371":{"start":{"line":372,"column":0},"end":{"line":372,"column":37}},"372":{"start":{"line":373,"column":0},"end":{"line":373,"column":59}},"373":{"start":{"line":374,"column":0},"end":{"line":374,"column":48}},"374":{"start":{"line":375,"column":0},"end":{"line":375,"column":20}},"375":{"start":{"line":376,"column":0},"end":{"line":376,"column":23}},"376":{"start":{"line":377,"column":0},"end":{"line":377,"column":51}},"378":{"start":{"line":379,"column":0},"end":{"line":379,"column":34}},"379":{"start":{"line":380,"column":0},"end":{"line":380,"column":24}},"380":{"start":{"line":381,"column":0},"end":{"line":381,"column":82}},"381":{"start":{"line":382,"column":0},"end":{"line":382,"column":7}},"384":{"start":{"line":385,"column":0},"end":{"line":385,"column":58}},"385":{"start":{"line":386,"column":0},"end":{"line":386,"column":37}},"386":{"start":{"line":387,"column":0},"end":{"line":387,"column":42}},"387":{"start":{"line":388,"column":0},"end":{"line":388,"column":24}},"388":{"start":{"line":389,"column":0},"end":{"line":389,"column":35}},"389":{"start":{"line":390,"column":0},"end":{"line":390,"column":42}},"391":{"start":{"line":392,"column":0},"end":{"line":392,"column":94}},"392":{"start":{"line":393,"column":0},"end":{"line":393,"column":19}},"393":{"start":{"line":394,"column":0},"end":{"line":394,"column":29}},"394":{"start":{"line":395,"column":0},"end":{"line":395,"column":77}},"395":{"start":{"line":396,"column":0},"end":{"line":396,"column":26}},"396":{"start":{"line":397,"column":0},"end":{"line":397,"column":5}},"397":{"start":{"line":398,"column":0},"end":{"line":398,"column":3}},"398":{"start":{"line":399,"column":0},"end":{"line":399,"column":1}},"403":{"start":{"line":404,"column":0},"end":{"line":404,"column":59}},"404":{"start":{"line":405,"column":0},"end":{"line":405,"column":18}},"405":{"start":{"line":406,"column":0},"end":{"line":406,"column":21}},"406":{"start":{"line":407,"column":0},"end":{"line":407,"column":3}},"409":{"start":{"line":410,"column":0},"end":{"line":410,"column":40}},"410":{"start":{"line":411,"column":0},"end":{"line":411,"column":17}},"411":{"start":{"line":412,"column":0},"end":{"line":412,"column":18}},"412":{"start":{"line":413,"column":0},"end":{"line":413,"column":58}},"413":{"start":{"line":414,"column":0},"end":{"line":414,"column":56}},"414":{"start":{"line":415,"column":0},"end":{"line":415,"column":64}},"415":{"start":{"line":416,"column":0},"end":{"line":416,"column":62}},"418":{"start":{"line":419,"column":0},"end":{"line":419,"column":20}},"419":{"start":{"line":420,"column":0},"end":{"line":420,"column":18}},"420":{"start":{"line":421,"column":0},"end":{"line":421,"column":45}},"421":{"start":{"line":422,"column":0},"end":{"line":422,"column":34}},"422":{"start":{"line":423,"column":0},"end":{"line":423,"column":14}},"423":{"start":{"line":424,"column":0},"end":{"line":424,"column":3}},"425":{"start":{"line":426,"column":0},"end":{"line":426,"column":23}},"426":{"start":{"line":427,"column":0},"end":{"line":427,"column":18}},"427":{"start":{"line":428,"column":0},"end":{"line":428,"column":1}},"432":{"start":{"line":433,"column":0},"end":{"line":433,"column":68}},"433":{"start":{"line":434,"column":0},"end":{"line":434,"column":46}},"436":{"start":{"line":437,"column":0},"end":{"line":437,"column":23}},"438":{"start":{"line":439,"column":0},"end":{"line":439,"column":48}},"439":{"start":{"line":440,"column":0},"end":{"line":440,"column":12}},"440":{"start":{"line":441,"column":0},"end":{"line":441,"column":5}},"443":{"start":{"line":444,"column":0},"end":{"line":444,"column":38}},"444":{"start":{"line":445,"column":0},"end":{"line":445,"column":58}},"445":{"start":{"line":446,"column":0},"end":{"line":446,"column":28}},"447":{"start":{"line":448,"column":0},"end":{"line":448,"column":73}},"448":{"start":{"line":449,"column":0},"end":{"line":449,"column":7}},"449":{"start":{"line":450,"column":0},"end":{"line":450,"column":5}},"452":{"start":{"line":453,"column":0},"end":{"line":453,"column":71}},"453":{"start":{"line":454,"column":0},"end":{"line":454,"column":59}},"454":{"start":{"line":455,"column":0},"end":{"line":455,"column":37}},"455":{"start":{"line":456,"column":0},"end":{"line":456,"column":26}},"457":{"start":{"line":458,"column":0},"end":{"line":458,"column":47}},"459":{"start":{"line":460,"column":0},"end":{"line":460,"column":46}},"460":{"start":{"line":461,"column":0},"end":{"line":461,"column":62}},"461":{"start":{"line":462,"column":0},"end":{"line":462,"column":65}},"462":{"start":{"line":463,"column":0},"end":{"line":463,"column":64}},"463":{"start":{"line":464,"column":0},"end":{"line":464,"column":62}},"464":{"start":{"line":465,"column":0},"end":{"line":465,"column":55}},"465":{"start":{"line":466,"column":0},"end":{"line":466,"column":20}},"466":{"start":{"line":467,"column":0},"end":{"line":467,"column":18}},"468":{"start":{"line":469,"column":0},"end":{"line":469,"column":30}},"469":{"start":{"line":470,"column":0},"end":{"line":470,"column":38}},"470":{"start":{"line":471,"column":0},"end":{"line":471,"column":37}},"471":{"start":{"line":472,"column":0},"end":{"line":472,"column":70}},"472":{"start":{"line":473,"column":0},"end":{"line":473,"column":9}},"473":{"start":{"line":474,"column":0},"end":{"line":474,"column":7}},"475":{"start":{"line":476,"column":0},"end":{"line":476,"column":33}},"477":{"start":{"line":478,"column":0},"end":{"line":478,"column":50}},"478":{"start":{"line":479,"column":0},"end":{"line":479,"column":97}},"479":{"start":{"line":480,"column":0},"end":{"line":480,"column":7}},"480":{"start":{"line":481,"column":0},"end":{"line":481,"column":5}},"482":{"start":{"line":483,"column":0},"end":{"line":483,"column":49}},"483":{"start":{"line":484,"column":0},"end":{"line":484,"column":3}},"485":{"start":{"line":486,"column":0},"end":{"line":486,"column":12}},"486":{"start":{"line":487,"column":0},"end":{"line":487,"column":1}},"491":{"start":{"line":492,"column":0},"end":{"line":492,"column":62}},"492":{"start":{"line":493,"column":0},"end":{"line":493,"column":33}},"493":{"start":{"line":494,"column":0},"end":{"line":494,"column":16}},"494":{"start":{"line":495,"column":0},"end":{"line":495,"column":3}},"497":{"start":{"line":498,"column":0},"end":{"line":498,"column":49}},"498":{"start":{"line":499,"column":0},"end":{"line":499,"column":47}},"500":{"start":{"line":501,"column":0},"end":{"line":501,"column":22}},"501":{"start":{"line":502,"column":0},"end":{"line":502,"column":53}},"502":{"start":{"line":503,"column":0},"end":{"line":503,"column":3}},"504":{"start":{"line":505,"column":0},"end":{"line":505,"column":27}},"505":{"start":{"line":506,"column":0},"end":{"line":506,"column":1}},"510":{"start":{"line":511,"column":0},"end":{"line":511,"column":52}},"512":{"start":{"line":513,"column":0},"end":{"line":513,"column":17}},"513":{"start":{"line":514,"column":0},"end":{"line":514,"column":53}},"514":{"start":{"line":515,"column":0},"end":{"line":515,"column":17}},"516":{"start":{"line":517,"column":0},"end":{"line":517,"column":65}},"517":{"start":{"line":518,"column":0},"end":{"line":518,"column":26}},"518":{"start":{"line":519,"column":0},"end":{"line":519,"column":43}},"519":{"start":{"line":520,"column":0},"end":{"line":520,"column":7}},"522":{"start":{"line":523,"column":0},"end":{"line":523,"column":50}},"523":{"start":{"line":524,"column":0},"end":{"line":524,"column":37}},"524":{"start":{"line":525,"column":0},"end":{"line":525,"column":24}},"526":{"start":{"line":527,"column":0},"end":{"line":527,"column":46}},"528":{"start":{"line":529,"column":0},"end":{"line":529,"column":52}},"529":{"start":{"line":530,"column":0},"end":{"line":530,"column":16}},"530":{"start":{"line":531,"column":0},"end":{"line":531,"column":9}},"533":{"start":{"line":534,"column":0},"end":{"line":534,"column":43}},"534":{"start":{"line":535,"column":0},"end":{"line":535,"column":44}},"535":{"start":{"line":536,"column":0},"end":{"line":536,"column":51}},"536":{"start":{"line":537,"column":0},"end":{"line":537,"column":44}},"537":{"start":{"line":538,"column":0},"end":{"line":538,"column":62}},"538":{"start":{"line":539,"column":0},"end":{"line":539,"column":32}},"539":{"start":{"line":540,"column":0},"end":{"line":540,"column":33}},"540":{"start":{"line":541,"column":0},"end":{"line":541,"column":37}},"541":{"start":{"line":542,"column":0},"end":{"line":542,"column":11}},"542":{"start":{"line":543,"column":0},"end":{"line":543,"column":9}},"544":{"start":{"line":545,"column":0},"end":{"line":545,"column":53}},"545":{"start":{"line":546,"column":0},"end":{"line":546,"column":7}},"547":{"start":{"line":548,"column":0},"end":{"line":548,"column":33}},"548":{"start":{"line":549,"column":0},"end":{"line":549,"column":49}},"549":{"start":{"line":550,"column":0},"end":{"line":550,"column":7}},"550":{"start":{"line":551,"column":0},"end":{"line":551,"column":5}},"551":{"start":{"line":552,"column":0},"end":{"line":552,"column":3}},"554":{"start":{"line":555,"column":0},"end":{"line":555,"column":28}},"555":{"start":{"line":556,"column":0},"end":{"line":556,"column":14}},"556":{"start":{"line":557,"column":0},"end":{"line":557,"column":11}},"557":{"start":{"line":558,"column":0},"end":{"line":558,"column":15}},"558":{"start":{"line":559,"column":0},"end":{"line":559,"column":20}},"559":{"start":{"line":560,"column":0},"end":{"line":560,"column":21}},"560":{"start":{"line":561,"column":0},"end":{"line":561,"column":22}},"561":{"start":{"line":562,"column":0},"end":{"line":562,"column":21}},"562":{"start":{"line":563,"column":0},"end":{"line":563,"column":4}},"564":{"start":{"line":565,"column":0},"end":{"line":565,"column":44}},"565":{"start":{"line":566,"column":0},"end":{"line":566,"column":57}},"566":{"start":{"line":567,"column":0},"end":{"line":567,"column":22}},"568":{"start":{"line":569,"column":0},"end":{"line":569,"column":60}},"569":{"start":{"line":570,"column":0},"end":{"line":570,"column":27}},"570":{"start":{"line":571,"column":0},"end":{"line":571,"column":63}},"571":{"start":{"line":572,"column":0},"end":{"line":572,"column":30}},"572":{"start":{"line":573,"column":0},"end":{"line":573,"column":36}},"573":{"start":{"line":574,"column":0},"end":{"line":574,"column":9}},"574":{"start":{"line":575,"column":0},"end":{"line":575,"column":7}},"575":{"start":{"line":576,"column":0},"end":{"line":576,"column":5}},"576":{"start":{"line":577,"column":0},"end":{"line":577,"column":3}},"579":{"start":{"line":580,"column":0},"end":{"line":580,"column":53}},"580":{"start":{"line":581,"column":0},"end":{"line":581,"column":23}},"581":{"start":{"line":582,"column":0},"end":{"line":582,"column":59}},"582":{"start":{"line":583,"column":0},"end":{"line":583,"column":26}},"583":{"start":{"line":584,"column":0},"end":{"line":584,"column":32}},"584":{"start":{"line":585,"column":0},"end":{"line":585,"column":5}},"585":{"start":{"line":586,"column":0},"end":{"line":586,"column":3}},"588":{"start":{"line":589,"column":0},"end":{"line":589,"column":12}},"589":{"start":{"line":590,"column":0},"end":{"line":590,"column":1}},"594":{"start":{"line":595,"column":0},"end":{"line":595,"column":30}},"595":{"start":{"line":596,"column":0},"end":{"line":596,"column":20}},"596":{"start":{"line":597,"column":0},"end":{"line":597,"column":22}},"597":{"start":{"line":598,"column":0},"end":{"line":598,"column":24}},"598":{"start":{"line":599,"column":0},"end":{"line":599,"column":29}},"599":{"start":{"line":600,"column":0},"end":{"line":600,"column":22}},"600":{"start":{"line":601,"column":0},"end":{"line":601,"column":11}},"602":{"start":{"line":603,"column":0},"end":{"line":603,"column":44}},"604":{"start":{"line":605,"column":0},"end":{"line":605,"column":70}},"607":{"start":{"line":608,"column":0},"end":{"line":608,"column":75}},"608":{"start":{"line":609,"column":0},"end":{"line":609,"column":93}},"611":{"start":{"line":612,"column":0},"end":{"line":612,"column":67}},"614":{"start":{"line":615,"column":0},"end":{"line":615,"column":37}},"615":{"start":{"line":616,"column":0},"end":{"line":616,"column":58}},"616":{"start":{"line":617,"column":0},"end":{"line":617,"column":69}},"618":{"start":{"line":619,"column":0},"end":{"line":619,"column":56}},"621":{"start":{"line"
[...]
rt":{"line":62,"column":0},"end":{"line":62,"column":7}},"62":{"start":{"line":63,"column":0},"end":{"line":63,"column":10}},"63":{"start":{"line":64,"column":0},"end":{"line":64,"column":70}},"64":{"start":{"line":65,"column":0},"end":{"line":65,"column":9}},"65":{"start":{"line":66,"column":0},"end":{"line":66,"column":3}},"66":{"start":{"line":67,"column":0},"end":{"line":67,"column":1}},"68":{"start":{"line":69,"column":0},"end":{"line":69,"column":44}},"69":{"start":{"line":70,"column":0},"end":{"line":70,"column":42}},"70":{"start":{"line":71,"column":0},"end":{"line":71,"column":54}},"71":{"start":{"line":72,"column":0},"end":{"line":72,"column":3}},"74":{"start":{"line":75,"column":0},"end":{"line":75,"column":41}},"75":{"start":{"line":76,"column":0},"end":{"line":76,"column":29}},"76":{"start":{"line":77,"column":0},"end":{"line":77,"column":66}},"77":{"start":{"line":78,"column":0},"end":{"line":78,"column":11}},"78":{"start":{"line":79,"column":0},"end":{"line":79,"column":3}},"79":{"start":{"line":80,"column":0},"end":{"line":80,"column":43}},"80":{"start":{"line":81,"column":0},"end":{"line":81,"column":30}},"81":{"start":{"line":82,"column":0},"end":{"line":82,"column":38}},"85":{"start":{"line":86,"column":0},"end":{"line":86,"column":34}},"86":{"start":{"line":87,"column":0},"end":{"line":87,"column":39}},"87":{"start":{"line":88,"column":0},"end":{"line":88,"column":47}},"88":{"start":{"line":89,"column":0},"end":{"line":89,"column":34}},"89":{"start":{"line":90,"column":0},"end":{"line":90,"column":42}},"90":{"start":{"line":91,"column":0},"end":{"line":91,"column":5}},"91":{"start":{"line":92,"column":0},"end":{"line":92,"column":5}},"92":{"start":{"line":93,"column":0},"end":{"line":93,"column":1}},"110":{"start":{"line":111,"column":0},"end":{"line":111,"column":41}},"118":{"start":{"line":119,"column":0},"end":{"line":119,"column":72}},"119":{"start":{"line":120,"column":0},"end":{"line":120,"column":51}},"122":{"start":{"line":123,"column":0},"end":{"line":123,"column":22}},"123":{"start":{"line":124,"column":0},"end":{"line":124,"column":15}},"124":{"start":{"line":125,"column":0},"end":{"line":125,"column":35}},"125":{"start":{"line":126,"column":0},"end":{"line":126,"column":3}},"128":{"start":{"line":129,"column":0},"end":{"line":129,"column":51}},"131":{"start":{"line":132,"column":0},"end":{"line":132,"column":47}},"133":{"start":{"line":134,"column":0},"end":{"line":134,"column":13}},"134":{"start":{"line":135,"column":0},"end":{"line":135,"column":1}},"139":{"start":{"line":140,"column":0},"end":{"line":140,"column":73}},"140":{"start":{"line":141,"column":0},"end":{"line":141,"column":33}},"141":{"start":{"line":142,"column":0},"end":{"line":142,"column":28}},"142":{"start":{"line":143,"column":0},"end":{"line":143,"column":3}},"143":{"start":{"line":144,"column":0},"end":{"line":144,"column":50}},"144":{"start":{"line":145,"column":0},"end":{"line":145,"column":41}},"145":{"start":{"line":146,"column":0},"end":{"line":146,"column":50}},"147":{"start":{"line":148,"column":0},"end":{"line":148,"column":21}},"148":{"start":{"line":149,"column":0},"end":{"line":149,"column":108}},"150":{"start":{"line":151,"column":0},"end":{"line":151,"column":16}},"151":{"start":{"line":152,"column":0},"end":{"line":152,"column":39}},"152":{"start":{"line":153,"column":0},"end":{"line":153,"column":3}},"154":{"start":{"line":155,"column":0},"end":{"line":155,"column":7}},"155":{"start":{"line":156,"column":0},"end":{"line":156,"column":48}},"156":{"start":{"line":157,"column":0},"end":{"line":157,"column":39}},"157":{"start":{"line":158,"column":0},"end":{"line":158,"column":37}},"158":{"start":{"line":159,"column":0},"end":{"line":159,"column":28}},"159":{"start":{"line":160,"column":0},"end":{"line":160,"column":15}},"160":{"start":{"line":161,"column":0},"end":{"line":161,"column":49}},"161":{"start":{"line":162,"column":0},"end":{"line":162,"column":14}},"162":{"start":{"line":163,"column":0},"end":{"line":163,"column":3}},"163":{"start":{"line":164,"column":0},"end":{"line":164,"column":1}},"165":{"start":{"line":166,"column":0},"end":{"line":166,"column":62}},"166":{"start":{"line":167,"column":0},"end":{"line":167,"column":7}},"167":{"start":{"line":168,"column":0},"end":{"line":168,"column":43}},"168":{"start":{"line":169,"column":0},"end":{"line":169,"column":56}},"170":{"start":{"line":171,"column":0},"end":{"line":171,"column":118}},"173":{"start":{"line":174,"column":0},"end":{"line":174,"column":90}},"176":{"start":{"line":177,"column":0},"end":{"line":177,"column":32}},"177":{"start":{"line":178,"column":0},"end":{"line":178,"column":56}},"178":{"start":{"line":179,"column":0},"end":{"line":179,"column":8}},"180":{"start":{"line":181,"column":0},"end":{"line":181,"column":91}},"182":{"start":{"line":183,"column":0},"end":{"line":183,"column":48}},"183":{"start":{"line":184,"column":0},"end":{"line":184,"column":7}},"185":{"start":{"line":186,"column":0},"end":{"line":186,"column":28}},"187":{"start":{"line":188,"column":0},"end":{"line":188,"column":17}},"188":{"start":{"line":189,"column":0},"end":{"line":189,"column":5}},"190":{"start":{"line":191,"column":0},"end":{"line":191,"column":45}},"191":{"start":{"line":192,"column":0},"end":{"line":192,"column":75}},"192":{"start":{"line":193,"column":0},"end":{"line":193,"column":19}},"193":{"start":{"line":194,"column":0},"end":{"line":194,"column":62}},"194":{"start":{"line":195,"column":0},"end":{"line":195,"column":44}},"195":{"start":{"line":196,"column":0},"end":{"line":196,"column":3}},"196":{"start":{"line":197,"column":0},"end":{"line":197,"column":1}}},"s":{"9":1,"10":1,"11":1,"12":1,"14":1,"16":1,"17":1,"22":1,"23":1002,"24":1001,"25":1001,"31":1,"32":12,"33":12,"36":12,"38":110,"39":110,"42":110,"43":110,"45":12,"46":12,"53":1,"54":0,"56":0,"57":0,"58":0,"59":0,"60":0,"61":0,"62":0,"63":0,"64":0,"65":0,"66":0,"68":4,"69":4,"70":4,"71":4,"74":4,"75":4,"76":1,"77":1,"78":1,"79":3,"80":3,"81":3,"85":3,"86":2,"87":1,"88":1,"89":1,"90":1,"91":3,"92":3,"110":1,"118":1,"119":5,"122":5,"123":5,"124":2,"125":2,"128":5,"131":5,"133":5,"134":5,"139":6,"140":6,"141":1,"142":1,"143":5,"144":6,"145":6,"147":6,"148":6,"150":6,"151":4,"152":4,"154":5,"155":5,"156":4,"157":4,"158":4,"159":6,"160":1,"161":1,"162":1,"163":6,"165":0,"166":0,"167":0,"168":0,"170":0,"173":0,"176":0,"177":0,"178":0,"180":0,"182":0,"183":0,"185":0,"187":0,"188":0,"190":0,"191":0,"192":0,"193":0,"194":0,"195":0,"196":0},"branchMap":{"0":{"type":"branch","line":10,"loc":{"start":{"line":10,"column":7},"end":{"line":18,"column":1}},"locations":[{"start":{"line":10,"column":7},"end":{"line":18,"column":1}}]},"1":{"type":"branch","line":23,"loc":{"start":{"line":23,"column":7},"end":{"line":26,"column":1}},"locations":[{"start":{"line":23,"column":7},"end":{"line":26,"column":1}}]},"2":{"type":"branch","line":24,"loc":{"start":{"line":24,"column":25},"end":{"line":24,"column":42}},"locations":[{"start":{"line":24,"column":25},"end":{"line":24,"column":42}}]},"3":{"type":"branch","line":24,"loc":{"start":{"line":24,"column":32},"end":{"line":26,"column":1}},"locations":[{"start":{"line":24,"column":32},"end":{"line":26,"column":1}}]},"4":{"type":"branch","line":32,"loc":{"start":{"line":32,"column":7},"end":{"line":47,"column":1}},"locations":[{"start":{"line":32,"column":7},"end":{"line":47,"column":1}}]},"5":{"type":"branch","line":37,"loc":{"start":{"line":37,"column":29},"end":{"line":44,"column":3}},"locations":[{"start":{"line":37,"column":29},"end":{"line":44,"column":3}}]},"6":{"type":"branch","line":69,"loc":{"start":{"line":69,"column":0},"end":{"line":93,"column":1}},"locations":[{"start":{"line":69,"column":0},"end":{"line":93,"column":1}}]},"7":{"type":"branch","line":76,"loc":{"start":{"line":76,"column":28},"end":{"line":79,"column":3}},"locations":[{"start":{"line":76,"column":28},"end":{"line":79,"column":3}}]},"8":{"type":"branch","line":79,"loc":{"start":{"line":79,"column":2},"end":{"line":93,"column":1}},"locations":[{"start":{"line":79,"column":2},"end":{"line":93,"column":1}}]},"9":{"type":"branch","line":86,"loc":{"start":{"line":86,"column":16},"end":{"line":92,"column":3}},"locations":[{"start":{"line":86,"column":16},"end":{"line":92,"column":3}}]},"10":{"type":"branch","line":87,"loc":{"start":{"line":87,"column":38},"end":{"line":91,"column":5}},"locations":[{"start":{"line":87,"column":38},"end":{"line":91,"column":5}}]},"11":{"type":"branch","line":119,"loc":{"start":{"line":119,"column":7},"end":{"line":135,"column":1}},"locations":[{"start":{"line":119,"column":7},"end":{"line":135,"column":1}}]},"12":{"type":"branch","line":124,"loc":{"start":{"line":124,"column":14},"end":{"line":126,"column":3}},"locations":[{"start":{"line":124,"column":14},"end":{"line":126,"column":3}}]},"13":{"type":"branch","line":140,"loc":{"start":{"line":140,"column":0},"end":{"line":164,"column":1}},"locations":[{"start":{"line":140,"column":0},"end":{"line":164,"column":1}}]},"14":{"type":"branch","line":141,"loc":{"start":{"line":141,"column":32},"end":{"line":143,"column":3}},"locations":[{"start":{"line":141,"column":32},"end":{"line":143,"column":3}}]},"15":{"type":"branch","line":143,"loc":{"start":{"line":143,"column":2},"end":{"line":144,"column":50}},"locations":[{"start":{"line":143,"column":2},"end":{"line":144,"column":50}}]},"16":{"type":"branch","line":144,"loc":{"start":{"line":144,"column":22},"end":{"line":144,"column":50}},"locations":[{"start":{"line":144,"column":22},"end":{"line":144,"column":50}}]},"17":{"type":"branch","line":151,"loc":{"start":{"line":151,"column":15},"end":{"line":153,"column":3}},"locations":[{"start":{"line":151,"column":15},"end":{"line":153,"column":3}}]},"18":{"type":"branch","line":153,"loc":{"start":{"line":153,"column":2},"end":{"line":156,"column":48}},"locations":[{"start":{"line":153,"column":2},"end":{"line":156,"column":48}}]},"19":{"type":"branch","line":156,"loc":{"start":{"line":156,"column":46},"end":{"line":160,"column":11}},"locations":[{"start":{"line":156,"column":46},"end":{"line":160,"column":11}}]},"20":{"type":"branch","line":160,"loc":{"start":{"line":160,"column":2},"end":{"line":163,"column":3}},"locations":[{"start":{"line":160,"column":2},"end":{"line":163,"column":3}}]}},"b":{"0":[1],"1":[1002],"2":[1],"3":[1001],"4":[12],"5":[110],"6":[4],"7":[1],"8":[3],"9":[2],"10":[1],"11":[5],"12":[2],"13":[6],"14":[1],"15":[5],"16":[4],"17":[4],"18":[5],"19":[4],"20":[1]},"fnMap":{"0":{"name":"MakeBackLinkHTML","decl":{"start":{"line":10,"column":7},"end":{"line":18,"column":1}},"loc":{"start":{"line":10,"column":7},"end":{"line":18,"column":1}},"line":10},"1":{"name":"random_from_list","decl":{"start":{"line":23,"column":7},"end":{"line":26,"column":1}},"loc":{"start":{"line":23,"column":7},"end":{"line":26,"column":1}},"line":23},"2":{"name":"shuffle","decl":{"start":{"line":32,"column":7},"end":{"line":47,"column":1}},"loc":{"start":{"line":32,"column":7},"end":{"line":47,"column":1}},"line":32},"3":{"name":"defer","decl":{"start":{"line":54,"column":7},"end":{"line":67,"column":1}},"loc":{"start":{"line":54,"column":7},"end":{"line":67,"column":1}},"line":54},"4":{"name":"append_randomizer_div","decl":{"start":{"line":69,"column":0},"end":{"line":93,"column":1}},"loc":{"start":{"line":69,"column":0},"end":{"line":93,"column":1}},"line":69},"5":{"name":"makeRedirectUrl","decl":{"start":{"line":119,"column":7},"end":{"line":135,"column":1}},"loc":{"start":{"line":119,"column":7},"end":{"line":135,"column":1}},"line":119},"6":{"name":"get_link_info","decl":{"start":{"line":140,"column":0},"end":{"line":164,"column":1}},"loc":{"start":{"line":140,"column":0},"end":{"line":164,"column":1}},"line":140},"7":{"name":"get_random_page_url","decl":{"start":{"line":166,"column":0},"end":{"line":197,"column":1}},"loc":{"start":{"line":166,"column":0},"end":{"line":197,"column":1}},"line":166}},"f":{"0":1,"1":1002,"2":12,"3":0,"4":4,"5":5,"6":6,"7":0}}
,"/home/runner/work/idvorkin.github.io/idvorkin.github.io/src/utils/dom-helpers.ts": {"path":"/home/runner/work/idvorkin.github.io/idvorkin.github.io/src/utils/dom-helpers.ts","all":false,"statementMap":{"13":{"start":{"line":14,"column":0},"end":{"line":14,"column":116}},"14":{"start":{"line":15,"column":0},"end":{"line":15,"column":102}},"16":{"start":{"line":17,"column":0},"end":{"line":17,"column":23}},"18":{"start":{"line":19,"column":0},"end":{"line":19,"column":28}},"19":{"start":{"line":20,"column":0},"end":{"line":20,"column":35}},"20":{"start":{"line":21,"column":0},"end":{"line":21,"column":21}},"21":{"start":{"line":22,"column":0},"end":{"line":22,"column":32}},"22":{"start":{"line":23,"column":0},"end":{"line":23,"column":10}},"23":{"start":{"line":24,"column":0},"end":{"line":24,"column":35}},"24":{"start":{"line":25,"column":0},"end":{"line":25,"column":3}},"26":{"start":{"line":27,"column":0},"end":{"line":27,"column":12}},"27":{"start":{"line":28,"column":0},"end":{"line":28,"column":1}},"36":{"start":{"line":37,"column":0},"end":{"line":37,"column":53}},"37":{"start":{"line":38,"column":0},"end":{"line":38,"column":14}},"38":{"start":{"line":39,"column":0},"end":{"line":39,"column":38}},"39":{"start":{"line":40,"column":0},"end":{"line":40,"column":31}},"40":{"start":{"line":41,"column":0},"end":{"line":41,"column":6}},"41":{"start":{"line":42,"column":0},"end":{"line":42,"column":51}},"43":{"start":{"line":44,"column":0},"end":{"line":44,"column":19}},"44":{"start":{"line":45,"column":0},"end":{"line":45,"column":60}},"45":{"start":{"line":46,"column":0},"end":{"line":46,"column":39}},"46":{"start":{"line":47,"column":0},"end":{"line":47,"column":5}},"47":{"start":{"line":48,"column":0},"end":{"line":48,"column":3}},"49":{"start":{"line":50,"column":0},"end":{"line":50,"column":17}},"50":{"start":{"line":51,"column":0},"end":{"line":51,"column":35}},"51":{"start":{"line":52,"column":0},"end":{"line":52,"column":38}},"52":{"start":{"line":53,"column":0},"end":{"line":53,"column":60}},"53":{"start":{"line":54,"column":0},"end":{"line":54,"column":14}},"54":{"start":{"line":55,"column":0},"end":{"line":55,"column":35}},"55":{"start":{"line":56,"column":0},"end":{"line":56,"column":7}},"56":{"start":{"line":57,"column":0},"end":{"line":57,"column":5}},"57":{"start":{"line":58,"column":0},"end":{"line":58,"column":3}},"59":{"start":{"line":60,"column":0},"end":{"line":60,"column":17}},"60":{"start":{"line":61,"column":0},"end":{"line":61,"column":1}},"68":{"start":{"line":69,"column":0},"end":{"line":69,"column":95}},"69":{"start":{"line":70,"column":0},"end":{"line":70,"column":45}},"71":{"start":{"line":72,"column":0},"end":{"line":72,"column":26}},"72":{"start":{"line":73,"column":0},"end":{"line":73,"column":43}},"73":{"start":{"line":74,"column":0},"end":{"line":74,"column":28}},"74":{"start":{"line":75,"column":0},"end":{"line":75,"column":5}},"75":{"start":{"line":76,"column":0},"end":{"line":76,"column":50}},"76":{"start":{"line":77,"column":0},"end":{"line":77,"column":3}},"78":{"start":{"line":79,"column":0},"end":{"line":79,"column":14}},"79":{"start":{"line":80,"column":0},"end":{"line":80,"column":1}}},"s":{"13":1,"14":7,"16":7,"18":7,"19":3,"20":3,"21":2,"22":3,"23":1,"24":1,"26":6,"27":6,"36":1,"37":5,"38":5,"39":5,"40":5,"41":5,"43":5,"44":4,"45":3,"46":3,"47":4,"49":5,"50":3,"51":5,"52":3,"53":5,"54":2,"55":2,"56":5,"57":3,"59":5,"60":5,"68":1,"69":4,"71":4,"72":11,"73":3,"74":3,"75":8,"76":8,"78":1,"79":1},"branchMap":{"0":{"type":"branch","line":14,"loc":{"start":{"line":14,"column":7},"end":{"line":28,"column":1}},"locations":[{"start":{"line":14,"column":7},"end":{"line":28,"column":1}}]},"1":{"type":"branch","line":15,"loc":{"start":{"line":15,"column":32},"end":{"line":15,"column":94}},"locations":[{"start":{"line":15,"column":32},"end":{"line":15,"column":94}}]},"2":{"type":"branch","line":15,"loc":{"start":{"line":15,"column":74},"end":{"line":15,"column":102}},"locations":[{"start":{"line":15,"column":74},"end":{"line":15,"column":102}}]},"3":{"type":"branch","line":17,"loc":{"start":{"line":17,"column":11},"end":{"line":17,"column":23}},"locations":[{"start":{"line":17,"column":11},"end":{"line":17,"column":23}}]},"4":{"type":"branch","line":17,"loc":{"start":{"line":17,"column":18},"end":{"line":19,"column":27}},"locations":[{"start":{"line":17,"column":18},"end":{"line":19,"column":27}}]},"5":{"type":"branch","line":19,"loc":{"start":{"line":19,"column":27},"end":{"line":25,"column":3}},"locations":[{"start":{"line":19,"column":27},"end":{"line":25,"column":3}}]},"6":{"type":"branch","line":21,"loc":{"start":{"line":21,"column":20},"end":{"line":23,"column":9}},"locations":[{"start":{"line":21,"column":20},"end":{"line":23,"column":9}}]},"7":{"type":"branch","line":23,"loc":{"start":{"line":23,"column":2},"end":{"line":25,"column":3}},"locations":[{"start":{"line":23,"column":2},"end":{"line":25,"column":3}}]},"8":{"type":"branch","line":25,"loc":{"start":{"line":25,"column":2},"end":{"line":28,"column":1}},"locations":[{"start":{"line":25,"column":2},"end":{"line":28,"column":1}}]},"9":{"type":"branch","line":37,"loc":{"start":{"line":37,"column":7},"end":{"line":61,"column":1}},"locations":[{"start":{"line":37,"column":7},"end":{"line":61,"column":1}}]},"10":{"type":"branch","line":44,"loc":{"start":{"line":44,"column":18},"end":{"line":48,"column":3}},"locations":[{"start":{"line":44,"column":18},"end":{"line":48,"column":3}}]},"11":{"type":"branch","line":45,"loc":{"start":{"line":45,"column":59},"end":{"line":47,"column":5}},"locations":[{"start":{"line":45,"column":59},"end":{"line":47,"column":5}}]},"12":{"type":"branch","line":50,"loc":{"start":{"line":50,"column":16},"end":{"line":58,"column":3}},"locations":[{"start":{"line":50,"column":16},"end":{"line":58,"column":3}}]},"13":{"type":"branch","line":51,"loc":{"start":{"line":51,"column":34},"end":{"line":57,"column":5}},"locations":[{"start":{"line":51,"column":34},"end":{"line":57,"column":5}}]},"14":{"type":"branch","line":52,"loc":{"start":{"line":52,"column":37},"end":{"line":54,"column":13}},"locations":[{"start":{"line":52,"column":37},"end":{"line":54,"column":13}}]},"15":{"type":"branch","line":54,"loc":{"start":{"line":54,"column":6},"end":{"line":56,"column":7}},"locations":[{"start":{"line":54,"column":6},"end":{"line":56,"column":7}}]},"16":{"type":"branch","line":69,"loc":{"start":{"line":69,"column":7},"end":{"line":80,"column":1}},"locations":[{"start":{"line":69,"column":7},"end":{"line":80,"column":1}}]},"17":{"type":"branch","line":72,"loc":{"start":{"line":72,"column":25},"end":{"line":77,"column":3}},"locations":[{"start":{"line":72,"column":25},"end":{"line":77,"column":3}}]},"18":{"type":"branch","line":73,"loc":{"start":{"line":73,"column":42},"end":{"line":75,"column":5}},"locations":[{"start":{"line":73,"column":42},"end":{"line":75,"column":5}}]},"19":{"type":"branch","line":75,"loc":{"start":{"line":75,"column":4},"end":{"line":77,"column":3}},"locations":[{"start":{"line":75,"column":4},"end":{"line":77,"column":3}}]},"20":{"type":"branch","line":77,"loc":{"start":{"line":77,"column":2},"end":{"line":80,"column":1}},"locations":[{"start":{"line":77,"column":2},"end":{"line":80,"column":1}}]}},"b":{"0":[7],"1":[5],"2":[2],"3":[1],"4":[6],"5":[3],"6":[2],"7":[1],"8":[6],"9":[5],"10":[4],"11":[3],"12":[3],"13":[5],"14":[3],"15":[2],"16":[4],"17":[11],"18":[3],"19":[8],"20":[1]},"fnMap":{"0":{"name":"toggleClass","decl":{"start":{"line":14,"column":7},"end":{"line":28,"column":1}},"loc":{"start":{"line":14,"column":7},"end":{"line":28,"column":1}},"line":14},"1":{"name":"createElement","decl":{"start":{"line":37,"column":7},"end":{"line":61,"column":1}},"loc":{"start":{"line":37,"column":7},"end":{"line":61,"column":1}},"line":37},"2":{"name":"findClosestParent","decl":{"start":{"line":69,"column":7},"end":{"line":80,"column":1}},"loc":{"start":{"line":69,"column":7},"end":{"line":80,"column":1}},"line":69}},"f":{"0":7,"1":5,"2":4}}
}
