{"numTotalTestSuites":119,"numPassedTestSuites":119,"numFailedTestSuites":0,"numPendingTestSuites":0,"numTotalTests":235,"numPassedTests":230,"numFailedTests":0,"numPendingTests":5,"numTodoTests":0,"snapshot":{"added":0,"failure":false,"filesAdded":0,"filesRemoved":0,"filesRemovedList":[],"filesUnmatched":0,"filesUpdated":0,"matched":0,"total":0,"unchecked":0,"uncheckedKeysByFile":[],"unmatched":0,"updated":0,"didUpdate":false},"startTime":1757348351576,"success":true,"testResults":[{"assertionResults":[{"ancestorTitles":["Blogger Import Module","add_imported_blog_posts"],"fullName":"Blogger Import Module add_imported_blog_posts should fetch and process blog posts","status":"passed","title":"should fetch and process blog posts","duration":7.047092000000021,"failureMessages":[],"meta":{}},{"ancestorTitles":["Blogger Import Module","add_eulogy_roles"],"fullName":"Blogger Import Module add_eulogy_roles should fetch and process eulogy roles","status":"passed","title":"should fetch and process eulogy roles","duration":1.1928609999999935,"failureMessages":[],"meta":{}},{"ancestorTitles":["Blogger Import Module","html_for_role"],"fullName":"Blogger Import Module html_for_role should generate HTML for a role","status":"passed","title":"should generate HTML for a role","duration":0.909881999999925,"failureMessages":[],"meta":{}}],"startTime":1757348355162,"endTime":1757348355171.91,"status":"passed","message":"","name":"/home/runner/work/idvorkin.github.io/idvorkin.github.io/src/__tests__/blogger_import.test.ts"},{"assertionResults":[{"ancestorTitles":["dev-info","isDevServer"],"fullName":"dev-info isDevServer should return true for localhost","status":"passed","title":"should return true for localhost","duration":1.6339469999999778,"failureMessages":[],"meta":{}},{"ancestorTitles":["dev-info","isDevServer"],"fullName":"dev-info isDevServer should return true for 127.0.0.1","status":"passed","title":"should return true for 127.0.0.1","duration":0.3405880000000252,"failureMessages":[],"meta":{}},{"ancestorTitles":["dev-info","isDevServer"],"fullName":"dev-info isDevServer should return false for production domain","status":"passed","title":"should return false for production domain","duration":0.32991699999996627,"failureMessages":[],"meta":{}},{"ancestorTitles":["dev-info","getCurrentPort"],"fullName":"dev-info getCurrentPort should return port when specified","status":"passed","title":"should return port when specified","duration":0.31214299999999184,"failureMessages":[],"meta":{}},{"ancestorTitles":["dev-info","getCurrentPort"],"fullName":"dev-info getCurrentPort should return 80 when no port specified","status":"passed","title":"should return 80 when no port specified","duration":0.21619399999997313,"failureMessages":[],"meta":{}},{"ancestorTitles":["dev-info","getCurrentPort"],"fullName":"dev-info getCurrentPort should return 4000 for Jekyll default","status":"passed","title":"should return 4000 for Jekyll default","duration":0.20626599999997097,"failureMessages":[],"meta":{}}],"startTime":1757348356263,"endTime":1757348356266.2163,"status":"passed","message":"","name":"/home/runner/work/idvorkin.github.io/idvorkin.github.io/src/__tests__/dev-info.test.ts"},{"assertionResults":[{"ancestorTitles":["DOM Helper Functions","toggleClass"],"fullName":"DOM Helper Functions toggleClass should toggle a class on an element when using a selector","status":"passed","title":"should toggle a class on an element when using a selector","duration":8.317066999999952,"failureMessages":[],"meta":{}},{"ancestorTitles":["DOM Helper Functions","toggleClass"],"fullName":"DOM Helper Functions toggleClass should toggle a class on an element when using an element reference","status":"passed","title":"should toggle a class on an element when using an element reference","duration":1.529952000000094,"failureMessages":[],"meta":{}},{"ancestorTitles":["DOM Helper Functions","toggleClass"],"fullName":"DOM Helper Functions toggleClass should add a class when force parameter is true","status":"passed","title":"should add a class when force parameter is true","duration":2.0258589999999685,"failureMessages":[],"meta":{}},{"ancestorTitles":["DOM Helper Functions","toggleClass"],"fullName":"DOM Helper Functions toggleClass should remove a class when force parameter is false","status":"passed","title":"should remove a class when force parameter is false","duration":1.4011909999999261,"failureMessages":[],"meta":{}},{"ancestorTitles":["DOM Helper Functions","toggleClass"],"fullName":"DOM Helper Functions toggleClass should return null when element is not found","status":"passed","title":"should return null when element is not found","duration":0.9849419999999327,"failureMessages":[],"meta":{}},{"ancestorTitles":["DOM Helper Functions","createElement"],"fullName":"DOM Helper Functions createElement should create an element with the specified tag","status":"passed","title":"should create an element with the specified tag","duration":1.1502909999999247,"failureMessages":[],"meta":{}},{"ancestorTitles":["DOM Helper Functions","createElement"],"fullName":"DOM Helper Functions createElement should set attributes on the created element","status":"passed","title":"should set attributes on the created element","duration":1.3047109999999975,"failureMessages":[],"meta":{}},{"ancestorTitles":["DOM Helper Functions","createElement"],"fullName":"DOM Helper Functions createElement should append text children to the element","status":"passed","title":"should append text children to the element","duration":0.7626470000000154,"failureMessages":[],"meta":{}},{"ancestorTitles":["DOM Helper Functions","createElement"],"fullName":"DOM Helper Functions createElement should append node children to the element","status":"passed","title":"should append node children to the element","duration":0.9933880000000954,"failureMessages":[],"meta":{}},{"ancestorTitles":["DOM Helper Functions","createElement"],"fullName":"DOM Helper Functions createElement should handle mixed text and node children","status":"passed","title":"should handle mixed text and node children","duration":1.1184520000000475,"failureMessages":[],"meta":{}},{"ancestorTitles":["DOM Helper Functions","findClosestParent"],"fullName":"DOM Helper Functions findClosestParent should find the immediate parent element matching a selector","status":"passed","title":"should find the immediate parent element matching a selector","duration":1.4337310000000798,"failureMessages":[],"meta":{}},{"ancestorTitles":["DOM Helper Functions","findClosestParent"],"fullName":"DOM Helper Functions findClosestParent should find a distant parent element matching a selector","status":"passed","title":"should find a distant parent element matching a selector","duration":1.2423929999999928,"failureMessages":[],"meta":{}},{"ancestorTitles":["DOM Helper Functions","findClosestParent"],"fullName":"DOM Helper Functions findClosestParent should find a parent element by class selector","status":"passed","title":"should find a parent element by class selector","duration":0.9334759999999278,"failureMessages":[],"meta":{}},{"ancestorTitles":["DOM Helper Functions","findClosestParent"],"fullName":"DOM Helper Functions findClosestParent should return null when no matching parent is found","status":"passed","title":"should return null when no matching parent is found","duration":0.8211959999999863,"failureMessages":[],"meta":{}}],"startTime":1757348355162,"endTime":1757348355186.8213,"status":"passed","message":"","name":"/home/runner/work/idvorkin.github.io/idvorkin.github.io/src/__tests__/dom-helpers.test.ts"},{"assertionResults":[{"ancestorTitles":["FeaturedCollapseManager","initialization"],"fullName":"FeaturedCollapseManager initialization should initialize successfully when elements exist","status":"passed","title":"should initialize successfully when elements exist","duration":8.908453000000009,"failureMessages":[],"meta":{}},{"ancestorTitles":["FeaturedCollapseManager","initialization"],"fullName":"FeaturedCollapseManager initialization should return false when button element is missing","status":"passed","title":"should return false when button element is missing","duration":2.9869069999999738,"failureMessages":[],"meta":{}},{"ancestorTitles":["FeaturedCollapseManager","initialization"],"fullName":"FeaturedCollapseManager initialization should return false when content element is missing","status":"passed","title":"should return false when content element is missing","duration":1.3470199999999295,"failureMessages":[],"meta":{}},{"ancestorTitles":["FeaturedCollapseManager","initialization"],"fullName":"FeaturedCollapseManager initialization should warn when elements are not found","status":"passed","title":"should warn when elements are not found","duration":2.0972130000000107,"failureMessages":[],"meta":{}},{"ancestorTitles":["FeaturedCollapseManager","state management"],"fullName":"FeaturedCollapseManager state management should start in expanded state","status":"passed","title":"should start in expanded state","duration":1.2636040000001003,"failureMessages":[],"meta":{}},{"ancestorTitles":["FeaturedCollapseManager","state management"],"fullName":"FeaturedCollapseManager state management should toggle to collapsed state","status":"passed","title":"should toggle to collapsed state","duration":1.391253000000006,"failureMessages":[],"meta":{}},{"ancestorTitles":["FeaturedCollapseManager","state management"],"fullName":"FeaturedCollapseManager state management should toggle back to expanded state","status":"passed","title":"should toggle back to expanded state","duration":1.5068390000000136,"failureMessages":[],"meta":{}},{"ancestorTitles":["FeaturedCollapseManager","state management"],"fullName":"FeaturedCollapseManager state management should collapse directly","status":"passed","title":"should collapse directly","duration":0.9573409999999285,"failureMessages":[],"meta":{}},{"ancestorTitles":["FeaturedCollapseManager","state management"],"fullName":"FeaturedCollapseManager state management should expand directly","status":"passed","title":"should expand directly","duration":1.1763300000000072,"failureMessages":[],"meta":{}},{"ancestorTitles":["FeaturedCollapseManager","click handling"],"fullName":"FeaturedCollapseManager click handling should toggle state on button click","status":"passed","title":"should toggle state on button click","duration":1.4108289999999215,"failureMessages":[],"meta":{}},{"ancestorTitles":["FeaturedCollapseManager","click handling"],"fullName":"FeaturedCollapseManager click handling should prevent default action on click","status":"passed","title":"should prevent default action on click","duration":0.9768670000000839,"failureMessages":[],"meta":{}},{"ancestorTitles":["FeaturedCollapseManager","click handling"],"fullName":"FeaturedCollapseManager click handling should handle multiple clicks correctly","status":"passed","title":"should handle multiple clicks correctly","duration":1.3500549999999976,"failureMessages":[],"meta":{}},{"ancestorTitles":["FeaturedCollapseManager","helper methods"],"fullName":"FeaturedCollapseManager helper methods should return elements via getElements","status":"passed","title":"should return elements via getElements","duration":0.731166999999914,"failureMessages":[],"meta":{}},{"ancestorTitles":["FeaturedCollapseManager","helper methods"],"fullName":"FeaturedCollapseManager helper methods should return state copy via getState","status":"passed","title":"should return state copy via getState","duration":0.7800689999999122,"failureMessages":[],"meta":{}},{"ancestorTitles":["FeaturedCollapseManager","setupFeaturedCollapse helper"],"fullName":"FeaturedCollapseManager setupFeaturedCollapse helper should return manager when elements exist","status":"passed","title":"should return manager when elements exist","duration":0.6109030000000075,"failureMessages":[],"meta":{}},{"ancestorTitles":["FeaturedCollapseManager","setupFeaturedCollapse helper"],"fullName":"FeaturedCollapseManager setupFeaturedCollapse helper should return null when elements do not exist","status":"passed","title":"should return null when elements do not exist","duration":0.7847980000000234,"failureMessages":[],"meta":{}},{"ancestorTitles":["FeaturedCollapseManager","custom element IDs"],"fullName":"FeaturedCollapseManager custom element IDs should work with custom button and content IDs","status":"passed","title":"should work with custom button and content IDs","duration":0.8133119999999963,"failureMessages":[],"meta":{}},{"ancestorTitles":["FeaturedCollapseManager","edge cases"],"fullName":"FeaturedCollapseManager edge cases should handle updateUI gracefully when elements are missing","status":"passed","title":"should handle updateUI gracefully when elements are missing","duration":1.3481919999999263,"failureMessages":[],"meta":{}},{"ancestorTitles":["FeaturedCollapseManager","edge cases"],"fullName":"FeaturedCollapseManager edge cases should maintain state even when UI update fails","status":"passed","title":"should maintain state even when UI update fails","duration":0.6181470000000218,"failureMessages":[],"meta":{}},{"ancestorTitles":["FeaturedCollapseManager","localStorage persistence"],"fullName":"FeaturedCollapseManager localStorage persistence should save collapsed state to localStorage","status":"passed","title":"should save collapsed state to localStorage","duration":0.5629330000000436,"failureMessages":[],"meta":{}},{"ancestorTitles":["FeaturedCollapseManager","localStorage persistence"],"fullName":"FeaturedCollapseManager localStorage persistence should save expanded state to localStorage","status":"passed","title":"should save expanded state to localStorage","duration":0.548014999999964,"failureMessages":[],"meta":{}},{"ancestorTitles":["FeaturedCollapseManager","localStorage persistence"],"fullName":"FeaturedCollapseManager localStorage persistence should load collapsed state from localStorage on initialization","status":"passed","title":"should load collapsed state from localStorage on initialization","duration":0.6066640000000234,"failureMessages":[],"meta":{}},{"ancestorTitles":["FeaturedCollapseManager","localStorage persistence"],"fullName":"FeaturedCollapseManager localStorage persistence should load expanded state from localStorage on initialization","status":"passed","title":"should load expanded state from localStorage on initialization","duration":0.517778999999905,"failureMessages":[],"meta":{}},{"ancestorTitles":["FeaturedCollapseManager","localStorage persistence"],"fullName":"FeaturedCollapseManager localStorage persistence should handle localStorage errors gracefully","status":"passed","title":"should handle localStorage errors gracefully","duration":0.7663929999999937,"failureMessages":[],"meta":{}},{"ancestorTitles":["FeaturedCollapseManager","localStorage persistence"],"fullName":"FeaturedCollapseManager localStorage persistence should clear saved state","status":"passed","title":"should clear saved state","duration":0.6255400000000009,"failureMessages":[],"meta":{}},{"ancestorTitles":["FeaturedCollapseManager","localStorage persistence"],"fullName":"FeaturedCollapseManager localStorage persistence should use custom storage key when provided","status":"passed","title":"should use custom storage key when provided","duration":0.5757259999999178,"failureMessages":[],"meta":{}}],"startTime":1757348353808,"endTime":1757348353844.5757,"status":"passed","message":"","name":"/home/runner/work/idvorkin.github.io/idvorkin.github.io/src/__tests__/featured-collapse.test.ts"},{"assertionResults":[{"ancestorTitles":["Featured Posts","Homepage Featured Posts"],"fullName":"Featured Posts Homepage Featured Posts should fetch featured posts from backlinks data","status":"passed","title":"should fetch featured posts from backlinks data","duration":4.0660649999999805,"failureMessages":[],"meta":{}},{"ancestorTitles":["Featured Posts","Homepage Featured Posts"],"fullName":"Featured Posts Homepage Featured Posts should fetch from backlinks instead of Algolia search","status":"passed","title":"should fetch from backlinks instead of Algolia search","duration":1.2216649999999163,"failureMessages":[],"meta":{}},{"ancestorTitles":["Featured Posts","Homepage Featured Posts"],"fullName":"Featured Posts Homepage Featured Posts should truncate long descriptions to 150 characters","status":"passed","title":"should truncate long descriptions to 150 characters","duration":0.5304119999999557,"failureMessages":[],"meta":{}},{"ancestorTitles":["Featured Posts","Featured Page Data Structure"],"fullName":"Featured Posts Featured Page Data Structure should have correct data structure for featured.yml","status":"passed","title":"should have correct data structure for featured.yml","duration":1.5780419999999822,"failureMessages":[],"meta":{}},{"ancestorTitles":["Featured Posts","Featured Page Data Structure"],"fullName":"Featured Posts Featured Page Data Structure should render featured posts fetched from backlinks","status":"passed","title":"should render featured posts fetched from backlinks","duration":0.8637760000000299,"failureMessages":[],"meta":{}}],"startTime":1757348353775,"endTime":1757348353783.8638,"status":"passed","message":"","name":"/home/runner/work/idvorkin.github.io/idvorkin.github.io/src/__tests__/featured-posts.test.ts"},{"assertionResults":[{"ancestorTitles":["get_link_info"],"fullName":"get_link_info should fetch link info from local path when not in production","status":"passed","title":"should fetch link info from local path when not in production","duration":5.086142999999993,"failureMessages":[],"meta":{}},{"ancestorTitles":["get_link_info"],"fullName":"get_link_info should fetch link info from GitHub when in production","status":"passed","title":"should fetch link info from GitHub when in production","duration":1.5882299999999532,"failureMessages":[],"meta":{}},{"ancestorTitles":["get_link_info"],"fullName":"get_link_info should handle fetch errors gracefully","status":"passed","title":"should handle fetch errors gracefully","duration":1.855908999999997,"failureMessages":[],"meta":{}},{"ancestorTitles":["get_link_info"],"fullName":"get_link_info should cache responses and not make additional requests","status":"passed","title":"should cache responses and not make additional requests","duration":1.6794209999999339,"failureMessages":[],"meta":{}}],"startTime":1757348355230,"endTime":1757348355240.6794,"status":"passed","message":"","name":"/home/runner/work/idvorkin.github.io/idvorkin.github.io/src/__tests__/get-link-info.test.ts"},{"assertionResults":[{"ancestorTitles":["Graph Module"],"fullName":"Graph Module should log that Force Graph is loaded","status":"passed","title":"should log that Force Graph is loaded","duration":29.95953600000007,"failureMessages":[],"meta":{}},{"ancestorTitles":["Graph Module"],"fullName":"Graph Module should initialize the graph when the DOM element exists","status":"skipped","title":"should initialize the graph when the DOM element exists","failureMessages":[],"meta":{}},{"ancestorTitles":["Graph Module"],"fullName":"Graph Module should not initialize the graph when the DOM element doesn't exist","status":"passed","title":"should not initialize the graph when the DOM element doesn't exist","duration":3.2488270000000057,"failureMessages":[],"meta":{}},{"ancestorTitles":["Graph Module"],"fullName":"Graph Module should handle ForceGraph not being defined","status":"passed","title":"should handle ForceGraph not being defined","duration":2.498764000000051,"failureMessages":[],"meta":{}},{"ancestorTitles":["Graph Module"],"fullName":"Graph Module should handle node canvas object rendering","status":"passed","title":"should handle node canvas object rendering","duration":2.483154000000013,"failureMessages":[],"meta":{}},{"ancestorTitles":["Graph Module"],"fullName":"Graph Module should handle goto control click","status":"passed","title":"should handle goto control click","duration":1.7166110000000572,"failureMessages":[],"meta":{}},{"ancestorTitles":["Graph Module"],"fullName":"Graph Module should build graph data correctly","status":"passed","title":"should build graph data correctly","duration":2.605444000000034,"failureMessages":[],"meta":{}},{"ancestorTitles":["Graph Module"],"fullName":"Graph Module should update detail with node information","status":"passed","title":"should update detail with node information","duration":2.806950000000029,"failureMessages":[],"meta":{}}],"startTime":1757348353786,"endTime":1757348353831.807,"status":"passed","message":"","name":"/home/runner/work/idvorkin.github.io/idvorkin.github.io/src/__tests__/graph.test.ts"},{"assertionResults":[{"ancestorTitles":["Header Copy Link","URL Transformation"],"fullName":"Header Copy Link URL Transformation should transform localhost URL to production domain","status":"passed","title":"should transform localhost URL to production domain","duration":5.1880840000000035,"failureMessages":[],"meta":{}},{"ancestorTitles":["Header Copy Link","URL Transformation"],"fullName":"Header Copy Link URL Transformation should handle production domain mapping correctly","status":"passed","title":"should handle production domain mapping correctly","duration":1.0993270000000166,"failureMessages":[],"meta":{}},{"ancestorTitles":["Header Copy Link","Header ID Generation"],"fullName":"Header Copy Link Header ID Generation should use existing header ID if present","status":"passed","title":"should use existing header ID if present","duration":1.538477999999941,"failureMessages":[],"meta":{}},{"ancestorTitles":["Header Copy Link","Header ID Generation"],"fullName":"Header Copy Link Header ID Generation should generate ID from header text when no ID exists","status":"passed","title":"should generate ID from header text when no ID exists","duration":1.1900660000000016,"failureMessages":[],"meta":{}},{"ancestorTitles":["Header Copy Link","Header ID Generation"],"fullName":"Header Copy Link Header ID Generation should handle special characters in header text","status":"passed","title":"should handle special characters in header text","duration":1.1484279999999671,"failureMessages":[],"meta":{}},{"ancestorTitles":["Header Copy Link","Header ID Generation"],"fullName":"Header Copy Link Header ID Generation should ensure ID uniqueness","status":"passed","title":"should ensure ID uniqueness","duration":2.039013999999952,"failureMessages":[],"meta":{}},{"ancestorTitles":["Header Copy Link","Copy Functionality"],"fullName":"Header Copy Link Copy Functionality should copy correct URL format","status":"passed","title":"should copy correct URL format","duration":3.633817000000022,"failureMessages":[],"meta":{}},{"ancestorTitles":["Header Copy Link","Copy Functionality"],"fullName":"Header Copy Link Copy Functionality should handle clipboard API failure gracefully","status":"passed","title":"should handle clipboard API failure gracefully","duration":15.71155900000008,"failureMessages":[],"meta":{}},{"ancestorTitles":["Header Copy Link","CSS Styles"],"fullName":"Header Copy Link CSS Styles should add styles only once","status":"passed","title":"should add styles only once","duration":0.8870090000000346,"failureMessages":[],"meta":{}},{"ancestorTitles":["Header Copy Link","CSS Styles"],"fullName":"Header Copy Link CSS Styles should create style element with correct content","status":"passed","title":"should create style element with correct content","duration":0.8201040000000148,"failureMessages":[],"meta":{}},{"ancestorTitles":["Header Copy Link","Integration"],"fullName":"Header Copy Link Integration should add share links to all header types including H1","status":"passed","title":"should add share links to all header types including H1","duration":2.345596999999998,"failureMessages":[],"meta":{}},{"ancestorTitles":["Header Copy Link","Integration"],"fullName":"Header Copy Link Integration should initialize correctly when DOM is ready","status":"passed","title":"should initialize correctly when DOM is ready","duration":2.876329999999939,"failureMessages":[],"meta":{}},{"ancestorTitles":["Header Copy Link","Integration"],"fullName":"Header Copy Link Integration should wait for DOM ready when loading","status":"passed","title":"should wait for DOM ready when loading","duration":0.6445459999999912,"failureMessages":[],"meta":{}},{"ancestorTitles":["Header Copy Link","Integration"],"fullName":"Header Copy Link Integration should not add duplicate copy links when called multiple times","status":"passed","title":"should not add duplicate copy links when called multiple times","duration":1.4335820000000012,"failureMessages":[],"meta":{}},{"ancestorTitles":["Header Copy Link","Integration"],"fullName":"Header Copy Link Integration should not add duplicate copy links when enableHeaderCopyLinks is called multiple times","status":"passed","title":"should not add duplicate copy links when enableHeaderCopyLinks is called multiple times","duration":1.0458959999999706,"failureMessages":[],"meta":{}},{"ancestorTitles":["Header Copy Link","Breadcrumb Format"],"fullName":"Header Copy Link Breadcrumb Format should build breadcrumb with page name and header hierarchy","status":"passed","title":"should build breadcrumb with page name and header hierarchy","duration":0.6055430000000115,"failureMessages":[],"meta":{}},{"ancestorTitles":["Header Copy Link","Breadcrumb Format"],"fullName":"Header Copy Link Breadcrumb Format should convert hyphens to spaces in page name","status":"passed","title":"should convert hyphens to spaces in page name","duration":0.3042489999999134,"failureMessages":[],"meta":{}},{"ancestorTitles":["Header Copy Link","Breadcrumb Format"],"fullName":"Header Copy Link Breadcrumb Format should handle index page correctly","status":"passed","title":"should handle index page correctly","duration":0.3136259999999993,"failureMessages":[],"meta":{}},{"ancestorTitles":["Header Copy Link","Breadcrumb Format"],"fullName":"Header Copy Link Breadcrumb Format should show correct hierarchy for AI Journal diary entry","status":"passed","title":"should show correct hierarchy for AI Journal diary entry","duration":0.3466879999999719,"failureMessages":[],"meta":{}},{"ancestorTitles":["Header Copy Link","Breadcrumb Format"],"fullName":"Header Copy Link Breadcrumb Format should handle deeply nested headers with depth limit","status":"passed","title":"should handle deeply nested headers with depth limit","duration":0.35096600000008493,"failureMessages":[],"meta":{}},{"ancestorTitles":["Header Copy Link","Breadcrumb Format"],"fullName":"Header Copy Link Breadcrumb Format should use most recent parent header when duplicates exist","status":"passed","title":"should use most recent parent header when duplicates exist","duration":0.3422099999999091,"failureMessages":[],"meta":{}},{"ancestorTitles":["Header Copy Link","Breadcrumb Format"],"fullName":"Header Copy Link Breadcrumb Format should handle missing intermediate header levels","status":"passed","title":"should handle missing intermediate header levels","duration":0.3376220000000103,"failureMessages":[],"meta":{}},{"ancestorTitles":["Header Copy Link","Breadcrumb Format"],"fullName":"Header Copy Link Breadcrumb Format should handle AI Journal nested subsection breadcrumb","status":"passed","title":"should handle AI Journal nested subsection breadcrumb","duration":0.3558050000000321,"failureMessages":[],"meta":{}},{"ancestorTitles":["Header Copy Link","GitHub Issue Creation"],"fullName":"Header Copy Link GitHub Issue Creation should add GitHub issue icon alongside copy link icon","status":"passed","title":"should add GitHub issue icon alongside copy link icon","duration":0.6108519999999089,"failureMessages":[],"meta":{}},{"ancestorTitles":["Header Copy Link","GitHub Issue Creation"],"fullName":"Header Copy Link GitHub Issue Creation should show popup when GitHub icon is clicked","status":"passed","title":"should show popup when GitHub icon is clicked","duration":14.439964000000032,"failureMessages":[],"meta":{}},{"ancestorTitles":["Header Copy Link","GitHub Issue Creation"],"fullName":"Header Copy Link GitHub Issue Creation should open GitHub issue with custom description when popup is submitted","status":"passed","title":"should open GitHub issue with custom description when popup is submitted","duration":1.4666330000000016,"failureMessages":[],"meta":{}},{"ancestorTitles":["Header Copy Link","GitHub Issue Creation"],"fullName":"Header Copy Link GitHub Issue Creation should include content excerpt when no custom description provided","status":"passed","title":"should include content excerpt when no custom description provided","duration":1.1692070000000285,"failureMessages":[],"meta":{}},{"ancestorTitles":["Header Copy Link","GitHub Issue Creation"],"fullName":"Header Copy Link GitHub Issue Creation should truncate long content excerpts to 500 characters","status":"passed","title":"should truncate long content excerpts to 500 characters","duration":1.2662189999999782,"failureMessages":[],"meta":{}},{"ancestorTitles":["Header Copy Link","GitHub Issue Creation"],"fullName":"Header Copy Link GitHub Issue Creation should skip empty paragraphs and find first non-empty one","status":"passed","title":"should skip empty paragraphs and find first non-empty one","duration":1.2914050000000543,"failureMessages":[],"meta":{}},{"ancestorTitles":["URL Transformation Logic"],"fullName":"URL Transformation Logic should transform URL correctly: localhost to production with long anchor","status":"passed","title":"should transform URL correctly: localhost to production with long anchor","duration":2.007464999999911,"failureMessages":[],"meta":{}},{"ancestorTitles":["URL Transformation Logic"],"fullName":"URL Transformation Logic should transform URL correctly: production domain mapping","status":"passed","title":"should transform URL correctly: production domain mapping","duration":1.6360799999999927,"failureMessages":[],"meta":{}},{"ancestorTitles":["URL Transformation Logic"],"fullName":"URL Transformation Logic should transform URL correctly: simple case","status":"passed","title":"should transform URL correctly: simple case","duration":1.502791000000002,"failureMessages":[],"meta":{}}],"startTime":1757348352343,"endTime":1757348352414.5027,"status":"passed","message":"","name":"/home/runner/work/idvorkin.github.io/idvorkin.github.io/src/__tests__/header-copy-link.test.ts"},{"assertionResults":[{"ancestorTitles":["Index Module"],"fullName":"Index Module should initialize when ready","status":"passed","title":"should initialize when ready","duration":17.706084000000033,"failureMessages":[],"meta":{}}],"startTime":1757348355838,"endTime":1757348355855.706,"status":"passed","message":"","name":"/home/runner/work/idvorkin.github.io/idvorkin.github.io/src/__tests__/index.test.ts"},{"assertionResults":[{"ancestorTitles":["Main module functions","shuffle"],"fullName":"Main module functions shuffle should return an array of the same length","status":"passed","title":"should return an array of the same length","duration":1.5403009999999995,"failureMessages":[],"meta":{}},{"ancestorTitles":["Main module functions","shuffle"],"fullName":"Main module functions shuffle should contain all the same elements","status":"passed","title":"should contain all the same elements","duration":0.697765000000004,"failureMessages":[],"meta":{}},{"ancestorTitles":["Main module functions","random_from_list"],"fullName":"Main module functions random_from_list should return an element from the list","status":"passed","title":"should return an element from the list","duration":0.8904250000000502,"failureMessages":[],"meta":{}},{"ancestorTitles":["Main module functions","random_from_list"],"fullName":"Main module functions random_from_list should return undefined for empty list","status":"passed","title":"should return undefined for empty list","duration":0.20873099999994338,"failureMessages":[],"meta":{}},{"ancestorTitles":["Main module functions","load_globals function"],"fullName":"Main module functions load_globals function should initialize recent posts module","status":"passed","title":"should initialize recent posts module","duration":12.610137000000009,"failureMessages":[],"meta":{}},{"ancestorTitles":["Main module functions","load_globals function"],"fullName":"Main module functions load_globals function should initialize recent all posts if container exists","status":"passed","title":"should initialize recent all posts if container exists","duration":17.957300999999916,"failureMessages":[],"meta":{}},{"ancestorTitles":["Main module functions","load_globals function"],"fullName":"Main module functions load_globals function should not initialize recent all posts if container doesn't exist","status":"passed","title":"should not initialize recent all posts if container doesn't exist","duration":19.875386999999932,"failureMessages":[],"meta":{}},{"ancestorTitles":["Main module functions","load_globals function"],"fullName":"Main module functions load_globals function should call generateToc for both toc containers","status":"passed","title":"should call generateToc for both toc containers","duration":16.725544000000014,"failureMessages":[],"meta":{}},{"ancestorTitles":["Main module functions","TOC functions"],"fullName":"Main module functions TOC functions should warn when TOC elements are not found","status":"passed","title":"should warn when TOC elements are not found","duration":0.661467000000016,"failureMessages":[],"meta":{}},{"ancestorTitles":["Main module functions","URL swapping function"],"fullName":"Main module functions URL swapping function should handle production URL swapping","status":"passed","title":"should handle production URL swapping","duration":0.532024999999976,"failureMessages":[],"meta":{}}],"startTime":1757348354526,"endTime":1757348354598.532,"status":"passed","message":"","name":"/home/runner/work/idvorkin.github.io/idvorkin.github.io/src/__tests__/main.test.ts"},{"assertionResults":[{"ancestorTitles":["Page Loader","makePostPreviewHTML"],"fullName":"Page Loader makePostPreviewHTML should generate correct HTML for a post preview","status":"passed","title":"should generate correct HTML for a post preview","duration":2.41748199999995,"failureMessages":[],"meta":{}},{"ancestorTitles":["Page Loader","makePostPreviewHTML"],"fullName":"Page Loader makePostPreviewHTML should encode URLs correctly","status":"passed","title":"should encode URLs correctly","duration":0.4480280000000221,"failureMessages":[],"meta":{}},{"ancestorTitles":["Page Loader","make_random_post_html"],"fullName":"Page Loader make_random_post_html should generate HTML for a random post","status":"passed","title":"should generate HTML for a random post","duration":1.0704430000000684,"failureMessages":[],"meta":{}},{"ancestorTitles":["Page Loader","make_random_post_html"],"fullName":"Page Loader make_random_post_html should handle errors gracefully","status":"passed","title":"should handle errors gracefully","duration":0.8333690000000615,"failureMessages":[],"meta":{}},{"ancestorTitles":["Page Loader","load_random_eulogy"],"fullName":"Page Loader load_random_eulogy should load random eulogy roles","status":"passed","title":"should load random eulogy roles","duration":2.015178999999989,"failureMessages":[],"meta":{}},{"ancestorTitles":["Page Loader","load_random_eulogy"],"fullName":"Page Loader load_random_eulogy should use default element IDs if not provided","status":"passed","title":"should use default element IDs if not provided","duration":0.9623100000000022,"failureMessages":[],"meta":{}},{"ancestorTitles":["Page Loader","load_random_eulogy"],"fullName":"Page Loader load_random_eulogy should handle errors gracefully","status":"passed","title":"should handle errors gracefully","duration":0.5239500000000135,"failureMessages":[],"meta":{}},{"ancestorTitles":["Page Loader","load_enjoy2"],"fullName":"Page Loader load_enjoy2 should load content for the Enjoy page","status":"passed","title":"should load content for the Enjoy page","duration":2.5286800000000085,"failureMessages":[],"meta":{}},{"ancestorTitles":["Page Loader","load_enjoy2"],"fullName":"Page Loader load_enjoy2 should handle errors gracefully","status":"passed","title":"should handle errors gracefully","duration":0.4945950000000039,"failureMessages":[],"meta":{}},{"ancestorTitles":["Page Loader","load_7_habits"],"fullName":"Page Loader load_7_habits should load content for the 7 Habits page","status":"passed","title":"should load content for the 7 Habits page","duration":0.5926690000000008,"failureMessages":[],"meta":{}},{"ancestorTitles":["Page Loader","load_7_habits"],"fullName":"Page Loader load_7_habits should handle errors gracefully","status":"passed","title":"should handle errors gracefully","duration":0.5062270000000808,"failureMessages":[],"meta":{}},{"ancestorTitles":["Page Loader","load_ig66"],"fullName":"Page Loader load_ig66 should load content for the IG66 page","status":"passed","title":"should load content for the IG66 page","duration":0.39949699999999666,"failureMessages":[],"meta":{}},{"ancestorTitles":["Page Loader","load_ig66"],"fullName":"Page Loader load_ig66 should handle errors gracefully","status":"passed","title":"should handle errors gracefully","duration":0.504203000000075,"failureMessages":[],"meta":{}},{"ancestorTitles":["Page Loader","load_balance"],"fullName":"Page Loader load_balance should load content for the Balance page","status":"passed","title":"should load content for the Balance page","duration":0.7912400000000162,"failureMessages":[],"meta":{}},{"ancestorTitles":["Page Loader","load_balance"],"fullName":"Page Loader load_balance should handle errors gracefully","status":"passed","title":"should handle errors gracefully","duration":0.3205489999999145,"failureMessages":[],"meta":{}},{"ancestorTitles":["Page Loader","make_radar_map"],"fullName":"Page Loader make_radar_map should create a radar map visualization","status":"passed","title":"should create a radar map visualization","duration":0.5357020000000148,"failureMessages":[],"meta":{}},{"ancestorTitles":["Page Loader","make_radar_map"],"fullName":"Page Loader make_radar_map should handle missing Plotly","status":"passed","title":"should handle missing Plotly","duration":0.2869660000000067,"failureMessages":[],"meta":{}},{"ancestorTitles":["Page Loader","make_radar_map"],"fullName":"Page Loader make_radar_map should handle errors gracefully","status":"passed","title":"should handle errors gracefully","duration":0.3559859999999162,"failureMessages":[],"meta":{}},{"ancestorTitles":["Page Loader","make_balance_chart_by_work"],"fullName":"Page Loader make_balance_chart_by_work should create a work balance chart","status":"passed","title":"should create a work balance chart","duration":0.5545980000000554,"failureMessages":[],"meta":{}},{"ancestorTitles":["Page Loader","make_balance_chart_by_work"],"fullName":"Page Loader make_balance_chart_by_work should handle missing Plotly","status":"passed","title":"should handle missing Plotly","duration":0.2558489999998983,"failureMessages":[],"meta":{}},{"ancestorTitles":["Page Loader","make_balance_chart_by_work"],"fullName":"Page Loader make_balance_chart_by_work should handle errors gracefully","status":"passed","title":"should handle errors gracefully","duration":0.45517099999995025,"failureMessages":[],"meta":{}},{"ancestorTitles":["Page Loader","make_balance_chart_by_desired_time_rest"],"fullName":"Page Loader make_balance_chart_by_desired_time_rest should create a rest time chart","status":"passed","title":"should create a rest time chart","duration":0.4293329999999287,"failureMessages":[],"meta":{}},{"ancestorTitles":["Page Loader","make_balance_chart_by_desired_time_rest"],"fullName":"Page Loader make_balance_chart_by_desired_time_rest should handle missing Plotly","status":"passed","title":"should handle missing Plotly","duration":0.2801240000000007,"failureMessages":[],"meta":{}},{"ancestorTitles":["Page Loader","make_balance_chart_by_desired_time_rest"],"fullName":"Page Loader make_balance_chart_by_desired_time_rest should handle errors gracefully","status":"passed","title":"should handle errors gracefully","duration":0.30710399999998117,"failureMessages":[],"meta":{}},{"ancestorTitles":["Page Loader","SevenHabits"],"fullName":"Page Loader SevenHabits should create a tree with the correct structure","status":"passed","title":"should create a tree with the correct structure","duration":0.41020800000001145,"failureMessages":[],"meta":{}},{"ancestorTitles":["Page Loader","ThingsIEnjoy"],"fullName":"Page Loader ThingsIEnjoy should create a tree with the correct structure","status":"passed","title":"should create a tree with the correct structure","duration":1.8973359999999957,"failureMessages":[],"meta":{}},{"ancestorTitles":["Page Loader","Constants"],"fullName":"Page Loader Constants should export the correct constants","status":"passed","title":"should export the correct constants","duration":0.489755999999943,"failureMessages":[],"meta":{}}],"startTime":1757348353138,"endTime":1757348353160.4897,"status":"passed","message":"","name":"/home/runner/work/idvorkin.github.io/idvorkin.github.io/src/__tests__/page-loader.test.ts"},{"assertionResults":[{"ancestorTitles":["Random Prompter","TreeNode"],"fullName":"Random Prompter TreeNode should create a tree node with given properties","status":"passed","title":"should create a tree node with given properties","duration":2.63881600000002,"failureMessages":[],"meta":{}},{"ancestorTitles":["Random Prompter","TreeNode"],"fullName":"Random Prompter TreeNode should use default values when not provided","status":"passed","title":"should use default values when not provided","duration":0.7828240000000051,"failureMessages":[],"meta":{}},{"ancestorTitles":["Random Prompter","breadth_first_walk"],"fullName":"Random Prompter breadth_first_walk should return empty if node is null","status":"passed","title":"should return empty if node is null","duration":0.32984700000008615,"failureMessages":[],"meta":{}},{"ancestorTitles":["Random Prompter","breadth_first_walk"],"fullName":"Random Prompter breadth_first_walk should walk the tree in breadth-first order","status":"passed","title":"should walk the tree in breadth-first order","duration":0.38490999999999076,"failureMessages":[],"meta":{}},{"ancestorTitles":["Random Prompter","tree_to_plotly_data_format"],"fullName":"Random Prompter tree_to_plotly_data_format should convert tree to plotly format","status":"passed","title":"should convert tree to plotly format","duration":0.4624949999999899,"failureMessages":[],"meta":{}},{"ancestorTitles":["Random Prompter","category_to_prompts"],"fullName":"Random Prompter category_to_prompts should extract prompts from categories","status":"skipped","title":"should extract prompts from categories","failureMessages":[],"meta":{}},{"ancestorTitles":["Random Prompter","render_prompt_for_category"],"fullName":"Random Prompter render_prompt_for_category should render a prompt for a category","status":"passed","title":"should render a prompt for a category","duration":1.5930099999999356,"failureMessages":[],"meta":{}},{"ancestorTitles":["Random Prompter","add_random_prompts"],"fullName":"Random Prompter add_random_prompts should add random prompts for all categories","status":"passed","title":"should add random prompts for all categories","duration":0.7089260000000195,"failureMessages":[],"meta":{}},{"ancestorTitles":["Random Prompter","add_sunburst"],"fullName":"Random Prompter add_sunburst should create a sunburst visualization","status":"passed","title":"should create a sunburst visualization","duration":0.866751000000022,"failureMessages":[],"meta":{}},{"ancestorTitles":["Random Prompter","add_sunburst"],"fullName":"Random Prompter add_sunburst should handle missing Plotly","status":"passed","title":"should handle missing Plotly","duration":0.4154670000000351,"failureMessages":[],"meta":{}},{"ancestorTitles":["Random Prompter","add_sunburst"],"fullName":"Random Prompter add_sunburst should handle errors during plot creation","status":"passed","title":"should handle errors during plot creation","duration":0.8174789999999348,"failureMessages":[],"meta":{}},{"ancestorTitles":["Random Prompter","random_prompt_for_label"],"fullName":"Random Prompter random_prompt_for_label should find a random prompt for a label","status":"passed","title":"should find a random prompt for a label","duration":0.5097140000000309,"failureMessages":[],"meta":{}},{"ancestorTitles":["Random Prompter","category_to_prompts_text"],"fullName":"Random Prompter category_to_prompts_text should convert category elements to text with prompts","status":"passed","title":"should convert category elements to text with prompts","duration":0.730686999999989,"failureMessages":[],"meta":{}},{"ancestorTitles":["Random Prompter","extract_tree_from_dom"],"fullName":"Random Prompter extract_tree_from_dom should extract tree structure from H2 and H3 elements","status":"passed","title":"should extract tree structure from H2 and H3 elements","duration":1.237745000000018,"failureMessages":[],"meta":{}},{"ancestorTitles":["Random Prompter","extract_tree_from_dom"],"fullName":"Random Prompter extract_tree_from_dom should handle H2 elements with multiple H3 children","status":"passed","title":"should handle H2 elements with multiple H3 children","duration":0.97615600000006,"failureMessages":[],"meta":{}},{"ancestorTitles":["Random Prompter","extract_tree_from_dom"],"fullName":"Random Prompter extract_tree_from_dom should handle malformed DOM with no elements","status":"passed","title":"should handle malformed DOM with no elements","duration":0.41396399999996447,"failureMessages":[],"meta":{}},{"ancestorTitles":["Random Prompter","extract_tree_from_dom"],"fullName":"Random Prompter extract_tree_from_dom should use default parameters when not provided","status":"passed","title":"should use default parameters when not provided","duration":0.534039000000007,"failureMessages":[],"meta":{}},{"ancestorTitles":["Random Prompter","extract_tree_from_dom"],"fullName":"Random Prompter extract_tree_from_dom should handle mixed content between H2 elements","status":"passed","title":"should handle mixed content between H2 elements","duration":0.7616940000000341,"failureMessages":[],"meta":{}},{"ancestorTitles":["Random Prompter","extract_tree_from_dom"],"fullName":"Random Prompter extract_tree_from_dom should use container selector when provided","status":"passed","title":"should use container selector when provided","duration":0.24460800000008476,"failureMessages":[],"meta":{}}],"startTime":1757348353113,"endTime":1757348353129.2446,"status":"passed","message":"","name":"/home/runner/work/idvorkin.github.io/idvorkin.github.io/src/__tests__/random-prompter.test.ts"},{"assertionResults":[{"ancestorTitles":["Recent Posts Module","fetchBacklinksData"],"fullName":"Recent Posts Module fetchBacklinksData should fetch and return URL info map","status":"passed","title":"should fetch and return URL info map","duration":7.72175500000003,"failureMessages":[],"meta":{}},{"ancestorTitles":["Recent Posts Module","fetchBacklinksData"],"fullName":"Recent Posts Module fetchBacklinksData should throw error if url_info is missing","status":"passed","title":"should throw error if url_info is missing","duration":3.7900489999999536,"failureMessages":[],"meta":{}},{"ancestorTitles":["Recent Posts Module","convertToPages"],"fullName":"Recent Posts Module convertToPages should convert URL info map to array of page objects","status":"passed","title":"should convert URL info map to array of page objects","duration":2.665354999999977,"failureMessages":[],"meta":{}},{"ancestorTitles":["Recent Posts Module","convertToPages"],"fullName":"Recent Posts Module convertToPages should handle missing properties with defaults","status":"passed","title":"should handle missing properties with defaults","duration":1.5061470000000554,"failureMessages":[],"meta":{}},{"ancestorTitles":["Recent Posts Module","filterRealPages"],"fullName":"Recent Posts Module filterRealPages should filter out pages with empty titles or descriptions","status":"passed","title":"should filter out pages with empty titles or descriptions","duration":1.5212960000000066,"failureMessages":[],"meta":{}},{"ancestorTitles":["Recent Posts Module","sortPagesByDate"],"fullName":"Recent Posts Module sortPagesByDate should sort pages by last_modified date, newest first","status":"passed","title":"should sort pages by last_modified date, newest first","duration":1.1549509999999827,"failureMessages":[],"meta":{}},{"ancestorTitles":["Recent Posts Module","sortPagesByDate"],"fullName":"Recent Posts Module sortPagesByDate should fallback to doc_size if last_modified dates are missing","status":"passed","title":"should fallback to doc_size if last_modified dates are missing","duration":0.9673599999999851,"failureMessages":[],"meta":{}},{"ancestorTitles":["Recent Posts Module","sortPagesByDate"],"fullName":"Recent Posts Module sortPagesByDate should not modify the original array","status":"passed","title":"should not modify the original array","duration":0.9647149999999556,"failureMessages":[],"meta":{}},{"ancestorTitles":["Recent Posts Module","getRecentPages"],"fullName":"Recent Posts Module getRecentPages should return the specified number of pages","status":"passed","title":"should return the specified number of pages","duration":2.1466050000000223,"failureMessages":[],"meta":{}},{"ancestorTitles":["Recent Posts Module","getRecentPages"],"fullName":"Recent Posts Module getRecentPages should handle array with fewer pages than requested count","status":"passed","title":"should handle array with fewer pages than requested count","duration":1.0579989999999952,"failureMessages":[],"meta":{}},{"ancestorTitles":["Recent Posts Module","generateRecentPagesHTML"],"fullName":"Recent Posts Module generateRecentPagesHTML should generate correct HTML for recent pages","status":"passed","title":"should generate correct HTML for recent pages","duration":1.3264910000000327,"failureMessages":[],"meta":{}},{"ancestorTitles":["Recent Posts Module","generateRecentPagesHTML"],"fullName":"Recent Posts Module generateRecentPagesHTML should truncate descriptions longer than 100 characters","status":"passed","title":"should truncate descriptions longer than 100 characters","duration":0.825554000000011,"failureMessages":[],"meta":{}},{"ancestorTitles":["Recent Posts Module","generateRecentPagesHTML"],"fullName":"Recent Posts Module generateRecentPagesHTML should show message for empty pages array","status":"passed","title":"should show message for empty pages array","duration":0.6422810000000254,"failureMessages":[],"meta":{}},{"ancestorTitles":["Recent Posts Module","updateRecentPosts"],"fullName":"Recent Posts Module updateRecentPosts should update the container with recent posts HTML","status":"passed","title":"should update the container with recent posts HTML","duration":4.666248999999993,"failureMessages":[],"meta":{}},{"ancestorTitles":["Recent Posts Module","updateRecentPosts"],"fullName":"Recent Posts Module updateRecentPosts should show error message when getProcessedPages fails","status":"passed","title":"should show error message when getProcessedPages fails","duration":15.867969000000016,"failureMessages":[],"meta":{}},{"ancestorTitles":["Recent Posts Module","updateRecentPosts"],"fullName":"Recent Posts Module updateRecentPosts should do nothing if container is not found","status":"passed","title":"should do nothing if container is not found","duration":0.8432780000000548,"failureMessages":[],"meta":{}},{"ancestorTitles":["Recent Posts Module","initRecentPosts"],"fullName":"Recent Posts Module initRecentPosts should call updateRecentPosts immediately if document is loaded","status":"passed","title":"should call updateRecentPosts immediately if document is loaded","duration":2.074810999999954,"failureMessages":[],"meta":{}},{"ancestorTitles":["Recent Posts Module","initRecentPosts"],"fullName":"Recent Posts Module initRecentPosts should add event listener if document is still loading","status":"passed","title":"should add event listener if document is still loading","duration":1.3908509999999978,"failureMessages":[],"meta":{}}],"startTime":1757348352355,"endTime":1757348352407.3909,"status":"passed","message":"","name":"/home/runner/work/idvorkin.github.io/idvorkin.github.io/src/__tests__/recent-posts.test.ts"},{"assertionResults":[{"ancestorTitles":["Recent Module","groupPagesByMonthYear"],"fullName":"Recent Module groupPagesByMonthYear should group pages by month and year","status":"passed","title":"should group pages by month and year","duration":6.795561000000021,"failureMessages":[],"meta":{}},{"ancestorTitles":["Recent Module","groupPagesByMonthYear"],"fullName":"Recent Module groupPagesByMonthYear should handle empty arrays","status":"passed","title":"should handle empty arrays","duration":2.2031109999999217,"failureMessages":[],"meta":{}},{"ancestorTitles":["Recent Module","groupPagesByMonthYear"],"fullName":"Recent Module groupPagesByMonthYear should skip pages without last_modified dates","status":"passed","title":"should skip pages without last_modified dates","duration":1.53474099999994,"failureMessages":[],"meta":{}},{"ancestorTitles":["Recent Module","generateGroupedPagesHTML"],"fullName":"Recent Module generateGroupedPagesHTML should generate correct HTML for grouped pages","status":"passed","title":"should generate correct HTML for grouped pages","duration":1.280746000000022,"failureMessages":[],"meta":{}},{"ancestorTitles":["Recent Module","generateGroupedPagesHTML"],"fullName":"Recent Module generateGroupedPagesHTML should format dates in the expected format","status":"passed","title":"should format dates in the expected format","duration":1.1070109999999431,"failureMessages":[],"meta":{}},{"ancestorTitles":["Recent Module","generateGroupedPagesHTML"],"fullName":"Recent Module generateGroupedPagesHTML should truncate descriptions longer than 150 characters","status":"passed","title":"should truncate descriptions longer than 150 characters","duration":1.142417000000023,"failureMessages":[],"meta":{}},{"ancestorTitles":["Recent Module","createToggleSection"],"fullName":"Recent Module createToggleSection should create toggle section with correct content","status":"passed","title":"should create toggle section with correct content","duration":1.218609000000015,"failureMessages":[],"meta":{}},{"ancestorTitles":["Recent Module","generateStyles"],"fullName":"Recent Module generateStyles should generate CSS styles as a string","status":"passed","title":"should generate CSS styles as a string","duration":1.1712309999999206,"failureMessages":[],"meta":{}},{"ancestorTitles":["Recent Module","setupToggleEventListener"],"fullName":"Recent Module setupToggleEventListener should add click event listener to toggle element","status":"passed","title":"should add click event listener to toggle element","duration":5.824384000000009,"failureMessages":[],"meta":{}},{"ancestorTitles":["Recent Module","setupToggleEventListener"],"fullName":"Recent Module setupToggleEventListener should handle missing toggle element","status":"passed","title":"should handle missing toggle element","duration":3.5214059999999563,"failureMessages":[],"meta":{}},{"ancestorTitles":["Recent Module","setupToggleEventListener"],"fullName":"Recent Module setupToggleEventListener should toggle content visibility when clicked","status":"passed","title":"should toggle content visibility when clicked","duration":6.81681100000003,"failureMessages":[],"meta":{}},{"ancestorTitles":["Recent Module","generateRecentPostsHTML"],"fullName":"Recent Module generateRecentPostsHTML should generate complete HTML for posts display","status":"passed","title":"should generate complete HTML for posts display","duration":1.0234439999999267,"failureMessages":[],"meta":{}},{"ancestorTitles":["Recent Module","generateRecentPostsHTML"],"fullName":"Recent Module generateRecentPostsHTML should return message when no pages are provided","status":"passed","title":"should return message when no pages are provided","duration":0.4068609999999353,"failureMessages":[],"meta":{}},{"ancestorTitles":["Recent Module","generateRecentPostsHTML"],"fullName":"Recent Module generateRecentPostsHTML should use default initialPostsCount of 15","status":"passed","title":"should use default initialPostsCount of 15","duration":0.9648750000000064,"failureMessages":[],"meta":{}},{"ancestorTitles":["Recent Module","updateRecentPosts"],"fullName":"Recent Module updateRecentPosts should update container with posts HTML","status":"passed","title":"should update container with posts HTML","duration":9.642945999999938,"failureMessages":[],"meta":{}},{"ancestorTitles":["Recent Module","updateRecentPosts"],"fullName":"Recent Module updateRecentPosts should handle empty results","status":"passed","title":"should handle empty results","duration":1.1863690000000133,"failureMessages":[],"meta":{}},{"ancestorTitles":["Recent Module","updateRecentPosts"],"fullName":"Recent Module updateRecentPosts should handle errors","status":"passed","title":"should handle errors","duration":10.144812000000002,"failureMessages":[],"meta":{}},{"ancestorTitles":["Recent Module","updateRecentPosts"],"fullName":"Recent Module updateRecentPosts should do nothing if container is not found","status":"passed","title":"should do nothing if container is not found","duration":1.006452999999965,"failureMessages":[],"meta":{}},{"ancestorTitles":["Recent Module","initRecentAllPosts"],"fullName":"Recent Module initRecentAllPosts should call updateRecentPosts immediately if document is already loaded","status":"passed","title":"should call updateRecentPosts immediately if document is already loaded","duration":1.213940999999977,"failureMessages":[],"meta":{}},{"ancestorTitles":["Recent Module","initRecentAllPosts"],"fullName":"Recent Module initRecentAllPosts should add event listener if document is still loading","status":"passed","title":"should add event listener if document is still loading","duration":0.6738810000000512,"failureMessages":[],"meta":{}}],"startTime":1757348352358,"endTime":1757348352417.6738,"status":"passed","message":"","name":"/home/runner/work/idvorkin.github.io/idvorkin.github.io/src/__tests__/recent.test.ts"},{"assertionResults":[{"ancestorTitles":["Search Module","getParameterByName"],"fullName":"Search Module getParameterByName should extract a parameter from a URL","status":"passed","title":"should extract a parameter from a URL","duration":2.158527000000049,"failureMessages":[],"meta":{}},{"ancestorTitles":["Search Module","getParameterByName"],"fullName":"Search Module getParameterByName should return null when parameter doesn't exist","status":"passed","title":"should return null when parameter doesn't exist","duration":0.642631999999935,"failureMessages":[],"meta":{}},{"ancestorTitles":["Search Module","getParameterByName"],"fullName":"Search Module getParameterByName should return empty string when parameter has no value","status":"passed","title":"should return empty string when parameter has no value","duration":0.7098280000000159,"failureMessages":[],"meta":{}},{"ancestorTitles":["Search Module","getParameterByName"],"fullName":"Search Module getParameterByName should handle URL encoded values","status":"passed","title":"should handle URL encoded values","duration":0.6479420000000573,"failureMessages":[],"meta":{}},{"ancestorTitles":["Search Module","getParameterByName"],"fullName":"Search Module getParameterByName should use window.location.href when no URL is provided","status":"passed","title":"should use window.location.href when no URL is provided","duration":0.41677900000001955,"failureMessages":[],"meta":{}},{"ancestorTitles":["Search Module","InstantSearchHitTemplate"],"fullName":"Search Module InstantSearchHitTemplate should generate HTML for a hit with title and content","status":"passed","title":"should generate HTML for a hit with title and content","duration":1.5559600000000273,"failureMessages":[],"meta":{}},{"ancestorTitles":["Search Module","InstantSearchHitTemplate"],"fullName":"Search Module InstantSearchHitTemplate should generate HTML for a hit with anchor","status":"passed","title":"should generate HTML for a hit with anchor","duration":0.6102109999999357,"failureMessages":[],"meta":{}},{"ancestorTitles":["Search Module","InstantSearchHitTemplate"],"fullName":"Search Module InstantSearchHitTemplate should handle hits without highlighted content","status":"passed","title":"should handle hits without highlighted content","duration":0.6431130000000849,"failureMessages":[],"meta":{}},{"ancestorTitles":["Search Module","InstantSearchHitTemplate"],"fullName":"Search Module InstantSearchHitTemplate should handle errors and return 'invalid HTML'","status":"passed","title":"should handle errors and return 'invalid HTML'","duration":2.443760999999995,"failureMessages":[],"meta":{}},{"ancestorTitles":["Search Module","CreateSearch"],"fullName":"Search Module CreateSearch should create a search instance with the correct configuration","status":"passed","title":"should create a search instance with the correct configuration","duration":1.6793319999999312,"failureMessages":[],"meta":{}},{"ancestorTitles":["Search Module","CreateAutoComplete"],"fullName":"Search Module CreateAutoComplete should create an autocomplete instance with correct configuration","status":"skipped","title":"should create an autocomplete instance with correct configuration","failureMessages":[],"meta":{}},{"ancestorTitles":["Search Module","CreateAutoComplete"],"fullName":"Search Module CreateAutoComplete should handle element not found error","status":"skipped","title":"should handle element not found error","failureMessages":[],"meta":{}},{"ancestorTitles":["Search Module","CreateAutoComplete"],"fullName":"Search Module CreateAutoComplete should handle autocompleteId with or without # prefix","status":"skipped","title":"should handle autocompleteId with or without # prefix","failureMessages":[],"meta":{}}],"startTime":1757348353133,"endTime":1757348353145.6794,"status":"passed","message":"","name":"/home/runner/work/idvorkin.github.io/idvorkin.github.io/src/__tests__/search.test.ts"},{"assertionResults":[{"ancestorTitles":["Shared Utility Functions","MakeBackLinkHTML"],"fullName":"Shared Utility Functions MakeBackLinkHTML should generate correct HTML for a backlink","status":"passed","title":"should generate correct HTML for a backlink","duration":2.006663000000003,"failureMessages":[],"meta":{}},{"ancestorTitles":["Shared Utility Functions","random_from_list"],"fullName":"Shared Utility Functions random_from_list should return an element from the list","status":"passed","title":"should return an element from the list","duration":0.9420519999999897,"failureMessages":[],"meta":{}},{"ancestorTitles":["Shared Utility Functions","random_from_list"],"fullName":"Shared Utility Functions random_from_list should return undefined for empty list","status":"passed","title":"should return undefined for empty list","duration":0.4645389999999452,"failureMessages":[],"meta":{}},{"ancestorTitles":["Shared Utility Functions","random_from_list"],"fullName":"Shared Utility Functions random_from_list should have a roughly even distribution over many calls","status":"passed","title":"should have a roughly even distribution over many calls","duration":1.1745469999999614,"failureMessages":[],"meta":{}},{"ancestorTitles":["Shared Utility Functions","shuffle"],"fullName":"Shared Utility Functions shuffle should return an array of the same length","status":"passed","title":"should return an array of the same length","duration":0.39442799999994804,"failureMessages":[],"meta":{}},{"ancestorTitles":["Shared Utility Functions","shuffle"],"fullName":"Shared Utility Functions shuffle should contain all the same elements","status":"passed","title":"should contain all the same elements","duration":0.8970879999999397,"failureMessages":[],"meta":{}},{"ancestorTitles":["Shared Utility Functions","shuffle"],"fullName":"Shared Utility Functions shuffle should change the order of elements (most of the time)","status":"passed","title":"should change the order of elements (most of the time)","duration":0.3576389999999492,"failureMessages":[],"meta":{}},{"ancestorTitles":["Shared Utility Functions","append_randomizer_div"],"fullName":"Shared Utility Functions append_randomizer_div should not append anything if parent is not found","status":"passed","title":"should not append anything if parent is not found","duration":4.8779839999999695,"failureMessages":[],"meta":{}},{"ancestorTitles":["Shared Utility Functions","append_randomizer_div"],"fullName":"Shared Utility Functions append_randomizer_div should append content from the factory when parent is found","status":"passed","title":"should append content from the factory when parent is found","duration":1.9885000000000446,"failureMessages":[],"meta":{}},{"ancestorTitles":["Shared Utility Functions","append_randomizer_div"],"fullName":"Shared Utility Functions append_randomizer_div should handle click events on non-link elements","status":"passed","title":"should handle click events on non-link elements","duration":1.3626890000000458,"failureMessages":[],"meta":{}},{"ancestorTitles":["Shared Utility Functions","append_randomizer_div"],"fullName":"Shared Utility Functions append_randomizer_div should not regenerate content when clicking on a link","status":"passed","title":"should not regenerate content when clicking on a link","duration":0.9110749999999825,"failureMessages":[],"meta":{}},{"ancestorTitles":["Shared Utility Functions","makeRedirectUrl"],"fullName":"Shared Utility Functions makeRedirectUrl should generate correct URL with path only","status":"passed","title":"should generate correct URL with path only","duration":0.16381599999999708,"failureMessages":[],"meta":{}},{"ancestorTitles":["Shared Utility Functions","makeRedirectUrl"],"fullName":"Shared Utility Functions makeRedirectUrl should generate correct URL with path and anchor","status":"passed","title":"should generate correct URL with path and anchor","duration":0.19613700000002154,"failureMessages":[],"meta":{}},{"ancestorTitles":["Shared Utility Functions","makeRedirectUrl"],"fullName":"Shared Utility Functions makeRedirectUrl should handle special characters in path","status":"passed","title":"should handle special characters in path","duration":0.21343899999999394,"failureMessages":[],"meta":{}},{"ancestorTitles":["Shared Utility Functions","makeRedirectUrl"],"fullName":"Shared Utility Functions makeRedirectUrl should handle empty anchor gracefully","status":"passed","title":"should handle empty anchor gracefully","duration":0.20355099999994763,"failureMessages":[],"meta":{}},{"ancestorTitles":["Shared Utility Functions","makeRedirectUrl"],"fullName":"Shared Utility Functions makeRedirectUrl should handle undefined anchor","status":"passed","title":"should handle undefined anchor","duration":0.1732839999999669,"failureMessages":[],"meta":{}}],"startTime":1757348354477,"endTime":1757348354495.2036,"status":"passed","message":"","name":"/home/runner/work/idvorkin.github.io/idvorkin.github.io/src/__tests__/shared.test.ts"},{"assertionResults":[{"ancestorTitles":["Summarize Page Functionality"],"fullName":"Summarize Page Functionality should not create duplicate entries when processing summary links","status":"passed","title":"should not create duplicate entries when processing summary links","duration":3.2727919999999813,"failureMessages":[],"meta":{}},{"ancestorTitles":["Summarize Page Functionality"],"fullName":"Summarize Page Functionality should handle redirects correctly without duplication","status":"passed","title":"should handle redirects correctly without duplication","duration":1.5298009999999067,"failureMessages":[],"meta":{}},{"ancestorTitles":["Summarize Page Functionality"],"fullName":"Summarize Page Functionality should identify the root cause of duplicate related posts","status":"passed","title":"should identify the root cause of duplicate related posts","duration":0.8330980000000636,"failureMessages":[],"meta":{}}],"startTime":1757348355842,"endTime":1757348355847.833,"status":"passed","message":"","name":"/home/runner/work/idvorkin.github.io/idvorkin.github.io/src/__tests__/summarize-page.test.ts"},{"assertionResults":[{"ancestorTitles":["SwapProdAndTest","when swapping from production to test"],"fullName":"SwapProdAndTest when swapping from production to test should swap from production to localhost with default port 4000","status":"passed","title":"should swap from production to localhost with default port 4000","duration":2.226293999999939,"failureMessages":[],"meta":{}},{"ancestorTitles":["SwapProdAndTest","when swapping from production to test"],"fullName":"SwapProdAndTest when swapping from production to test should preserve the current port when available","status":"passed","title":"should preserve the current port when available","duration":0.5199820000000273,"failureMessages":[],"meta":{}},{"ancestorTitles":["SwapProdAndTest","when swapping from test to production"],"fullName":"SwapProdAndTest when swapping from test to production should swap from localhost:4000 to production","status":"passed","title":"should swap from localhost:4000 to production","duration":0.49877300000002833,"failureMessages":[],"meta":{}},{"ancestorTitles":["SwapProdAndTest","when swapping from test to production"],"fullName":"SwapProdAndTest when swapping from test to production should swap from localhost:4002 to production","status":"passed","title":"should swap from localhost:4002 to production","duration":0.4306050000000141,"failureMessages":[],"meta":{}},{"ancestorTitles":["SwapProdAndTest","when swapping from test to production"],"fullName":"SwapProdAndTest when swapping from test to production should handle any port number","status":"passed","title":"should handle any port number","duration":0.31466899999998077,"failureMessages":[],"meta":{}}],"startTime":1757348355816,"endTime":1757348355820.3147,"status":"passed","message":"","name":"/home/runner/work/idvorkin.github.io/idvorkin.github.io/src/__tests__/swap-prod-test.test.ts"},{"assertionResults":[{"ancestorTitles":["TOC Generation with header icons"],"fullName":"TOC Generation with header icons should exclude header icon elements when generating TOC text","status":"passed","title":"should exclude header icon elements when generating TOC text","duration":10.77754200000004,"failureMessages":[],"meta":{}},{"ancestorTitles":["TOC Generation with header icons"],"fullName":"TOC Generation with header icons should handle headers with nested non-icon elements correctly","status":"passed","title":"should handle headers with nested non-icon elements correctly","duration":1.815525999999977,"failureMessages":[],"meta":{}},{"ancestorTitles":["TOC Generation with header icons"],"fullName":"TOC Generation with header icons should handle headers with only text content","status":"passed","title":"should handle headers with only text content","duration":0.7662329999999429,"failureMessages":[],"meta":{}},{"ancestorTitles":["TOC Generation with header icons"],"fullName":"TOC Generation with header icons should properly escape quotes in TOC text","status":"passed","title":"should properly escape quotes in TOC text","duration":1.1862189999999373,"failureMessages":[],"meta":{}},{"ancestorTitles":["TOC Generation with header icons"],"fullName":"TOC Generation with header icons should handle empty headers gracefully","status":"passed","title":"should handle empty headers gracefully","duration":1.1772419999999784,"failureMessages":[],"meta":{}}],"startTime":1757348354492,"endTime":1757348354508.1772,"status":"passed","message":"","name":"/home/runner/work/idvorkin.github.io/idvorkin.github.io/src/__tests__/toc-generation.test.ts"}]}