npx vitest run --reporter=verbose

[1m[7m[36m RUN [39m[27m[22m [36mv3.0.8 [39m[90m/home/runner/work/idvorkin.github.io/idvorkin.github.io[39m

[90mstdout[2m | src/__tests__/header-copy-link.test.ts[2m > [22m[2mHeader Copy Link[2m > [22m[2mCopy Functionality[2m > [22m[2mshould copy correct URL format
[22m[39mCopied header link: https://idvorkin--igor-blog-fastapi-app.modal.run/preview_text/?path=manager-book%23test-section&text_only=true

[90mstdout[2m | src/__tests__/recent.test.ts[2m > [22m[2mRecent Module[2m > [22m[2msetupToggleEventListener[2m > [22m[2mshould handle missing toggle element
[22m[39mToggle element with ID missing-toggle not found

[90mstderr[2m | src/__tests__/recent-posts.test.ts[2m > [22m[2mRecent Posts Module[2m > [22m[2mupdateRecentPosts[2m > [22m[2mshould show error message when getProcessedPages fails
[22m[39mâŒ Error loading recent posts: Error: Test error
    at [90m/home/runner/work/idvorkin.github.io/idvorkin.github.io/[39msrc/__tests__/recent-posts.test.ts:503:69
    at [90mfile:///home/runner/work/idvorkin.github.io/idvorkin.github.io/[39mnode_modules/[4m@vitest[24m/runner/dist/index.js:174:14
    at [90mfile:///home/runner/work/idvorkin.github.io/idvorkin.github.io/[39mnode_modules/[4m@vitest[24m/runner/dist/index.js:563:28
    at [90mfile:///home/runner/work/idvorkin.github.io/idvorkin.github.io/[39mnode_modules/[4m@vitest[24m/runner/dist/index.js:61:24
    at new Promise (<anonymous>)
    at runWithTimeout [90m(file:///home/runner/work/idvorkin.github.io/idvorkin.github.io/[39mnode_modules/[4m@vitest[24m/runner/dist/index.js:41:12[90m)[39m
    at runTest [90m(file:///home/runner/work/idvorkin.github.io/idvorkin.github.io/[39mnode_modules/[4m@vitest[24m/runner/dist/index.js:1149:17[90m)[39m
[90m    at processTicksAndRejections (node:internal/process/task_queues:95:5)[39m
    at runSuite [90m(file:///home/runner/work/idvorkin.github.io/idvorkin.github.io/[39mnode_modules/[4m@vitest[24m/runner/dist/index.js:1303:15[90m)[39m
    at runSuite [90m(file:///home/runner/work/idvorkin.github.io/idvorkin.github.io/[39mnode_modules/[4m@vitest[24m/runner/dist/index.js:1303:15[90m)[39m

[90mstderr[2m | src/__tests__/recent-posts.test.ts[2m > [22m[2mRecent Posts Module[2m > [22m[2mupdateRecentPosts[2m > [22m[2mshould do nothing if container is not found
[22m[39mâŒ non-existent-container container not found in DOM

 [32mâœ“[39m src/__tests__/recent-posts.test.ts[2m > [22mRecent Posts Module[2m > [22mfetchBacklinksData[2m > [22mshould fetch and return URL info map
 [32mâœ“[39m src/__tests__/recent-posts.test.ts[2m > [22mRecent Posts Module[2m > [22mfetchBacklinksData[2m > [22mshould throw error if url_info is missing
 [32mâœ“[39m src/__tests__/recent-posts.test.ts[2m > [22mRecent Posts Module[2m > [22mconvertToPages[2m > [22mshould convert URL info map to array of page objects
 [32mâœ“[39m src/__tests__/recent-posts.test.ts[2m > [22mRecent Posts Module[2m > [22mconvertToPages[2m > [22mshould handle missing properties with defaults
 [32mâœ“[39m src/__tests__/recent-posts.test.ts[2m > [22mRecent Posts Module[2m > [22mfilterRealPages[2m > [22mshould filter out pages with empty titles or descriptions
 [32mâœ“[39m src/__tests__/recent-posts.test.ts[2m > [22mRecent Posts Module[2m > [22msortPagesByDate[2m > [22mshould sort pages by last_modified date, newest first
 [32mâœ“[39m src/__tests__/recent-posts.test.ts[2m > [22mRecent Posts Module[2m > [22msortPagesByDate[2m > [22mshould fallback to doc_size if last_modified dates are missing
 [32mâœ“[39m src/__tests__/recent-posts.test.ts[2m > [22mRecent Posts Module[2m > [22msortPagesByDate[2m > [22mshould not modify the original array
 [32mâœ“[39m src/__tests__/recent-posts.test.ts[2m > [22mRecent Posts Module[2m > [22mgetRecentPages[2m > [22mshould return the specified number of pages
 [32mâœ“[39m src/__tests__/recent-posts.test.ts[2m > [22mRecent Posts Module[2m > [22mgetRecentPages[2m > [22mshould handle array with fewer pages than requested count
 [32mâœ“[39m src/__tests__/recent-posts.test.ts[2m > [22mRecent Posts Module[2m > [22mgenerateRecentPagesHTML[2m > [22mshould generate correct HTML for recent pages
 [32mâœ“[39m src/__tests__/recent-posts.test.ts[2m > [22mRecent Posts Module[2m > [22mgenerateRecentPagesHTML[2m > [22mshould truncate descriptions longer than 100 characters
 [32mâœ“[39m src/__tests__/recent-posts.test.ts[2m > [22mRecent Posts Module[2m > [22mgenerateRecentPagesHTML[2m > [22mshould show message for empty pages array
 [32mâœ“[39m src/__tests__/recent-posts.test.ts[2m > [22mRecent Posts Module[2m > [22mupdateRecentPosts[2m > [22mshould update the container with recent posts HTML
 [32mâœ“[39m src/__tests__/recent-posts.test.ts[2m > [22mRecent Posts Module[2m > [22mupdateRecentPosts[2m > [22mshould show error message when getProcessedPages fails
 [32mâœ“[39m src/__tests__/recent-posts.test.ts[2m > [22mRecent Posts Module[2m > [22mupdateRecentPosts[2m > [22mshould do nothing if container is not found
 [32mâœ“[39m src/__tests__/recent-posts.test.ts[2m > [22mRecent Posts Module[2m > [22minitRecentPosts[2m > [22mshould call updateRecentPosts immediately if document is loaded
 [32mâœ“[39m src/__tests__/recent-posts.test.ts[2m > [22mRecent Posts Module[2m > [22minitRecentPosts[2m > [22mshould add event listener if document is still loading
[90mstderr[2m | src/__tests__/header-copy-link.test.ts[2m > [22m[2mHeader Copy Link[2m > [22m[2mCopy Functionality[2m > [22m[2mshould handle clipboard API failure gracefully
[22m[39mFailed to copy header link: Error: Clipboard failed
    at [90m/home/runner/work/idvorkin.github.io/idvorkin.github.io/[39msrc/__tests__/header-copy-link.test.ts:305:62
    at [90mfile:///home/runner/work/idvorkin.github.io/idvorkin.github.io/[39mnode_modules/[4m@vitest[24m/runner/dist/index.js:174:14
    at [90mfile:///home/runner/work/idvorkin.github.io/idvorkin.github.io/[39mnode_modules/[4m@vitest[24m/runner/dist/index.js:563:28
    at [90mfile:///home/runner/work/idvorkin.github.io/idvorkin.github.io/[39mnode_modules/[4m@vitest[24m/runner/dist/index.js:61:24
    at new Promise (<anonymous>)
    at runWithTimeout [90m(file:///home/runner/work/idvorkin.github.io/idvorkin.github.io/[39mnode_modules/[4m@vitest[24m/runner/dist/index.js:41:12[90m)[39m
    at runTest [90m(file:///home/runner/work/idvorkin.github.io/idvorkin.github.io/[39mnode_modules/[4m@vitest[24m/runner/dist/index.js:1149:17[90m)[39m
[90m    at processTicksAndRejections (node:internal/process/task_queues:95:5)[39m
    at runSuite [90m(file:///home/runner/work/idvorkin.github.io/idvorkin.github.io/[39mnode_modules/[4m@vitest[24m/runner/dist/index.js:1303:15[90m)[39m
    at runSuite [90m(file:///home/runner/work/idvorkin.github.io/idvorkin.github.io/[39mnode_modules/[4m@vitest[24m/runner/dist/index.js:1303:15[90m)[39m

[90mstdout[2m | src/__tests__/recent.test.ts[2m > [22m[2mRecent Module[2m > [22m[2mupdateRecentPosts[2m > [22m[2mshould handle empty results
[22m[39mToggle element with ID remaining-posts-toggle not found

[90mstderr[2m | src/__tests__/recent.test.ts[2m > [22m[2mRecent Module[2m > [22m[2mupdateRecentPosts[2m > [22m[2mshould handle errors
[22m[39mâŒ Error loading recent posts: Error: Test error
    at [90m/home/runner/work/idvorkin.github.io/idvorkin.github.io/[39msrc/__tests__/recent.test.ts:392:69
    at [90mfile:///home/runner/work/idvorkin.github.io/idvorkin.github.io/[39mnode_modules/[4m@vitest[24m/runner/dist/index.js:174:14
    at [90mfile:///home/runner/work/idvorkin.github.io/idvorkin.github.io/[39mnode_modules/[4m@vitest[24m/runner/dist/index.js:563:28
    at [90mfile:///home/runner/work/idvorkin.github.io/idvorkin.github.io/[39mnode_modules/[4m@vitest[24m/runner/dist/index.js:61:24
    at new Promise (<anonymous>)
    at runWithTimeout [90m(file:///home/runner/work/idvorkin.github.io/idvorkin.github.io/[39mnode_modules/[4m@vitest[24m/runner/dist/index.js:41:12[90m)[39m
    at runTest [90m(file:///home/runner/work/idvorkin.github.io/idvorkin.github.io/[39mnode_modules/[4m@vitest[24m/runner/dist/index.js:1149:17[90m)[39m
[90m    at processTicksAndRejections (node:internal/process/task_queues:95:5)[39m
    at runSuite [90m(file:///home/runner/work/idvorkin.github.io/idvorkin.github.io/[39mnode_modules/[4m@vitest[24m/runner/dist/index.js:1303:15[90m)[39m
    at runSuite [90m(file:///home/runner/work/idvorkin.github.io/idvorkin.github.io/[39mnode_modules/[4m@vitest[24m/runner/dist/index.js:1303:15[90m)[39m

[90mstderr[2m | src/__tests__/recent.test.ts[2m > [22m[2mRecent Module[2m > [22m[2mupdateRecentPosts[2m > [22m[2mshould do nothing if container is not found
[22m[39mâŒ non-existent-container container not found in DOM

[90mstdout[2m | src/__tests__/recent.test.ts[2m > [22m[2mRecent Module[2m > [22m[2minitRecentAllPosts[2m > [22m[2mshould call updateRecentPosts immediately if document is already loaded
[22m[39mToggle element with ID remaining-posts-toggle not found

 [32mâœ“[39m src/__tests__/recent.test.ts[2m > [22mRecent Module[2m > [22mgroupPagesByMonthYear[2m > [22mshould group pages by month and year
 [32mâœ“[39m src/__tests__/recent.test.ts[2m > [22mRecent Module[2m > [22mgroupPagesByMonthYear[2m > [22mshould handle empty arrays
 [32mâœ“[39m src/__tests__/recent.test.ts[2m > [22mRecent Module[2m > [22mgroupPagesByMonthYear[2m > [22mshould skip pages without last_modified dates
 [32mâœ“[39m src/__tests__/recent.test.ts[2m > [22mRecent Module[2m > [22mgenerateGroupedPagesHTML[2m > [22mshould generate correct HTML for grouped pages
 [32mâœ“[39m src/__tests__/recent.test.ts[2m > [22mRecent Module[2m > [22mgenerateGroupedPagesHTML[2m > [22mshould format dates in the expected format
 [32mâœ“[39m src/__tests__/recent.test.ts[2m > [22mRecent Module[2m > [22mgenerateGroupedPagesHTML[2m > [22mshould truncate descriptions longer than 150 characters
 [32mâœ“[39m src/__tests__/recent.test.ts[2m > [22mRecent Module[2m > [22mcreateToggleSection[2m > [22mshould create toggle section with correct content
 [32mâœ“[39m src/__tests__/recent.test.ts[2m > [22mRecent Module[2m > [22mgenerateStyles[2m > [22mshould generate CSS styles as a string
 [32mâœ“[39m src/__tests__/recent.test.ts[2m > [22mRecent Module[2m > [22msetupToggleEventListener[2m > [22mshould add click event listener to toggle element
 [32mâœ“[39m src/__tests__/recent.test.ts[2m > [22mRecent Module[2m > [22msetupToggleEventListener[2m > [22mshould handle missing toggle element
 [32mâœ“[39m src/__tests__/recent.test.ts[2m > [22mRecent Module[2m > [22msetupToggleEventListener[2m > [22mshould toggle content visibility when clicked
 [32mâœ“[39m src/__tests__/recent.test.ts[2m > [22mRecent Module[2m > [22mgenerateRecentPostsHTML[2m > [22mshould generate complete HTML for posts display
 [32mâœ“[39m src/__tests__/recent.test.ts[2m > [22mRecent Module[2m > [22mgenerateRecentPostsHTML[2m > [22mshould return message when no pages are provided
 [32mâœ“[39m src/__tests__/recent.test.ts[2m > [22mRecent Module[2m > [22mgenerateRecentPostsHTML[2m > [22mshould use default initialPostsCount of 15
 [32mâœ“[39m src/__tests__/recent.test.ts[2m > [22mRecent Module[2m > [22mupdateRecentPosts[2m > [22mshould update container with posts HTML
 [32mâœ“[39m src/__tests__/recent.test.ts[2m > [22mRecent Module[2m > [22mupdateRecentPosts[2m > [22mshould handle empty results
 [32mâœ“[39m src/__tests__/recent.test.ts[2m > [22mRecent Module[2m > [22mupdateRecentPosts[2m > [22mshould handle errors
 [32mâœ“[39m src/__tests__/recent.test.ts[2m > [22mRecent Module[2m > [22mupdateRecentPosts[2m > [22mshould do nothing if container is not found
 [32mâœ“[39m src/__tests__/recent.test.ts[2m > [22mRecent Module[2m > [22minitRecentAllPosts[2m > [22mshould call updateRecentPosts immediately if document is already loaded
 [32mâœ“[39m src/__tests__/recent.test.ts[2m > [22mRecent Module[2m > [22minitRecentAllPosts[2m > [22mshould add event listener if document is still loading
[90mstdout[2m | src/__tests__/header-copy-link.test.ts[2m > [22m[2mURL Transformation Logic[2m > [22m[2mshould transform URL correctly: localhost to production with long anchor
[22m[39mCopied header link: https://idvorkin--igor-blog-fastapi-app.modal.run/preview_text/?path=manager-book%23how-do-you-identify-and-help-eng-decide-if-management-is-right-for-them&text_only=true

[90mstdout[2m | src/__tests__/header-copy-link.test.ts[2m > [22m[2mURL Transformation Logic[2m > [22m[2mshould transform URL correctly: production domain mapping
[22m[39mCopied header link: https://idvorkin--igor-blog-fastapi-app.modal.run/preview_text/?path=manager-book%23test-section&text_only=true

[90mstdout[2m | src/__tests__/header-copy-link.test.ts[2m > [22m[2mURL Transformation Logic[2m > [22m[2mshould transform URL correctly: simple case
[22m[39mCopied header link: https://idvorkin--igor-blog-fastapi-app.modal.run/preview_text/?path=manager-book%23anchor&text_only=true

 [32mâœ“[39m src/__tests__/header-copy-link.test.ts[2m > [22mHeader Copy Link[2m > [22mURL Transformation[2m > [22mshould transform localhost URL to production domain
 [32mâœ“[39m src/__tests__/header-copy-link.test.ts[2m > [22mHeader Copy Link[2m > [22mURL Transformation[2m > [22mshould handle production domain mapping correctly
 [32mâœ“[39m src/__tests__/header-copy-link.test.ts[2m > [22mHeader Copy Link[2m > [22mHeader ID Generation[2m > [22mshould use existing header ID if present
 [32mâœ“[39m src/__tests__/header-copy-link.test.ts[2m > [22mHeader Copy Link[2m > [22mHeader ID Generation[2m > [22mshould generate ID from header text when no ID exists
 [32mâœ“[39m src/__tests__/header-copy-link.test.ts[2m > [22mHeader Copy Link[2m > [22mHeader ID Generation[2m > [22mshould handle special characters in header text
 [32mâœ“[39m src/__tests__/header-copy-link.test.ts[2m > [22mHeader Copy Link[2m > [22mHeader ID Generation[2m > [22mshould ensure ID uniqueness
 [32mâœ“[39m src/__tests__/header-copy-link.test.ts[2m > [22mHeader Copy Link[2m > [22mCopy Functionality[2m > [22mshould copy correct URL format
 [32mâœ“[39m src/__tests__/header-copy-link.test.ts[2m > [22mHeader Copy Link[2m > [22mCopy Functionality[2m > [22mshould handle clipboard API failure gracefully
 [32mâœ“[39m src/__tests__/header-copy-link.test.ts[2m > [22mHeader Copy Link[2m > [22mCSS Styles[2m > [22mshould add styles only once
 [32mâœ“[39m src/__tests__/header-copy-link.test.ts[2m > [22mHeader Copy Link[2m > [22mCSS Styles[2m > [22mshould create style element with correct content
 [32mâœ“[39m src/__tests__/header-copy-link.test.ts[2m > [22mHeader Copy Link[2m > [22mIntegration[2m > [22mshould initialize correctly when DOM is ready
 [32mâœ“[39m src/__tests__/header-copy-link.test.ts[2m > [22mHeader Copy Link[2m > [22mIntegration[2m > [22mshould wait for DOM ready when loading
 [32mâœ“[39m src/__tests__/header-copy-link.test.ts[2m > [22mHeader Copy Link[2m > [22mIntegration[2m > [22mshould not add duplicate copy links when called multiple times
 [32mâœ“[39m src/__tests__/header-copy-link.test.ts[2m > [22mHeader Copy Link[2m > [22mIntegration[2m > [22mshould not add duplicate copy links when enableHeaderCopyLinks is called multiple times
 [32mâœ“[39m src/__tests__/header-copy-link.test.ts[2m > [22mHeader Copy Link[2m > [22mGitHub Issue Creation[2m > [22mshould add GitHub issue icon alongside copy link icon
 [32mâœ“[39m src/__tests__/header-copy-link.test.ts[2m > [22mHeader Copy Link[2m > [22mGitHub Issue Creation[2m > [22mshould show popup when GitHub icon is clicked
 [32mâœ“[39m src/__tests__/header-copy-link.test.ts[2m > [22mHeader Copy Link[2m > [22mGitHub Issue Creation[2m > [22mshould open GitHub issue with custom description when popup is submitted
 [32mâœ“[39m src/__tests__/header-copy-link.test.ts[2m > [22mHeader Copy Link[2m > [22mGitHub Issue Creation[2m > [22mshould include content excerpt when no custom description provided
 [32mâœ“[39m src/__tests__/header-copy-link.test.ts[2m > [22mHeader Copy Link[2m > [22mGitHub Issue Creation[2m > [22mshould truncate long content excerpts to 500 characters
 [32mâœ“[39m src/__tests__/header-copy-link.test.ts[2m > [22mHeader Copy Link[2m > [22mGitHub Issue Creation[2m > [22mshould skip empty paragraphs and find first non-empty one
 [31mÃ—[39m src/__tests__/header-copy-link.test.ts[2m > [22mURL Transformation Logic[2m > [22mshould transform URL correctly: localhost to production with long anchor
[31m   â†’ expected "spy" to be called with arguments: [ Array(1) ][90m

Received: 

[1m  1st spy call:

[22m[2m  [[22m
[32m-   "http://idvorkin.azurewebsites.net/manager-book/how-do-you-identify-and-help-eng-decide-if-management-is-right-for-them",[90m
[31m+   "https://idvorkin--igor-blog-fastapi-app.modal.run/preview_text/?path=manager-book%23how-do-you-identify-and-help-eng-decide-if-management-is-right-for-them&text_only=true",[90m
[2m  ][22m
[31m[90m

Number of calls: [1m1[22m
[31m[39m
 [31mÃ—[39m src/__tests__/header-copy-link.test.ts[2m > [22mURL Transformation Logic[2m > [22mshould transform URL correctly: production domain mapping
[31m   â†’ expected "spy" to be called with arguments: [ Array(1) ][90m

Received: 

[1m  1st spy call:

[22m[2m  [[22m
[32m-   "https://idvorkin.azurewebsites.net/manager-book/test-section",[90m
[31m+   "https://idvorkin--igor-blog-fastapi-app.modal.run/preview_text/?path=manager-book%23test-section&text_only=true",[90m
[2m  ][22m
[31m[90m

Number of calls: [1m1[22m
[31m[39m
 [31mÃ—[39m src/__tests__/header-copy-link.test.ts[2m > [22mURL Transformation Logic[2m > [22mshould transform URL correctly: simple case
[31m   â†’ expected "spy" to be called with arguments: [ Array(1) ][90m

Received: 

[1m  1st spy call:

[22m[2m  [[22m
[32m-   "http://idvorkin.azurewebsites.net/simple-page/anchor",[90m
[31m+   "https://idvorkin--igor-blog-fastapi-app.modal.run/preview_text/?path=manager-book%23anchor&text_only=true",[90m
[2m  ][22m
[31m[90m

Number of calls: [1m1[22m
[31m[39m
 [32mâœ“[39m src/__tests__/random-prompter.test.ts[2m > [22mRandom Prompter[2m > [22mTreeNode[2m > [22mshould create a tree node with given properties
 [32mâœ“[39m src/__tests__/random-prompter.test.ts[2m > [22mRandom Prompter[2m > [22mTreeNode[2m > [22mshould use default values when not provided
 [32mâœ“[39m src/__tests__/random-prompter.test.ts[2m > [22mRandom Prompter[2m > [22mbreadth_first_walk[2m > [22mshould return empty if node is null
 [32mâœ“[39m src/__tests__/random-prompter.test.ts[2m > [22mRandom Prompter[2m > [22mbreadth_first_walk[2m > [22mshould walk the tree in breadth-first order
 [32mâœ“[39m src/__tests__/random-prompter.test.ts[2m > [22mRandom Prompter[2m > [22mtree_to_plotly_data_format[2m > [22mshould convert tree to plotly format
 [32mâœ“[39m src/__tests__/random-prompter.test.ts[2m > [22mRandom Prompter[2m > [22mrender_prompt_for_category[2m > [22mshould render a prompt for a category
 [32mâœ“[39m src/__tests__/random-prompter.test.ts[2m > [22mRandom Prompter[2m > [22madd_random_prompts[2m > [22mshould add random prompts for all categories
 [32mâœ“[39m src/__tests__/random-prompter.test.ts[2m > [22mRandom Prompter[2m > [22madd_sunburst[2m > [22mshould create a sunburst visualization
 [32mâœ“[39m src/__tests__/random-prompter.test.ts[2m > [22mRandom Prompter[2m > [22madd_sunburst[2m > [22mshould handle missing Plotly
 [32mâœ“[39m src/__tests__/random-prompter.test.ts[2m > [22mRandom Prompter[2m > [22madd_sunburst[2m > [22mshould handle errors during plot creation
 [32mâœ“[39m src/__tests__/random-prompter.test.ts[2m > [22mRandom Prompter[2m > [22mrandom_prompt_for_label[2m > [22mshould find a random prompt for a label
 [32mâœ“[39m src/__tests__/random-prompter.test.ts[2m > [22mRandom Prompter[2m > [22mcategory_to_prompts_text[2m > [22mshould convert category elements to text with prompts
 [32mâœ“[39m src/__tests__/random-prompter.test.ts[2m > [22mRandom Prompter[2m > [22mextract_tree_from_dom[2m > [22mshould extract tree structure from H2 and H3 elements
 [32mâœ“[39m src/__tests__/random-prompter.test.ts[2m > [22mRandom Prompter[2m > [22mextract_tree_from_dom[2m > [22mshould handle H2 elements with multiple H3 children
 [32mâœ“[39m src/__tests__/random-prompter.test.ts[2m > [22mRandom Prompter[2m > [22mextract_tree_from_dom[2m > [22mshould handle malformed DOM with no elements
 [32mâœ“[39m src/__tests__/random-prompter.test.ts[2m > [22mRandom Prompter[2m > [22mextract_tree_from_dom[2m > [22mshould use default parameters when not provided
 [32mâœ“[39m src/__tests__/random-prompter.test.ts[2m > [22mRandom Prompter[2m > [22mextract_tree_from_dom[2m > [22mshould handle mixed content between H2 elements
 [32mâœ“[39m src/__tests__/random-prompter.test.ts[2m > [22mRandom Prompter[2m > [22mextract_tree_from_dom[2m > [22mshould use container selector when provided
 [32mâœ“[39m src/__tests__/page-loader.test.ts[2m > [22mPage Loader[2m > [22mmakePostPreviewHTML[2m > [22mshould generate correct HTML for a post preview
 [32mâœ“[39m src/__tests__/page-loader.test.ts[2m > [22mPage Loader[2m > [22mmakePostPreviewHTML[2m > [22mshould encode URLs correctly
 [32mâœ“[39m src/__tests__/page-loader.test.ts[2m > [22mPage Loader[2m > [22mmake_random_post_html[2m > [22mshould generate HTML for a random post
 [32mâœ“[39m src/__tests__/page-loader.test.ts[2m > [22mPage Loader[2m > [22mmake_random_post_html[2m > [22mshould handle errors gracefully
 [32mâœ“[39m src/__tests__/page-loader.test.ts[2m > [22mPage Loader[2m > [22mload_random_eulogy[2m > [22mshould load random eulogy roles
 [32mâœ“[39m src/__tests__/page-loader.test.ts[2m > [22mPage Loader[2m > [22mload_random_eulogy[2m > [22mshould use default element IDs if not provided
 [32mâœ“[39m src/__tests__/page-loader.test.ts[2m > [22mPage Loader[2m > [22mload_random_eulogy[2m > [22mshould handle errors gracefully
 [32mâœ“[39m src/__tests__/page-loader.test.ts[2m > [22mPage Loader[2m > [22mload_enjoy2[2m > [22mshould load content for the Enjoy page
 [32mâœ“[39m src/__tests__/page-loader.test.ts[2m > [22mPage Loader[2m > [22mload_enjoy2[2m > [22mshould handle errors gracefully
 [32mâœ“[39m src/__tests__/page-loader.test.ts[2m > [22mPage Loader[2m > [22mload_7_habits[2m > [22mshould load content for the 7 Habits page
 [32mâœ“[39m src/__tests__/page-loader.test.ts[2m > [22mPage Loader[2m > [22mload_7_habits[2m > [22mshould handle errors gracefully
 [32mâœ“[39m src/__tests__/page-loader.test.ts[2m > [22mPage Loader[2m > [22mload_ig66[2m > [22mshould load content for the IG66 page
 [32mâœ“[39m src/__tests__/page-loader.test.ts[2m > [22mPage Loader[2m > [22mload_ig66[2m > [22mshould handle errors gracefully
 [32mâœ“[39m src/__tests__/page-loader.test.ts[2m > [22mPage Loader[2m > [22mload_balance[2m > [22mshould load content for the Balance page
 [32mâœ“[39m src/__tests__/page-loader.test.ts[2m > [22mPage Loader[2m > [22mload_balance[2m > [22mshould handle errors gracefully
 [32mâœ“[39m src/__tests__/page-loader.test.ts[2m > [22mPage Loader[2m > [22mmake_radar_map[2m > [22mshould create a radar map visualization
 [32mâœ“[39m src/__tests__/page-loader.test.ts[2m > [22mPage Loader[2m > [22mmake_radar_map[2m > [22mshould handle missing Plotly
 [32mâœ“[39m src/__tests__/page-loader.test.ts[2m > [22mPage Loader[2m > [22mmake_radar_map[2m > [22mshould handle errors gracefully
 [32mâœ“[39m src/__tests__/page-loader.test.ts[2m > [22mPage Loader[2m > [22mmake_balance_chart_by_work[2m > [22mshould create a work balance chart
 [32mâœ“[39m src/__tests__/page-loader.test.ts[2m > [22mPage Loader[2m > [22mmake_balance_chart_by_work[2m > [22mshould handle missing Plotly
 [32mâœ“[39m src/__tests__/page-loader.test.ts[2m > [22mPage Loader[2m > [22mmake_balance_chart_by_work[2m > [22mshould handle errors gracefully
 [32mâœ“[39m src/__tests__/page-loader.test.ts[2m > [22mPage Loader[2m > [22mmake_balance_chart_by_desired_time_rest[2m > [22mshould create a rest time chart
 [32mâœ“[39m src/__tests__/page-loader.test.ts[2m > [22mPage Loader[2m > [22mmake_balance_chart_by_desired_time_rest[2m > [22mshould handle missing Plotly
 [32mâœ“[39m src/__tests__/page-loader.test.ts[2m > [22mPage Loader[2m > [22mmake_balance_chart_by_desired_time_rest[2m > [22mshould handle errors gracefully
 [32mâœ“[39m src/__tests__/page-loader.test.ts[2m > [22mPage Loader[2m > [22mSevenHabits[2m > [22mshould create a tree with the correct structure
 [32mâœ“[39m src/__tests__/page-loader.test.ts[2m > [22mPage Loader[2m > [22mThingsIEnjoy[2m > [22mshould create a tree with the correct structure
 [32mâœ“[39m src/__tests__/page-loader.test.ts[2m > [22mPage Loader[2m > [22mConstants[2m > [22mshould export the correct constants
 [32mâœ“[39m src/__tests__/search.test.ts[2m > [22mSearch Module[2m > [22mgetParameterByName[2m > [22mshould extract a parameter from a URL
 [32mâœ“[39m src/__tests__/search.test.ts[2m > [22mSearch Module[2m > [22mgetParameterByName[2m > [22mshould return null when parameter doesn't exist
 [32mâœ“[39m src/__tests__/search.test.ts[2m > [22mSearch Module[2m > [22mgetParameterByName[2m > [22mshould return empty string when parameter has no value
 [32mâœ“[39m src/__tests__/search.test.ts[2m > [22mSearch Module[2m > [22mgetParameterByName[2m > [22mshould handle URL encoded values
 [32mâœ“[39m src/__tests__/search.test.ts[2m > [22mSearch Module[2m > [22mgetParameterByName[2m > [22mshould use window.location.href when no URL is provided
 [32mâœ“[39m src/__tests__/search.test.ts[2m > [22mSearch Module[2m > [22mInstantSearchHitTemplate[2m > [22mshould generate HTML for a hit with title and content
 [32mâœ“[39m src/__tests__/search.test.ts[2m > [22mSearch Module[2m > [22mInstantSearchHitTemplate[2m > [22mshould generate HTML for a hit with anchor
 [32mâœ“[39m src/__tests__/search.test.ts[2m > [22mSearch Module[2m > [22mInstantSearchHitTemplate[2m > [22mshould handle hits without highlighted content
 [32mâœ“[39m src/__tests__/search.test.ts[2m > [22mSearch Module[2m > [22mInstantSearchHitTemplate[2m > [22mshould handle errors and return 'invalid HTML'
 [32mâœ“[39m src/__tests__/search.test.ts[2m > [22mSearch Module[2m > [22mCreateSearch[2m > [22mshould create a search instance with the correct configuration
[90mstdout[2m | src/__tests__/shared.test.ts[2m > [22m[2mShared Utility Functions[2m > [22m[2mappend_randomizer_div[2m > [22m[2mshould not append anything if parent is not found
[22m[39mappend_randomizer_div #non-existent not present

 [32mâœ“[39m src/__tests__/graph.test.ts[2m > [22mGraph Module[2m > [22mshould log that Force Graph is loaded
 [32mâœ“[39m src/__tests__/graph.test.ts[2m > [22mGraph Module[2m > [22mshould not initialize the graph when the DOM element doesn't exist
 [32mâœ“[39m src/__tests__/graph.test.ts[2m > [22mGraph Module[2m > [22mshould handle ForceGraph not being defined
 [32mâœ“[39m src/__tests__/graph.test.ts[2m > [22mGraph Module[2m > [22mshould handle node canvas object rendering
 [32mâœ“[39m src/__tests__/graph.test.ts[2m > [22mGraph Module[2m > [22mshould handle goto control click
 [32mâœ“[39m src/__tests__/graph.test.ts[2m > [22mGraph Module[2m > [22mshould build graph data correctly
 [32mâœ“[39m src/__tests__/graph.test.ts[2m > [22mGraph Module[2m > [22mshould update detail with node information
 [32mâœ“[39m src/__tests__/shared.test.ts[2m > [22mShared Utility Functions[2m > [22mMakeBackLinkHTML[2m > [22mshould generate correct HTML for a backlink
 [32mâœ“[39m src/__tests__/shared.test.ts[2m > [22mShared Utility Functions[2m > [22mrandom_from_list[2m > [22mshould return an element from the list
 [32mâœ“[39m src/__tests__/shared.test.ts[2m > [22mShared Utility Functions[2m > [22mrandom_from_list[2m > [22mshould return undefined for empty list
 [32mâœ“[39m src/__tests__/shared.test.ts[2m > [22mShared Utility Functions[2m > [22mrandom_from_list[2m > [22mshould have a roughly even distribution over many calls
 [32mâœ“[39m src/__tests__/shared.test.ts[2m > [22mShared Utility Functions[2m > [22mshuffle[2m > [22mshould return an array of the same length
 [32mâœ“[39m src/__tests__/shared.test.ts[2m > [22mShared Utility Functions[2m > [22mshuffle[2m > [22mshould contain all the same elements
 [32mâœ“[39m src/__tests__/shared.test.ts[2m > [22mShared Utility Functions[2m > [22mshuffle[2m > [22mshould change the order of elements (most of the time)
 [32mâœ“[39m src/__tests__/shared.test.ts[2m > [22mShared Utility Functions[2m > [22mappend_randomizer_div[2m > [22mshould not append anything if parent is not found
 [32mâœ“[39m src/__tests__/shared.test.ts[2m > [22mShared Utility Functions[2m > [22mappend_randomizer_div[2m > [22mshould append content from the factory when parent is found
 [32mâœ“[39m src/__tests__/shared.test.ts[2m > [22mShared Utility Functions[2m > [22mappend_randomizer_div[2m > [22mshould handle click events on non-link elements
 [32mâœ“[39m src/__tests__/shared.test.ts[2m > [22mShared Utility Functions[2m > [22mappend_randomizer_div[2m > [22mshould not regenerate content when clicking on a link
 [32mâœ“[39m src/__tests__/shared.test.ts[2m > [22mShared Utility Functions[2m > [22mmakeRedirectUrl[2m > [22mshould generate correct URL with path only and text_only=true by default
 [32mâœ“[39m src/__tests__/shared.test.ts[2m > [22mShared Utility Functions[2m > [22mmakeRedirectUrl[2m > [22mshould generate correct URL with path and anchor
 [32mâœ“[39m src/__tests__/shared.test.ts[2m > [22mShared Utility Functions[2m > [22mmakeRedirectUrl[2m > [22mshould generate correct URL without text_only when set to false
 [32mâœ“[39m src/__tests__/shared.test.ts[2m > [22mShared Utility Functions[2m > [22mmakeRedirectUrl[2m > [22mshould generate correct URL with anchor and text_only=false
 [31mÃ—[39m src/__tests__/shared.test.ts[2m > [22mShared Utility Functions[2m > [22mmakeRedirectUrl[2m > [22mshould handle special characters in path
[31m   â†’ expected 'https://idvorkin--igor-blog-fastapi-aâ€¦' to be 'https://idvorkin--igor-blog-fastapi-aâ€¦' // Object.is equality[39m
 [32mâœ“[39m src/__tests__/shared.test.ts[2m > [22mShared Utility Functions[2m > [22mmakeRedirectUrl[2m > [22mshould handle empty anchor gracefully
[90mstdout[2m | src/__tests__/main.test.ts
[22m[39mğŸ–¼ï¸ Enabling image zoom functionality
Dev server detected, initializing dev info...
Branch info not found
Dev info - Branch: [1mnull[22m Port: 4000

[90mstderr[2m | src/__tests__/main.test.ts
[22m[39mâš ï¸ GLightbox not found, retrying in 100ms (attempt 1/50)

 [32mâœ“[39m src/__tests__/main.test.ts[2m > [22mMain module functions[2m > [22mshuffle[2m > [22mshould return an array of the same length
 [32mâœ“[39m src/__tests__/main.test.ts[2m > [22mMain module functions[2m > [22mshuffle[2m > [22mshould contain all the same elements
 [32mâœ“[39m src/__tests__/main.test.ts[2m > [22mMain module functions[2m > [22mrandom_from_list[2m > [22mshould return an element from the list
 [32mâœ“[39m src/__tests__/main.test.ts[2m > [22mMain module functions[2m > [22mrandom_from_list[2m > [22mshould return undefined for empty list
 [32mâœ“[39m src/__tests__/main.test.ts[2m > [22mMain module functions[2m > [22mload_globals function[2m > [22mshould initialize recent posts module
 [32mâœ“[39m src/__tests__/main.test.ts[2m > [22mMain module functions[2m > [22mload_globals function[2m > [22mshould initialize recent all posts if container exists
 [32mâœ“[39m src/__tests__/main.test.ts[2m > [22mMain module functions[2m > [22mload_globals function[2m > [22mshould not initialize recent all posts if container doesn't exist
 [32mâœ“[39m src/__tests__/main.test.ts[2m > [22mMain module functions[2m > [22mload_globals function[2m > [22mshould call generateToc for both toc containers
 [32mâœ“[39m src/__tests__/main.test.ts[2m > [22mMain module functions[2m > [22mTOC functions[2m > [22mshould warn when TOC elements are not found
 [32mâœ“[39m src/__tests__/main.test.ts[2m > [22mMain module functions[2m > [22mURL swapping function[2m > [22mshould handle production URL swapping
 [32mâœ“[39m src/__tests__/dom-helpers.test.ts[2m > [22mDOM Helper Functions[2m > [22mtoggleClass[2m > [22mshould toggle a class on an element when using a selector
 [32mâœ“[39m src/__tests__/dom-helpers.test.ts[2m > [22mDOM Helper Functions[2m > [22mtoggleClass[2m > [22mshould toggle a class on an element when using an element reference
 [32mâœ“[39m src/__tests__/dom-helpers.test.ts[2m > [22mDOM Helper Functions[2m > [22mtoggleClass[2m > [22mshould add a class when force parameter is true
 [32mâœ“[39m src/__tests__/dom-helpers.test.ts[2m > [22mDOM Helper Functions[2m > [22mtoggleClass[2m > [22mshould remove a class when force parameter is false
 [32mâœ“[39m src/__tests__/dom-helpers.test.ts[2m > [22mDOM Helper Functions[2m > [22mtoggleClass[2m > [22mshould return null when element is not found
 [32mâœ“[39m src/__tests__/dom-helpers.test.ts[2m > [22mDOM Helper Functions[2m > [22mcreateElement[2m > [22mshould create an element with the specified tag
 [32mâœ“[39m src/__tests__/dom-helpers.test.ts[2m > [22mDOM Helper Functions[2m > [22mcreateElement[2m > [22mshould set attributes on the created element
 [32mâœ“[39m src/__tests__/dom-helpers.test.ts[2m > [22mDOM Helper Functions[2m > [22mcreateElement[2m > [22mshould append text children to the element
 [32mâœ“[39m src/__tests__/dom-helpers.test.ts[2m > [22mDOM Helper Functions[2m > [22mcreateElement[2m > [22mshould append node children to the element
 [32mâœ“[39m src/__tests__/dom-helpers.test.ts[2m > [22mDOM Helper Functions[2m > [22mcreateElement[2m > [22mshould handle mixed text and node children
 [32mâœ“[39m src/__tests__/dom-helpers.test.ts[2m > [22mDOM Helper Functions[2m > [22mfindClosestParent[2m > [22mshould find the immediate parent element matching a selector
 [32mâœ“[39m src/__tests__/dom-helpers.test.ts[2m > [22mDOM Helper Functions[2m > [22mfindClosestParent[2m > [22mshould find a distant parent element matching a selector
 [32mâœ“[39m src/__tests__/dom-helpers.test.ts[2m > [22mDOM Helper Functions[2m > [22mfindClosestParent[2m > [22mshould find a parent element by class selector
 [32mâœ“[39m src/__tests__/dom-helpers.test.ts[2m > [22mDOM Helper Functions[2m > [22mfindClosestParent[2m > [22mshould return null when no matching parent is found
 [32mâœ“[39m src/__tests__/blogger_import.test.ts[2m > [22mBlogger Import Module[2m > [22madd_imported_blog_posts[2m > [22mshould fetch and process blog posts
 [32mâœ“[39m src/__tests__/blogger_import.test.ts[2m > [22mBlogger Import Module[2m > [22madd_eulogy_roles[2m > [22mshould fetch and process eulogy roles
 [32mâœ“[39m src/__tests__/blogger_import.test.ts[2m > [22mBlogger Import Module[2m > [22mhtml_for_role[2m > [22mshould generate HTML for a role
 [32mâœ“[39m src/__tests__/get-link-info.test.ts[2m > [22mget_link_info[2m > [22mshould fetch link info from local path when not in production
 [32mâœ“[39m src/__tests__/get-link-info.test.ts[2m > [22mget_link_info[2m > [22mshould fetch link info from GitHub when in production
 [32mâœ“[39m src/__tests__/get-link-info.test.ts[2m > [22mget_link_info[2m > [22mshould handle fetch errors gracefully
 [32mâœ“[39m src/__tests__/get-link-info.test.ts[2m > [22mget_link_info[2m > [22mshould cache responses and not make additional requests
 [32mâœ“[39m src/__tests__/summarize-page.test.ts[2m > [22mSummarize Page Functionality[2m > [22mshould not create duplicate entries when processing summary links
 [32mâœ“[39m src/__tests__/summarize-page.test.ts[2m > [22mSummarize Page Functionality[2m > [22mshould handle redirects correctly without duplication
 [32mâœ“[39m src/__tests__/summarize-page.test.ts[2m > [22mSummarize Page Functionality[2m > [22mshould identify the root cause of duplicate related posts
 [32mâœ“[39m src/__tests__/swap-prod-test.test.ts[2m > [22mSwapProdAndTest[2m > [22mwhen swapping from production to test[2m > [22mshould swap from production to localhost with default port 4000
 [32mâœ“[39m src/__tests__/swap-prod-test.test.ts[2m > [22mSwapProdAndTest[2m > [22mwhen swapping from production to test[2m > [22mshould preserve the current port when available
 [32mâœ“[39m src/__tests__/swap-prod-test.test.ts[2m > [22mSwapProdAndTest[2m > [22mwhen swapping from test to production[2m > [22mshould swap from localhost:4000 to production
 [32mâœ“[39m src/__tests__/swap-prod-test.test.ts[2m > [22mSwapProdAndTest[2m > [22mwhen swapping from test to production[2m > [22mshould swap from localhost:4002 to production
 [32mâœ“[39m src/__tests__/swap-prod-test.test.ts[2m > [22mSwapProdAndTest[2m > [22mwhen swapping from test to production[2m > [22mshould handle any port number
 [32mâœ“[39m src/__tests__/index.test.ts[2m > [22mIndex Module[2m > [22mshould initialize when ready
 [32mâœ“[39m src/__tests__/dev-info.test.ts[2m > [22mdev-info[2m > [22misDevServer[2m > [22mshould return true for localhost
 [32mâœ“[39m src/__tests__/dev-info.test.ts[2m > [22mdev-info[2m > [22misDevServer[2m > [22mshould return true for 127.0.0.1
 [32mâœ“[39m src/__tests__/dev-info.test.ts[2m > [22mdev-info[2m > [22misDevServer[2m > [22mshould return false for production domain
 [32mâœ“[39m src/__tests__/dev-info.test.ts[2m > [22mdev-info[2m > [22mgetCurrentPort[2m > [22mshould return port when specified
 [32mâœ“[39m src/__tests__/dev-info.test.ts[2m > [22mdev-info[2m > [22mgetCurrentPort[2m > [22mshould return 80 when no port specified
 [32mâœ“[39m src/__tests__/dev-info.test.ts[2m > [22mdev-info[2m > [22mgetCurrentPort[2m > [22mshould return 4000 for Jekyll default

[31mâ¯â¯â¯â¯â¯â¯â¯[1m[7m Failed Tests 4 [27m[22mâ¯â¯â¯â¯â¯â¯â¯[39m

[31m[1m[7m FAIL [27m[22m[39m src/__tests__/header-copy-link.test.ts[2m > [22mURL Transformation Logic[2m > [22mshould transform URL correctly: localhost to production with long anchor
[31m[1mAssertionError[22m: expected "spy" to be called with arguments: [ Array(1) ][90m

Received: 

[1m  1st spy call:

[22m[2m  [[22m
[32m-   "http://idvorkin.azurewebsites.net/manager-book/how-do-you-identify-and-help-eng-decide-if-management-is-right-for-them",[90m
[31m+   "https://idvorkin--igor-blog-fastapi-app.modal.run/preview_text/?path=manager-book%23how-do-you-identify-and-help-eng-decide-if-management-is-right-for-them&text_only=true",[90m
[2m  ][22m
[31m[90m

Number of calls: [1m1[22m
[31m[39m
[36m [2mâ¯[22m src/__tests__/header-copy-link.test.ts:[2m1148:31[22m[39m
    [90m1146| [39m        [34mclickHandler[39m(mockEvent)[33m;[39m
    [90m1147| [39m
    [90m1148| [39m        [34mexpect[39m(mockClipboard)[33m.[39m[34mtoHaveBeenCalledWith[39m(expected)[33m;[39m
    [90m   | [39m                              [31m^[39m
    [90m1149| [39m      }
    [90m1150| [39m    })[33m;[39m

[31m[2mâ¯â¯â¯â¯â¯â¯â¯â¯â¯â¯â¯â¯â¯â¯â¯â¯â¯â¯â¯â¯â¯â¯â¯â¯[1/4]â¯[22m[39m

[31m[1m[7m FAIL [27m[22m[39m src/__tests__/header-copy-link.test.ts[2m > [22mURL Transformation Logic[2m > [22mshould transform URL correctly: production domain mapping
[31m[1mAssertionError[22m: expected "spy" to be called with arguments: [ Array(1) ][90m

Received: 

[1m  1st spy call:

[22m[2m  [[22m
[32m-   "https://idvorkin.azurewebsites.net/manager-book/test-section",[90m
[31m+   "https://idvorkin--igor-blog-fastapi-app.modal.run/preview_text/?path=manager-book%23test-section&text_only=true",[90m
[2m  ][22m
[31m[90m

Number of calls: [1m1[22m
[31m[39m
[36m [2mâ¯[22m src/__tests__/header-copy-link.test.ts:[2m1148:31[22m[39m
    [90m1146| [39m        [34mclickHandler[39m(mockEvent)[33m;[39m
    [90m1147| [39m
    [90m1148| [39m        [34mexpect[39m(mockClipboard)[33m.[39m[34mtoHaveBeenCalledWith[39m(expected)[33m;[39m
    [90m   | [39m                              [31m^[39m
    [90m1149| [39m      }
    [90m1150| [39m    })[33m;[39m

[31m[2mâ¯â¯â¯â¯â¯â¯â¯â¯â¯â¯â¯â¯â¯â¯â¯â¯â¯â¯â¯â¯â¯â¯â¯â¯[2/4]â¯[22m[39m

[31m[1m[7m FAIL [27m[22m[39m src/__tests__/header-copy-link.test.ts[2m > [22mURL Transformation Logic[2m > [22mshould transform URL correctly: simple case
[31m[1mAssertionError[22m: expected "spy" to be called with arguments: [ Array(1) ][90m

Received: 

[1m  1st spy call:

[22m[2m  [[22m
[32m-   "http://idvorkin.azurewebsites.net/simple-page/anchor",[90m
[31m+   "https://idvorkin--igor-blog-fastapi-app.modal.run/preview_text/?path=manager-book%23anchor&text_only=true",[90m
[2m  ][22m
[31m[90m

Number of calls: [1m1[22m
[31m[39m
[36m [2mâ¯[22m src/__tests__/header-copy-link.test.ts:[2m1148:31[22m[39m
    [90m1146| [39m        [34mclickHandler[39m(mockEvent)[33m;[39m
    [90m1147| [39m
    [90m1148| [39m        [34mexpect[39m(mockClipboard)[33m.[39m[34mtoHaveBeenCalledWith[39m(expected)[33m;[39m
    [90m   | [39m                              [31m^[39m
    [90m1149| [39m      }
    [90m1150| [39m    })[33m;[39m

[31m[2mâ¯â¯â¯â¯â¯â¯â¯â¯â¯â¯â¯â¯â¯â¯â¯â¯â¯â¯â¯â¯â¯â¯â¯â¯[3/4]â¯[22m[39m

[31m[1m[7m FAIL [27m[22m[39m src/__tests__/shared.test.ts[2m > [22mShared Utility Functions[2m > [22mmakeRedirectUrl[2m > [22mshould handle special characters in path
[31m[1mAssertionError[22m: expected 'https://idvorkin--igor-blog-fastapi-aâ€¦' to be 'https://idvorkin--igor-blog-fastapi-aâ€¦' // Object.is equality[39m

Expected: [32m"https://idvorkin--igor-blog-fastapi-app.modal.run/preview_text/?path=time[7m%20[27moff%2Ftest%23anchor[7m%20[27mname&text_only=true"[39m
Received: [31m"https://idvorkin--igor-blog-fastapi-app.modal.run/preview_text/?path=time[7m+[27moff%2Ftest%23anchor[7m+[27mname&text_only=true"[39m

[36m [2mâ¯[22m src/__tests__/shared.test.ts:[2m230:19[22m[39m
    [90m228| [39m    [34mit[39m([32m"should handle special characters in path"[39m[33m,[39m () [33m=>[39m {
    [90m229| [39m      [35mconst[39m url [33m=[39m [34mmakeRedirectUrl[39m([32m"time off/test"[39m[33m,[39m [32m"anchor name"[39m)[33m;[39m
    [90m230| [39m      expect(url).toBe("https://idvorkin--igor-blog-fastapi-app.modal.â€¦
    [90m   | [39m                  [31m^[39m
    [90m231| [39m    })[33m;[39m
    [90m232| [39m

[31m[2mâ¯â¯â¯â¯â¯â¯â¯â¯â¯â¯â¯â¯â¯â¯â¯â¯â¯â¯â¯â¯â¯â¯â¯â¯[4/4]â¯[22m[39m


[2m Test Files [22m [1m[31m2 failed[39m[22m[2m | [22m[1m[32m14 passed[39m[22m[90m (16)[39m
[2m      Tests [22m [1m[31m4 failed[39m[22m[2m | [22m[1m[32m182 passed[39m[22m[2m | [22m[33m5 skipped[39m[90m (191)[39m
[2m   Start at [22m 19:16:26
[2m   Duration [22m 3.98s[2m (transform 642ms, setup 242ms, collect 898ms, tests 510ms, environment 5.87s, prepare 1.36s)[22m

error: Recipe `js-test-verbose-txt` failed on line 44 with exit code 1
