{"numTotalTestSuites":119,"numPassedTestSuites":119,"numFailedTestSuites":0,"numPendingTestSuites":0,"numTotalTests":235,"numPassedTests":230,"numFailedTests":0,"numPendingTests":5,"numTodoTests":0,"snapshot":{"added":0,"failure":false,"filesAdded":0,"filesRemoved":0,"filesRemovedList":[],"filesUnmatched":0,"filesUpdated":0,"matched":0,"total":0,"unchecked":0,"uncheckedKeysByFile":[],"unmatched":0,"updated":0,"didUpdate":false},"startTime":1757186024873,"success":true,"testResults":[{"assertionResults":[{"ancestorTitles":["Blogger Import Module","add_imported_blog_posts"],"fullName":"Blogger Import Module add_imported_blog_posts should fetch and process blog posts","status":"passed","title":"should fetch and process blog posts","duration":6.4661969999999656,"failureMessages":[],"meta":{}},{"ancestorTitles":["Blogger Import Module","add_eulogy_roles"],"fullName":"Blogger Import Module add_eulogy_roles should fetch and process eulogy roles","status":"passed","title":"should fetch and process eulogy roles","duration":1.1011470000000827,"failureMessages":[],"meta":{}},{"ancestorTitles":["Blogger Import Module","html_for_role"],"fullName":"Blogger Import Module html_for_role should generate HTML for a role","status":"passed","title":"should generate HTML for a role","duration":0.8734860000000708,"failureMessages":[],"meta":{}}],"startTime":1757186028480,"endTime":1757186028489.8735,"status":"passed","message":"","name":"/home/runner/work/idvorkin.github.io/idvorkin.github.io/src/__tests__/blogger_import.test.ts"},{"assertionResults":[{"ancestorTitles":["dev-info","isDevServer"],"fullName":"dev-info isDevServer should return true for localhost","status":"passed","title":"should return true for localhost","duration":1.588201999999967,"failureMessages":[],"meta":{}},{"ancestorTitles":["dev-info","isDevServer"],"fullName":"dev-info isDevServer should return true for 127.0.0.1","status":"passed","title":"should return true for 127.0.0.1","duration":0.369308999999987,"failureMessages":[],"meta":{}},{"ancestorTitles":["dev-info","isDevServer"],"fullName":"dev-info isDevServer should return false for production domain","status":"passed","title":"should return false for production domain","duration":0.31836400000003096,"failureMessages":[],"meta":{}},{"ancestorTitles":["dev-info","getCurrentPort"],"fullName":"dev-info getCurrentPort should return port when specified","status":"passed","title":"should return port when specified","duration":0.30574000000001433,"failureMessages":[],"meta":{}},{"ancestorTitles":["dev-info","getCurrentPort"],"fullName":"dev-info getCurrentPort should return 80 when no port specified","status":"passed","title":"should return 80 when no port specified","duration":0.21046300000000429,"failureMessages":[],"meta":{}},{"ancestorTitles":["dev-info","getCurrentPort"],"fullName":"dev-info getCurrentPort should return 4000 for Jekyll default","status":"passed","title":"should return 4000 for Jekyll default","duration":0.20710599999995338,"failureMessages":[],"meta":{}}],"startTime":1757186029543,"endTime":1757186029546.3057,"status":"passed","message":"","name":"/home/runner/work/idvorkin.github.io/idvorkin.github.io/src/__tests__/dev-info.test.ts"},{"assertionResults":[{"ancestorTitles":["DOM Helper Functions","toggleClass"],"fullName":"DOM Helper Functions toggleClass should toggle a class on an element when using a selector","status":"passed","title":"should toggle a class on an element when using a selector","duration":6.454076999999984,"failureMessages":[],"meta":{}},{"ancestorTitles":["DOM Helper Functions","toggleClass"],"fullName":"DOM Helper Functions toggleClass should toggle a class on an element when using an element reference","status":"passed","title":"should toggle a class on an element when using an element reference","duration":1.2107839999999896,"failureMessages":[],"meta":{}},{"ancestorTitles":["DOM Helper Functions","toggleClass"],"fullName":"DOM Helper Functions toggleClass should add a class when force parameter is true","status":"passed","title":"should add a class when force parameter is true","duration":1.435028999999986,"failureMessages":[],"meta":{}},{"ancestorTitles":["DOM Helper Functions","toggleClass"],"fullName":"DOM Helper Functions toggleClass should remove a class when force parameter is false","status":"passed","title":"should remove a class when force parameter is false","duration":0.9493170000000646,"failureMessages":[],"meta":{}},{"ancestorTitles":["DOM Helper Functions","toggleClass"],"fullName":"DOM Helper Functions toggleClass should return null when element is not found","status":"passed","title":"should return null when element is not found","duration":0.7034750000000258,"failureMessages":[],"meta":{}},{"ancestorTitles":["DOM Helper Functions","createElement"],"fullName":"DOM Helper Functions createElement should create an element with the specified tag","status":"passed","title":"should create an element with the specified tag","duration":0.7482519999999795,"failureMessages":[],"meta":{}},{"ancestorTitles":["DOM Helper Functions","createElement"],"fullName":"DOM Helper Functions createElement should set attributes on the created element","status":"passed","title":"should set attributes on the created element","duration":1.0675790000000234,"failureMessages":[],"meta":{}},{"ancestorTitles":["DOM Helper Functions","createElement"],"fullName":"DOM Helper Functions createElement should append text children to the element","status":"passed","title":"should append text children to the element","duration":0.7237499999999955,"failureMessages":[],"meta":{}},{"ancestorTitles":["DOM Helper Functions","createElement"],"fullName":"DOM Helper Functions createElement should append node children to the element","status":"passed","title":"should append node children to the element","duration":0.8167690000000221,"failureMessages":[],"meta":{}},{"ancestorTitles":["DOM Helper Functions","createElement"],"fullName":"DOM Helper Functions createElement should handle mixed text and node children","status":"passed","title":"should handle mixed text and node children","duration":1.0151590000000397,"failureMessages":[],"meta":{}},{"ancestorTitles":["DOM Helper Functions","findClosestParent"],"fullName":"DOM Helper Functions findClosestParent should find the immediate parent element matching a selector","status":"passed","title":"should find the immediate parent element matching a selector","duration":1.2318599999999833,"failureMessages":[],"meta":{}},{"ancestorTitles":["DOM Helper Functions","findClosestParent"],"fullName":"DOM Helper Functions findClosestParent should find a distant parent element matching a selector","status":"passed","title":"should find a distant parent element matching a selector","duration":1.1762639999999465,"failureMessages":[],"meta":{}},{"ancestorTitles":["DOM Helper Functions","findClosestParent"],"fullName":"DOM Helper Functions findClosestParent should find a parent element by class selector","status":"passed","title":"should find a parent element by class selector","duration":0.924935000000005,"failureMessages":[],"meta":{}},{"ancestorTitles":["DOM Helper Functions","findClosestParent"],"fullName":"DOM Helper Functions findClosestParent should return null when no matching parent is found","status":"passed","title":"should return null when no matching parent is found","duration":0.7828309999999874,"failureMessages":[],"meta":{}}],"startTime":1757186028396,"endTime":1757186028415.7827,"status":"passed","message":"","name":"/home/runner/work/idvorkin.github.io/idvorkin.github.io/src/__tests__/dom-helpers.test.ts"},{"assertionResults":[{"ancestorTitles":["FeaturedCollapseManager","initialization"],"fullName":"FeaturedCollapseManager initialization should initialize successfully when elements exist","status":"passed","title":"should initialize successfully when elements exist","duration":20.163140999999996,"failureMessages":[],"meta":{}},{"ancestorTitles":["FeaturedCollapseManager","initialization"],"fullName":"FeaturedCollapseManager initialization should return false when button element is missing","status":"passed","title":"should return false when button element is missing","duration":5.100375999999983,"failureMessages":[],"meta":{}},{"ancestorTitles":["FeaturedCollapseManager","initialization"],"fullName":"FeaturedCollapseManager initialization should return false when content element is missing","status":"passed","title":"should return false when content element is missing","duration":2.131799000000001,"failureMessages":[],"meta":{}},{"ancestorTitles":["FeaturedCollapseManager","initialization"],"fullName":"FeaturedCollapseManager initialization should warn when elements are not found","status":"passed","title":"should warn when elements are not found","duration":8.107042999999976,"failureMessages":[],"meta":{}},{"ancestorTitles":["FeaturedCollapseManager","state management"],"fullName":"FeaturedCollapseManager state management should start in expanded state","status":"passed","title":"should start in expanded state","duration":4.781995000000052,"failureMessages":[],"meta":{}},{"ancestorTitles":["FeaturedCollapseManager","state management"],"fullName":"FeaturedCollapseManager state management should toggle to collapsed state","status":"passed","title":"should toggle to collapsed state","duration":4.9535379999999805,"failureMessages":[],"meta":{}},{"ancestorTitles":["FeaturedCollapseManager","state management"],"fullName":"FeaturedCollapseManager state management should toggle back to expanded state","status":"passed","title":"should toggle back to expanded state","duration":1.8161039999999957,"failureMessages":[],"meta":{}},{"ancestorTitles":["FeaturedCollapseManager","state management"],"fullName":"FeaturedCollapseManager state management should collapse directly","status":"passed","title":"should collapse directly","duration":2.3128470000000334,"failureMessages":[],"meta":{}},{"ancestorTitles":["FeaturedCollapseManager","state management"],"fullName":"FeaturedCollapseManager state management should expand directly","status":"passed","title":"should expand directly","duration":1.7150830000000497,"failureMessages":[],"meta":{}},{"ancestorTitles":["FeaturedCollapseManager","click handling"],"fullName":"FeaturedCollapseManager click handling should toggle state on button click","status":"passed","title":"should toggle state on button click","duration":2.71382600000004,"failureMessages":[],"meta":{}},{"ancestorTitles":["FeaturedCollapseManager","click handling"],"fullName":"FeaturedCollapseManager click handling should prevent default action on click","status":"passed","title":"should prevent default action on click","duration":1.3752829999999676,"failureMessages":[],"meta":{}},{"ancestorTitles":["FeaturedCollapseManager","click handling"],"fullName":"FeaturedCollapseManager click handling should handle multiple clicks correctly","status":"passed","title":"should handle multiple clicks correctly","duration":1.7464720000000398,"failureMessages":[],"meta":{}},{"ancestorTitles":["FeaturedCollapseManager","helper methods"],"fullName":"FeaturedCollapseManager helper methods should return elements via getElements","status":"passed","title":"should return elements via getElements","duration":0.9224479999999176,"failureMessages":[],"meta":{}},{"ancestorTitles":["FeaturedCollapseManager","helper methods"],"fullName":"FeaturedCollapseManager helper methods should return state copy via getState","status":"passed","title":"should return state copy via getState","duration":1.0905749999999443,"failureMessages":[],"meta":{}},{"ancestorTitles":["FeaturedCollapseManager","setupFeaturedCollapse helper"],"fullName":"FeaturedCollapseManager setupFeaturedCollapse helper should return manager when elements exist","status":"passed","title":"should return manager when elements exist","duration":0.8370879999999943,"failureMessages":[],"meta":{}},{"ancestorTitles":["FeaturedCollapseManager","setupFeaturedCollapse helper"],"fullName":"FeaturedCollapseManager setupFeaturedCollapse helper should return null when elements do not exist","status":"passed","title":"should return null when elements do not exist","duration":1.038958999999977,"failureMessages":[],"meta":{}},{"ancestorTitles":["FeaturedCollapseManager","custom element IDs"],"fullName":"FeaturedCollapseManager custom element IDs should work with custom button and content IDs","status":"passed","title":"should work with custom button and content IDs","duration":1.1402199999999993,"failureMessages":[],"meta":{}},{"ancestorTitles":["FeaturedCollapseManager","edge cases"],"fullName":"FeaturedCollapseManager edge cases should handle updateUI gracefully when elements are missing","status":"passed","title":"should handle updateUI gracefully when elements are missing","duration":1.6947549999999865,"failureMessages":[],"meta":{}},{"ancestorTitles":["FeaturedCollapseManager","edge cases"],"fullName":"FeaturedCollapseManager edge cases should maintain state even when UI update fails","status":"passed","title":"should maintain state even when UI update fails","duration":0.8292129999999815,"failureMessages":[],"meta":{}},{"ancestorTitles":["FeaturedCollapseManager","localStorage persistence"],"fullName":"FeaturedCollapseManager localStorage persistence should save collapsed state to localStorage","status":"passed","title":"should save collapsed state to localStorage","duration":0.8172409999999672,"failureMessages":[],"meta":{}},{"ancestorTitles":["FeaturedCollapseManager","localStorage persistence"],"fullName":"FeaturedCollapseManager localStorage persistence should save expanded state to localStorage","status":"passed","title":"should save expanded state to localStorage","duration":0.764611000000059,"failureMessages":[],"meta":{}},{"ancestorTitles":["FeaturedCollapseManager","localStorage persistence"],"fullName":"FeaturedCollapseManager localStorage persistence should load collapsed state from localStorage on initialization","status":"passed","title":"should load collapsed state from localStorage on initialization","duration":0.9013999999999669,"failureMessages":[],"meta":{}},{"ancestorTitles":["FeaturedCollapseManager","localStorage persistence"],"fullName":"FeaturedCollapseManager localStorage persistence should load expanded state from localStorage on initialization","status":"passed","title":"should load expanded state from localStorage on initialization","duration":0.7154090000000224,"failureMessages":[],"meta":{}},{"ancestorTitles":["FeaturedCollapseManager","localStorage persistence"],"fullName":"FeaturedCollapseManager localStorage persistence should handle localStorage errors gracefully","status":"passed","title":"should handle localStorage errors gracefully","duration":1.0412830000000213,"failureMessages":[],"meta":{}},{"ancestorTitles":["FeaturedCollapseManager","localStorage persistence"],"fullName":"FeaturedCollapseManager localStorage persistence should clear saved state","status":"passed","title":"should clear saved state","duration":0.7700820000000022,"failureMessages":[],"meta":{}},{"ancestorTitles":["FeaturedCollapseManager","localStorage persistence"],"fullName":"FeaturedCollapseManager localStorage persistence should use custom storage key when provided","status":"passed","title":"should use custom storage key when provided","duration":0.7694709999999532,"failureMessages":[],"meta":{}}],"startTime":1757186027112,"endTime":1757186027191.7695,"status":"passed","message":"","name":"/home/runner/work/idvorkin.github.io/idvorkin.github.io/src/__tests__/featured-collapse.test.ts"},{"assertionResults":[{"ancestorTitles":["Featured Posts","Homepage Featured Posts"],"fullName":"Featured Posts Homepage Featured Posts should fetch featured posts from backlinks data","status":"passed","title":"should fetch featured posts from backlinks data","duration":2.833752000000004,"failureMessages":[],"meta":{}},{"ancestorTitles":["Featured Posts","Homepage Featured Posts"],"fullName":"Featured Posts Homepage Featured Posts should fetch from backlinks instead of Algolia search","status":"passed","title":"should fetch from backlinks instead of Algolia search","duration":1.6790250000000242,"failureMessages":[],"meta":{}},{"ancestorTitles":["Featured Posts","Homepage Featured Posts"],"fullName":"Featured Posts Homepage Featured Posts should truncate long descriptions to 150 characters","status":"passed","title":"should truncate long descriptions to 150 characters","duration":0.6430030000000215,"failureMessages":[],"meta":{}},{"ancestorTitles":["Featured Posts","Featured Page Data Structure"],"fullName":"Featured Posts Featured Page Data Structure should have correct data structure for featured.yml","status":"passed","title":"should have correct data structure for featured.yml","duration":1.5735459999999648,"failureMessages":[],"meta":{}},{"ancestorTitles":["Featured Posts","Featured Page Data Structure"],"fullName":"Featured Posts Featured Page Data Structure should render featured posts fetched from backlinks","status":"passed","title":"should render featured posts fetched from backlinks","duration":0.8285519999999451,"failureMessages":[],"meta":{}}],"startTime":1757186027083,"endTime":1757186027090.8286,"status":"passed","message":"","name":"/home/runner/work/idvorkin.github.io/idvorkin.github.io/src/__tests__/featured-posts.test.ts"},{"assertionResults":[{"ancestorTitles":["get_link_info"],"fullName":"get_link_info should fetch link info from local path when not in production","status":"passed","title":"should fetch link info from local path when not in production","duration":6.138596000000007,"failureMessages":[],"meta":{}},{"ancestorTitles":["get_link_info"],"fullName":"get_link_info should fetch link info from GitHub when in production","status":"passed","title":"should fetch link info from GitHub when in production","duration":2.2006699999999455,"failureMessages":[],"meta":{}},{"ancestorTitles":["get_link_info"],"fullName":"get_link_info should handle fetch errors gracefully","status":"passed","title":"should handle fetch errors gracefully","duration":2.14659800000004,"failureMessages":[],"meta":{}},{"ancestorTitles":["get_link_info"],"fullName":"get_link_info should cache responses and not make additional requests","status":"passed","title":"should cache responses and not make additional requests","duration":1.7578409999999849,"failureMessages":[],"meta":{}}],"startTime":1757186028543,"endTime":1757186028554.7578,"status":"passed","message":"","name":"/home/runner/work/idvorkin.github.io/idvorkin.github.io/src/__tests__/get-link-info.test.ts"},{"assertionResults":[{"ancestorTitles":["Graph Module"],"fullName":"Graph Module should log that Force Graph is loaded","status":"passed","title":"should log that Force Graph is loaded","duration":17.929730000000063,"failureMessages":[],"meta":{}},{"ancestorTitles":["Graph Module"],"fullName":"Graph Module should initialize the graph when the DOM element exists","status":"skipped","title":"should initialize the graph when the DOM element exists","failureMessages":[],"meta":{}},{"ancestorTitles":["Graph Module"],"fullName":"Graph Module should not initialize the graph when the DOM element doesn't exist","status":"passed","title":"should not initialize the graph when the DOM element doesn't exist","duration":2.355560999999966,"failureMessages":[],"meta":{}},{"ancestorTitles":["Graph Module"],"fullName":"Graph Module should handle ForceGraph not being defined","status":"passed","title":"should handle ForceGraph not being defined","duration":1.9556270000000495,"failureMessages":[],"meta":{}},{"ancestorTitles":["Graph Module"],"fullName":"Graph Module should handle node canvas object rendering","status":"passed","title":"should handle node canvas object rendering","duration":1.8317329999999856,"failureMessages":[],"meta":{}},{"ancestorTitles":["Graph Module"],"fullName":"Graph Module should handle goto control click","status":"passed","title":"should handle goto control click","duration":1.349833999999987,"failureMessages":[],"meta":{}},{"ancestorTitles":["Graph Module"],"fullName":"Graph Module should build graph data correctly","status":"passed","title":"should build graph data correctly","duration":2.4666499999999587,"failureMessages":[],"meta":{}},{"ancestorTitles":["Graph Module"],"fullName":"Graph Module should update detail with node information","status":"passed","title":"should update detail with node information","duration":2.6311399999999594,"failureMessages":[],"meta":{}}],"startTime":1757186027041,"endTime":1757186027071.631,"status":"passed","message":"","name":"/home/runner/work/idvorkin.github.io/idvorkin.github.io/src/__tests__/graph.test.ts"},{"assertionResults":[{"ancestorTitles":["Header Copy Link","URL Transformation"],"fullName":"Header Copy Link URL Transformation should transform localhost URL to production domain","status":"passed","title":"should transform localhost URL to production domain","duration":6.574721000000068,"failureMessages":[],"meta":{}},{"ancestorTitles":["Header Copy Link","URL Transformation"],"fullName":"Header Copy Link URL Transformation should handle production domain mapping correctly","status":"passed","title":"should handle production domain mapping correctly","duration":1.3166120000000774,"failureMessages":[],"meta":{}},{"ancestorTitles":["Header Copy Link","Header ID Generation"],"fullName":"Header Copy Link Header ID Generation should use existing header ID if present","status":"passed","title":"should use existing header ID if present","duration":1.2822770000000219,"failureMessages":[],"meta":{}},{"ancestorTitles":["Header Copy Link","Header ID Generation"],"fullName":"Header Copy Link Header ID Generation should generate ID from header text when no ID exists","status":"passed","title":"should generate ID from header text when no ID exists","duration":1.122476000000006,"failureMessages":[],"meta":{}},{"ancestorTitles":["Header Copy Link","Header ID Generation"],"fullName":"Header Copy Link Header ID Generation should handle special characters in header text","status":"passed","title":"should handle special characters in header text","duration":1.0851860000000215,"failureMessages":[],"meta":{}},{"ancestorTitles":["Header Copy Link","Header ID Generation"],"fullName":"Header Copy Link Header ID Generation should ensure ID uniqueness","status":"passed","title":"should ensure ID uniqueness","duration":1.8368130000000065,"failureMessages":[],"meta":{}},{"ancestorTitles":["Header Copy Link","Copy Functionality"],"fullName":"Header Copy Link Copy Functionality should copy correct URL format","status":"passed","title":"should copy correct URL format","duration":6.9016410000000405,"failureMessages":[],"meta":{}},{"ancestorTitles":["Header Copy Link","Copy Functionality"],"fullName":"Header Copy Link Copy Functionality should handle clipboard API failure gracefully","status":"passed","title":"should handle clipboard API failure gracefully","duration":14.747580999999968,"failureMessages":[],"meta":{}},{"ancestorTitles":["Header Copy Link","CSS Styles"],"fullName":"Header Copy Link CSS Styles should add styles only once","status":"passed","title":"should add styles only once","duration":0.9171589999999696,"failureMessages":[],"meta":{}},{"ancestorTitles":["Header Copy Link","CSS Styles"],"fullName":"Header Copy Link CSS Styles should create style element with correct content","status":"passed","title":"should create style element with correct content","duration":0.8726449999999204,"failureMessages":[],"meta":{}},{"ancestorTitles":["Header Copy Link","Integration"],"fullName":"Header Copy Link Integration should add share links to all header types including H1","status":"passed","title":"should add share links to all header types including H1","duration":2.376449999999977,"failureMessages":[],"meta":{}},{"ancestorTitles":["Header Copy Link","Integration"],"fullName":"Header Copy Link Integration should initialize correctly when DOM is ready","status":"passed","title":"should initialize correctly when DOM is ready","duration":1.2804139999999506,"failureMessages":[],"meta":{}},{"ancestorTitles":["Header Copy Link","Integration"],"fullName":"Header Copy Link Integration should wait for DOM ready when loading","status":"passed","title":"should wait for DOM ready when loading","duration":5.794943999999987,"failureMessages":[],"meta":{}},{"ancestorTitles":["Header Copy Link","Integration"],"fullName":"Header Copy Link Integration should not add duplicate copy links when called multiple times","status":"passed","title":"should not add duplicate copy links when called multiple times","duration":1.073925000000031,"failureMessages":[],"meta":{}},{"ancestorTitles":["Header Copy Link","Integration"],"fullName":"Header Copy Link Integration should not add duplicate copy links when enableHeaderCopyLinks is called multiple times","status":"passed","title":"should not add duplicate copy links when enableHeaderCopyLinks is called multiple times","duration":1.3416690000000244,"failureMessages":[],"meta":{}},{"ancestorTitles":["Header Copy Link","Breadcrumb Format"],"fullName":"Header Copy Link Breadcrumb Format should build breadcrumb with page name and header hierarchy","status":"passed","title":"should build breadcrumb with page name and header hierarchy","duration":0.4024689999999964,"failureMessages":[],"meta":{}},{"ancestorTitles":["Header Copy Link","Breadcrumb Format"],"fullName":"Header Copy Link Breadcrumb Format should convert hyphens to spaces in page name","status":"passed","title":"should convert hyphens to spaces in page name","duration":0.3028110000000197,"failureMessages":[],"meta":{}},{"ancestorTitles":["Header Copy Link","Breadcrumb Format"],"fullName":"Header Copy Link Breadcrumb Format should handle index page correctly","status":"passed","title":"should handle index page correctly","duration":0.312738999999965,"failureMessages":[],"meta":{}},{"ancestorTitles":["Header Copy Link","Breadcrumb Format"],"fullName":"Header Copy Link Breadcrumb Format should show correct hierarchy for AI Journal diary entry","status":"passed","title":"should show correct hierarchy for AI Journal diary entry","duration":0.34983999999997195,"failureMessages":[],"meta":{}},{"ancestorTitles":["Header Copy Link","Breadcrumb Format"],"fullName":"Header Copy Link Breadcrumb Format should handle deeply nested headers with depth limit","status":"passed","title":"should handle deeply nested headers with depth limit","duration":0.3557100000000446,"failureMessages":[],"meta":{}},{"ancestorTitles":["Header Copy Link","Breadcrumb Format"],"fullName":"Header Copy Link Breadcrumb Format should use most recent parent header when duplicates exist","status":"passed","title":"should use most recent parent header when duplicates exist","duration":0.3465840000000071,"failureMessages":[],"meta":{}},{"ancestorTitles":["Header Copy Link","Breadcrumb Format"],"fullName":"Header Copy Link Breadcrumb Format should handle missing intermediate header levels","status":"passed","title":"should handle missing intermediate header levels","duration":0.341904999999997,"failureMessages":[],"meta":{}},{"ancestorTitles":["Header Copy Link","Breadcrumb Format"],"fullName":"Header Copy Link Breadcrumb Format should handle AI Journal nested subsection breadcrumb","status":"passed","title":"should handle AI Journal nested subsection breadcrumb","duration":0.37889399999994566,"failureMessages":[],"meta":{}},{"ancestorTitles":["Header Copy Link","GitHub Issue Creation"],"fullName":"Header Copy Link GitHub Issue Creation should add GitHub issue icon alongside copy link icon","status":"passed","title":"should add GitHub issue icon alongside copy link icon","duration":0.7225119999999379,"failureMessages":[],"meta":{}},{"ancestorTitles":["Header Copy Link","GitHub Issue Creation"],"fullName":"Header Copy Link GitHub Issue Creation should show popup when GitHub icon is clicked","status":"passed","title":"should show popup when GitHub icon is clicked","duration":4.276851999999963,"failureMessages":[],"meta":{}},{"ancestorTitles":["Header Copy Link","GitHub Issue Creation"],"fullName":"Header Copy Link GitHub Issue Creation should open GitHub issue with custom description when popup is submitted","status":"passed","title":"should open GitHub issue with custom description when popup is submitted","duration":0.7659139999999525,"failureMessages":[],"meta":{}},{"ancestorTitles":["Header Copy Link","GitHub Issue Creation"],"fullName":"Header Copy Link GitHub Issue Creation should include content excerpt when no custom description provided","status":"passed","title":"should include content excerpt when no custom description provided","duration":0.781182000000058,"failureMessages":[],"meta":{}},{"ancestorTitles":["Header Copy Link","GitHub Issue Creation"],"fullName":"Header Copy Link GitHub Issue Creation should truncate long content excerpts to 500 characters","status":"passed","title":"should truncate long content excerpts to 500 characters","duration":0.7482400000000098,"failureMessages":[],"meta":{}},{"ancestorTitles":["Header Copy Link","GitHub Issue Creation"],"fullName":"Header Copy Link GitHub Issue Creation should skip empty paragraphs and find first non-empty one","status":"passed","title":"should skip empty paragraphs and find first non-empty one","duration":0.7149679999999989,"failureMessages":[],"meta":{}},{"ancestorTitles":["URL Transformation Logic"],"fullName":"URL Transformation Logic should transform URL correctly: localhost to production with long anchor","status":"passed","title":"should transform URL correctly: localhost to production with long anchor","duration":1.2026270000000068,"failureMessages":[],"meta":{}},{"ancestorTitles":["URL Transformation Logic"],"fullName":"URL Transformation Logic should transform URL correctly: production domain mapping","status":"passed","title":"should transform URL correctly: production domain mapping","duration":1.0836430000000519,"failureMessages":[],"meta":{}},{"ancestorTitles":["URL Transformation Logic"],"fullName":"URL Transformation Logic should transform URL correctly: simple case","status":"passed","title":"should transform URL correctly: simple case","duration":1.8026079999999638,"failureMessages":[],"meta":{}}],"startTime":1757186025639,"endTime":1757186025703.8025,"status":"passed","message":"","name":"/home/runner/work/idvorkin.github.io/idvorkin.github.io/src/__tests__/header-copy-link.test.ts"},{"assertionResults":[{"ancestorTitles":["Index Module"],"fullName":"Index Module should initialize when ready","status":"passed","title":"should initialize when ready","duration":40.19805700000006,"failureMessages":[],"meta":{}}],"startTime":1757186029206,"endTime":1757186029246.198,"status":"passed","message":"","name":"/home/runner/work/idvorkin.github.io/idvorkin.github.io/src/__tests__/index.test.ts"},{"assertionResults":[{"ancestorTitles":["Main module functions","shuffle"],"fullName":"Main module functions shuffle should return an array of the same length","status":"passed","title":"should return an array of the same length","duration":1.5678159999999934,"failureMessages":[],"meta":{}},{"ancestorTitles":["Main module functions","shuffle"],"fullName":"Main module functions shuffle should contain all the same elements","status":"passed","title":"should contain all the same elements","duration":0.9504719999999907,"failureMessages":[],"meta":{}},{"ancestorTitles":["Main module functions","random_from_list"],"fullName":"Main module functions random_from_list should return an element from the list","status":"passed","title":"should return an element from the list","duration":1.1973070000000234,"failureMessages":[],"meta":{}},{"ancestorTitles":["Main module functions","random_from_list"],"fullName":"Main module functions random_from_list should return undefined for empty list","status":"passed","title":"should return undefined for empty list","duration":0.2955970000000434,"failureMessages":[],"meta":{}},{"ancestorTitles":["Main module functions","load_globals function"],"fullName":"Main module functions load_globals function should initialize recent posts module","status":"passed","title":"should initialize recent posts module","duration":22.33477400000004,"failureMessages":[],"meta":{}},{"ancestorTitles":["Main module functions","load_globals function"],"fullName":"Main module functions load_globals function should initialize recent all posts if container exists","status":"passed","title":"should initialize recent all posts if container exists","duration":19.18511699999999,"failureMessages":[],"meta":{}},{"ancestorTitles":["Main module functions","load_globals function"],"fullName":"Main module functions load_globals function should not initialize recent all posts if container doesn't exist","status":"passed","title":"should not initialize recent all posts if container doesn't exist","duration":14.561140000000023,"failureMessages":[],"meta":{}},{"ancestorTitles":["Main module functions","load_globals function"],"fullName":"Main module functions load_globals function should call generateToc for both toc containers","status":"passed","title":"should call generateToc for both toc containers","duration":19.076863000000003,"failureMessages":[],"meta":{}},{"ancestorTitles":["Main module functions","TOC functions"],"fullName":"Main module functions TOC functions should warn when TOC elements are not found","status":"passed","title":"should warn when TOC elements are not found","duration":0.6614170000000286,"failureMessages":[],"meta":{}},{"ancestorTitles":["Main module functions","URL swapping function"],"fullName":"Main module functions URL swapping function should handle production URL swapping","status":"passed","title":"should handle production URL swapping","duration":0.5035090000000082,"failureMessages":[],"meta":{}}],"startTime":1757186027806,"endTime":1757186027887.5034,"status":"passed","message":"","name":"/home/runner/work/idvorkin.github.io/idvorkin.github.io/src/__tests__/main.test.ts"},{"assertionResults":[{"ancestorTitles":["Page Loader","makePostPreviewHTML"],"fullName":"Page Loader makePostPreviewHTML should generate correct HTML for a post preview","status":"passed","title":"should generate correct HTML for a post preview","duration":2.1420389999999543,"failureMessages":[],"meta":{}},{"ancestorTitles":["Page Loader","makePostPreviewHTML"],"fullName":"Page Loader makePostPreviewHTML should encode URLs correctly","status":"passed","title":"should encode URLs correctly","duration":0.4531339999999773,"failureMessages":[],"meta":{}},{"ancestorTitles":["Page Loader","make_random_post_html"],"fullName":"Page Loader make_random_post_html should generate HTML for a random post","status":"passed","title":"should generate HTML for a random post","duration":1.695946000000049,"failureMessages":[],"meta":{}},{"ancestorTitles":["Page Loader","make_random_post_html"],"fullName":"Page Loader make_random_post_html should handle errors gracefully","status":"passed","title":"should handle errors gracefully","duration":0.9236410000000888,"failureMessages":[],"meta":{}},{"ancestorTitles":["Page Loader","load_random_eulogy"],"fullName":"Page Loader load_random_eulogy should load random eulogy roles","status":"passed","title":"should load random eulogy roles","duration":2.3687059999999747,"failureMessages":[],"meta":{}},{"ancestorTitles":["Page Loader","load_random_eulogy"],"fullName":"Page Loader load_random_eulogy should use default element IDs if not provided","status":"passed","title":"should use default element IDs if not provided","duration":1.2207819999999856,"failureMessages":[],"meta":{}},{"ancestorTitles":["Page Loader","load_random_eulogy"],"fullName":"Page Loader load_random_eulogy should handle errors gracefully","status":"passed","title":"should handle errors gracefully","duration":0.48793000000000575,"failureMessages":[],"meta":{}},{"ancestorTitles":["Page Loader","load_enjoy2"],"fullName":"Page Loader load_enjoy2 should load content for the Enjoy page","status":"passed","title":"should load content for the Enjoy page","duration":3.303608000000054,"failureMessages":[],"meta":{}},{"ancestorTitles":["Page Loader","load_enjoy2"],"fullName":"Page Loader load_enjoy2 should handle errors gracefully","status":"passed","title":"should handle errors gracefully","duration":0.6398959999999079,"failureMessages":[],"meta":{}},{"ancestorTitles":["Page Loader","load_7_habits"],"fullName":"Page Loader load_7_habits should load content for the 7 Habits page","status":"passed","title":"should load content for the 7 Habits page","duration":0.8807799999999588,"failureMessages":[],"meta":{}},{"ancestorTitles":["Page Loader","load_7_habits"],"fullName":"Page Loader load_7_habits should handle errors gracefully","status":"passed","title":"should handle errors gracefully","duration":0.49428199999999833,"failureMessages":[],"meta":{}},{"ancestorTitles":["Page Loader","load_ig66"],"fullName":"Page Loader load_ig66 should load content for the IG66 page","status":"passed","title":"should load content for the IG66 page","duration":0.3807279999999764,"failureMessages":[],"meta":{}},{"ancestorTitles":["Page Loader","load_ig66"],"fullName":"Page Loader load_ig66 should handle errors gracefully","status":"passed","title":"should handle errors gracefully","duration":0.4419030000000248,"failureMessages":[],"meta":{}},{"ancestorTitles":["Page Loader","load_balance"],"fullName":"Page Loader load_balance should load content for the Balance page","status":"passed","title":"should load content for the Balance page","duration":0.8497719999999163,"failureMessages":[],"meta":{}},{"ancestorTitles":["Page Loader","load_balance"],"fullName":"Page Loader load_balance should handle errors gracefully","status":"passed","title":"should handle errors gracefully","duration":0.474474999999984,"failureMessages":[],"meta":{}},{"ancestorTitles":["Page Loader","make_radar_map"],"fullName":"Page Loader make_radar_map should create a radar map visualization","status":"passed","title":"should create a radar map visualization","duration":0.7410859999999957,"failureMessages":[],"meta":{}},{"ancestorTitles":["Page Loader","make_radar_map"],"fullName":"Page Loader make_radar_map should handle missing Plotly","status":"passed","title":"should handle missing Plotly","duration":0.4105840000000853,"failureMessages":[],"meta":{}},{"ancestorTitles":["Page Loader","make_radar_map"],"fullName":"Page Loader make_radar_map should handle errors gracefully","status":"passed","title":"should handle errors gracefully","duration":0.4550380000000587,"failureMessages":[],"meta":{}},{"ancestorTitles":["Page Loader","make_balance_chart_by_work"],"fullName":"Page Loader make_balance_chart_by_work should create a work balance chart","status":"passed","title":"should create a work balance chart","duration":0.7605740000000196,"failureMessages":[],"meta":{}},{"ancestorTitles":["Page Loader","make_balance_chart_by_work"],"fullName":"Page Loader make_balance_chart_by_work should handle missing Plotly","status":"passed","title":"should handle missing Plotly","duration":0.3919589999999289,"failureMessages":[],"meta":{}},{"ancestorTitles":["Page Loader","make_balance_chart_by_work"],"fullName":"Page Loader make_balance_chart_by_work should handle errors gracefully","status":"passed","title":"should handle errors gracefully","duration":0.6209499999999935,"failureMessages":[],"meta":{}},{"ancestorTitles":["Page Loader","make_balance_chart_by_desired_time_rest"],"fullName":"Page Loader make_balance_chart_by_desired_time_rest should create a rest time chart","status":"passed","title":"should create a rest time chart","duration":0.6871149999999489,"failureMessages":[],"meta":{}},{"ancestorTitles":["Page Loader","make_balance_chart_by_desired_time_rest"],"fullName":"Page Loader make_balance_chart_by_desired_time_rest should handle missing Plotly","status":"passed","title":"should handle missing Plotly","duration":0.3813189999999622,"failureMessages":[],"meta":{}},{"ancestorTitles":["Page Loader","make_balance_chart_by_desired_time_rest"],"fullName":"Page Loader make_balance_chart_by_desired_time_rest should handle errors gracefully","status":"passed","title":"should handle errors gracefully","duration":0.47789000000000215,"failureMessages":[],"meta":{}},{"ancestorTitles":["Page Loader","SevenHabits"],"fullName":"Page Loader SevenHabits should create a tree with the correct structure","status":"passed","title":"should create a tree with the correct structure","duration":0.5676389999999856,"failureMessages":[],"meta":{}},{"ancestorTitles":["Page Loader","ThingsIEnjoy"],"fullName":"Page Loader ThingsIEnjoy should create a tree with the correct structure","status":"passed","title":"should create a tree with the correct structure","duration":2.064783000000034,"failureMessages":[],"meta":{}},{"ancestorTitles":["Page Loader","Constants"],"fullName":"Page Loader Constants should export the correct constants","status":"passed","title":"should export the correct constants","duration":0.5912140000000363,"failureMessages":[],"meta":{}}],"startTime":1757186026420,"endTime":1757186026447.5913,"status":"passed","message":"","name":"/home/runner/work/idvorkin.github.io/idvorkin.github.io/src/__tests__/page-loader.test.ts"},{"assertionResults":[{"ancestorTitles":["Random Prompter","TreeNode"],"fullName":"Random Prompter TreeNode should create a tree node with given properties","status":"passed","title":"should create a tree node with given properties","duration":2.5411599999999908,"failureMessages":[],"meta":{}},{"ancestorTitles":["Random Prompter","TreeNode"],"fullName":"Random Prompter TreeNode should use default values when not provided","status":"passed","title":"should use default values when not provided","duration":1.268150999999989,"failureMessages":[],"meta":{}},{"ancestorTitles":["Random Prompter","breadth_first_walk"],"fullName":"Random Prompter breadth_first_walk should return empty if node is null","status":"passed","title":"should return empty if node is null","duration":0.43902699999989636,"failureMessages":[],"meta":{}},{"ancestorTitles":["Random Prompter","breadth_first_walk"],"fullName":"Random Prompter breadth_first_walk should walk the tree in breadth-first order","status":"passed","title":"should walk the tree in breadth-first order","duration":0.5873869999999215,"failureMessages":[],"meta":{}},{"ancestorTitles":["Random Prompter","tree_to_plotly_data_format"],"fullName":"Random Prompter tree_to_plotly_data_format should convert tree to plotly format","status":"passed","title":"should convert tree to plotly format","duration":0.5100519999999733,"failureMessages":[],"meta":{}},{"ancestorTitles":["Random Prompter","category_to_prompts"],"fullName":"Random Prompter category_to_prompts should extract prompts from categories","status":"skipped","title":"should extract prompts from categories","failureMessages":[],"meta":{}},{"ancestorTitles":["Random Prompter","render_prompt_for_category"],"fullName":"Random Prompter render_prompt_for_category should render a prompt for a category","status":"passed","title":"should render a prompt for a category","duration":2.08281599999998,"failureMessages":[],"meta":{}},{"ancestorTitles":["Random Prompter","add_random_prompts"],"fullName":"Random Prompter add_random_prompts should add random prompts for all categories","status":"passed","title":"should add random prompts for all categories","duration":0.681163999999967,"failureMessages":[],"meta":{}},{"ancestorTitles":["Random Prompter","add_sunburst"],"fullName":"Random Prompter add_sunburst should create a sunburst visualization","status":"passed","title":"should create a sunburst visualization","duration":0.9663009999999304,"failureMessages":[],"meta":{}},{"ancestorTitles":["Random Prompter","add_sunburst"],"fullName":"Random Prompter add_sunburst should handle missing Plotly","status":"passed","title":"should handle missing Plotly","duration":0.5532029999999395,"failureMessages":[],"meta":{}},{"ancestorTitles":["Random Prompter","add_sunburst"],"fullName":"Random Prompter add_sunburst should handle errors during plot creation","status":"passed","title":"should handle errors during plot creation","duration":0.9206560000000081,"failureMessages":[],"meta":{}},{"ancestorTitles":["Random Prompter","random_prompt_for_label"],"fullName":"Random Prompter random_prompt_for_label should find a random prompt for a label","status":"passed","title":"should find a random prompt for a label","duration":0.6563370000000077,"failureMessages":[],"meta":{}},{"ancestorTitles":["Random Prompter","category_to_prompts_text"],"fullName":"Random Prompter category_to_prompts_text should convert category elements to text with prompts","status":"passed","title":"should convert category elements to text with prompts","duration":0.6381629999999632,"failureMessages":[],"meta":{}},{"ancestorTitles":["Random Prompter","extract_tree_from_dom"],"fullName":"Random Prompter extract_tree_from_dom should extract tree structure from H2 and H3 elements","status":"passed","title":"should extract tree structure from H2 and H3 elements","duration":1.1321739999999636,"failureMessages":[],"meta":{}},{"ancestorTitles":["Random Prompter","extract_tree_from_dom"],"fullName":"Random Prompter extract_tree_from_dom should handle H2 elements with multiple H3 children","status":"passed","title":"should handle H2 elements with multiple H3 children","duration":1.0340799999999035,"failureMessages":[],"meta":{}},{"ancestorTitles":["Random Prompter","extract_tree_from_dom"],"fullName":"Random Prompter extract_tree_from_dom should handle malformed DOM with no elements","status":"passed","title":"should handle malformed DOM with no elements","duration":0.4795639999999821,"failureMessages":[],"meta":{}},{"ancestorTitles":["Random Prompter","extract_tree_from_dom"],"fullName":"Random Prompter extract_tree_from_dom should use default parameters when not provided","status":"passed","title":"should use default parameters when not provided","duration":0.46651999999994587,"failureMessages":[],"meta":{}},{"ancestorTitles":["Random Prompter","extract_tree_from_dom"],"fullName":"Random Prompter extract_tree_from_dom should handle mixed content between H2 elements","status":"passed","title":"should handle mixed content between H2 elements","duration":0.7472189999999728,"failureMessages":[],"meta":{}},{"ancestorTitles":["Random Prompter","extract_tree_from_dom"],"fullName":"Random Prompter extract_tree_from_dom should use container selector when provided","status":"passed","title":"should use container selector when provided","duration":0.2279999999999518,"failureMessages":[],"meta":{}}],"startTime":1757186026393,"endTime":1757186026410.228,"status":"passed","message":"","name":"/home/runner/work/idvorkin.github.io/idvorkin.github.io/src/__tests__/random-prompter.test.ts"},{"assertionResults":[{"ancestorTitles":["Recent Posts Module","fetchBacklinksData"],"fullName":"Recent Posts Module fetchBacklinksData should fetch and return URL info map","status":"passed","title":"should fetch and return URL info map","duration":7.261959000000047,"failureMessages":[],"meta":{}},{"ancestorTitles":["Recent Posts Module","fetchBacklinksData"],"fullName":"Recent Posts Module fetchBacklinksData should throw error if url_info is missing","status":"passed","title":"should throw error if url_info is missing","duration":3.577354000000014,"failureMessages":[],"meta":{}},{"ancestorTitles":["Recent Posts Module","convertToPages"],"fullName":"Recent Posts Module convertToPages should convert URL info map to array of page objects","status":"passed","title":"should convert URL info map to array of page objects","duration":3.279352000000017,"failureMessages":[],"meta":{}},{"ancestorTitles":["Recent Posts Module","convertToPages"],"fullName":"Recent Posts Module convertToPages should handle missing properties with defaults","status":"passed","title":"should handle missing properties with defaults","duration":1.459021000000007,"failureMessages":[],"meta":{}},{"ancestorTitles":["Recent Posts Module","filterRealPages"],"fullName":"Recent Posts Module filterRealPages should filter out pages with empty titles or descriptions","status":"passed","title":"should filter out pages with empty titles or descriptions","duration":1.5507430000000113,"failureMessages":[],"meta":{}},{"ancestorTitles":["Recent Posts Module","sortPagesByDate"],"fullName":"Recent Posts Module sortPagesByDate should sort pages by last_modified date, newest first","status":"passed","title":"should sort pages by last_modified date, newest first","duration":1.1916969999999765,"failureMessages":[],"meta":{}},{"ancestorTitles":["Recent Posts Module","sortPagesByDate"],"fullName":"Recent Posts Module sortPagesByDate should fallback to doc_size if last_modified dates are missing","status":"passed","title":"should fallback to doc_size if last_modified dates are missing","duration":0.9749669999999924,"failureMessages":[],"meta":{}},{"ancestorTitles":["Recent Posts Module","sortPagesByDate"],"fullName":"Recent Posts Module sortPagesByDate should not modify the original array","status":"passed","title":"should not modify the original array","duration":0.9939229999999952,"failureMessages":[],"meta":{}},{"ancestorTitles":["Recent Posts Module","getRecentPages"],"fullName":"Recent Posts Module getRecentPages should return the specified number of pages","status":"passed","title":"should return the specified number of pages","duration":1.6857980000000907,"failureMessages":[],"meta":{}},{"ancestorTitles":["Recent Posts Module","getRecentPages"],"fullName":"Recent Posts Module getRecentPages should handle array with fewer pages than requested count","status":"passed","title":"should handle array with fewer pages than requested count","duration":1.0311340000000655,"failureMessages":[],"meta":{}},{"ancestorTitles":["Recent Posts Module","generateRecentPagesHTML"],"fullName":"Recent Posts Module generateRecentPagesHTML should generate correct HTML for recent pages","status":"passed","title":"should generate correct HTML for recent pages","duration":1.317083000000025,"failureMessages":[],"meta":{}},{"ancestorTitles":["Recent Posts Module","generateRecentPagesHTML"],"fullName":"Recent Posts Module generateRecentPagesHTML should truncate descriptions longer than 100 characters","status":"passed","title":"should truncate descriptions longer than 100 characters","duration":0.8185230000000274,"failureMessages":[],"meta":{}},{"ancestorTitles":["Recent Posts Module","generateRecentPagesHTML"],"fullName":"Recent Posts Module generateRecentPagesHTML should show message for empty pages array","status":"passed","title":"should show message for empty pages array","duration":0.6366500000000315,"failureMessages":[],"meta":{}},{"ancestorTitles":["Recent Posts Module","updateRecentPosts"],"fullName":"Recent Posts Module updateRecentPosts should update the container with recent posts HTML","status":"passed","title":"should update the container with recent posts HTML","duration":4.6975159999999505,"failureMessages":[],"meta":{}},{"ancestorTitles":["Recent Posts Module","updateRecentPosts"],"fullName":"Recent Posts Module updateRecentPosts should show error message when getProcessedPages fails","status":"passed","title":"should show error message when getProcessedPages fails","duration":11.793772999999987,"failureMessages":[],"meta":{}},{"ancestorTitles":["Recent Posts Module","updateRecentPosts"],"fullName":"Recent Posts Module updateRecentPosts should do nothing if container is not found","status":"passed","title":"should do nothing if container is not found","duration":1.056632000000036,"failureMessages":[],"meta":{}},{"ancestorTitles":["Recent Posts Module","initRecentPosts"],"fullName":"Recent Posts Module initRecentPosts should call updateRecentPosts immediately if document is loaded","status":"passed","title":"should call updateRecentPosts immediately if document is loaded","duration":1.3483730000000378,"failureMessages":[],"meta":{}},{"ancestorTitles":["Recent Posts Module","initRecentPosts"],"fullName":"Recent Posts Module initRecentPosts should add event listener if document is still loading","status":"passed","title":"should add event listener if document is still loading","duration":1.8825990000000274,"failureMessages":[],"meta":{}}],"startTime":1757186025659,"endTime":1757186025711.8826,"status":"passed","message":"","name":"/home/runner/work/idvorkin.github.io/idvorkin.github.io/src/__tests__/recent-posts.test.ts"},{"assertionResults":[{"ancestorTitles":["Recent Module","groupPagesByMonthYear"],"fullName":"Recent Module groupPagesByMonthYear should group pages by month and year","status":"passed","title":"should group pages by month and year","duration":6.68106499999999,"failureMessages":[],"meta":{}},{"ancestorTitles":["Recent Module","groupPagesByMonthYear"],"fullName":"Recent Module groupPagesByMonthYear should handle empty arrays","status":"passed","title":"should handle empty arrays","duration":2.20617900000002,"failureMessages":[],"meta":{}},{"ancestorTitles":["Recent Module","groupPagesByMonthYear"],"fullName":"Recent Module groupPagesByMonthYear should skip pages without last_modified dates","status":"passed","title":"should skip pages without last_modified dates","duration":1.5022720000000618,"failureMessages":[],"meta":{}},{"ancestorTitles":["Recent Module","generateGroupedPagesHTML"],"fullName":"Recent Module generateGroupedPagesHTML should generate correct HTML for grouped pages","status":"passed","title":"should generate correct HTML for grouped pages","duration":1.1588239999999814,"failureMessages":[],"meta":{}},{"ancestorTitles":["Recent Module","generateGroupedPagesHTML"],"fullName":"Recent Module generateGroupedPagesHTML should format dates in the expected format","status":"passed","title":"should format dates in the expected format","duration":1.098500999999942,"failureMessages":[],"meta":{}},{"ancestorTitles":["Recent Module","generateGroupedPagesHTML"],"fullName":"Recent Module generateGroupedPagesHTML should truncate descriptions longer than 150 characters","status":"passed","title":"should truncate descriptions longer than 150 characters","duration":1.129790000000071,"failureMessages":[],"meta":{}},{"ancestorTitles":["Recent Module","createToggleSection"],"fullName":"Recent Module createToggleSection should create toggle section with correct content","status":"passed","title":"should create toggle section with correct content","duration":1.1771799999999075,"failureMessages":[],"meta":{}},{"ancestorTitles":["Recent Module","generateStyles"],"fullName":"Recent Module generateStyles should generate CSS styles as a string","status":"passed","title":"should generate CSS styles as a string","duration":1.1904839999999695,"failureMessages":[],"meta":{}},{"ancestorTitles":["Recent Module","setupToggleEventListener"],"fullName":"Recent Module setupToggleEventListener should add click event listener to toggle element","status":"passed","title":"should add click event listener to toggle element","duration":5.5901980000001,"failureMessages":[],"meta":{}},{"ancestorTitles":["Recent Module","setupToggleEventListener"],"fullName":"Recent Module setupToggleEventListener should handle missing toggle element","status":"passed","title":"should handle missing toggle element","duration":3.568867999999952,"failureMessages":[],"meta":{}},{"ancestorTitles":["Recent Module","setupToggleEventListener"],"fullName":"Recent Module setupToggleEventListener should toggle content visibility when clicked","status":"passed","title":"should toggle content visibility when clicked","duration":7.316021999999975,"failureMessages":[],"meta":{}},{"ancestorTitles":["Recent Module","generateRecentPostsHTML"],"fullName":"Recent Module generateRecentPostsHTML should generate complete HTML for posts display","status":"passed","title":"should generate complete HTML for posts display","duration":1.1574829999999565,"failureMessages":[],"meta":{}},{"ancestorTitles":["Recent Module","generateRecentPostsHTML"],"fullName":"Recent Module generateRecentPostsHTML should return message when no pages are provided","status":"passed","title":"should return message when no pages are provided","duration":0.5044500000000198,"failureMessages":[],"meta":{}},{"ancestorTitles":["Recent Module","generateRecentPostsHTML"],"fullName":"Recent Module generateRecentPostsHTML should use default initialPostsCount of 15","status":"passed","title":"should use default initialPostsCount of 15","duration":1.2325739999999996,"failureMessages":[],"meta":{}},{"ancestorTitles":["Recent Module","updateRecentPosts"],"fullName":"Recent Module updateRecentPosts should update container with posts HTML","status":"passed","title":"should update container with posts HTML","duration":6.067297999999937,"failureMessages":[],"meta":{}},{"ancestorTitles":["Recent Module","updateRecentPosts"],"fullName":"Recent Module updateRecentPosts should handle empty results","status":"passed","title":"should handle empty results","duration":1.1594460000000026,"failureMessages":[],"meta":{}},{"ancestorTitles":["Recent Module","updateRecentPosts"],"fullName":"Recent Module updateRecentPosts should handle errors","status":"passed","title":"should handle errors","duration":11.343154000000027,"failureMessages":[],"meta":{}},{"ancestorTitles":["Recent Module","updateRecentPosts"],"fullName":"Recent Module updateRecentPosts should do nothing if container is not found","status":"passed","title":"should do nothing if container is not found","duration":1.268732,"failureMessages":[],"meta":{}},{"ancestorTitles":["Recent Module","initRecentAllPosts"],"fullName":"Recent Module initRecentAllPosts should call updateRecentPosts immediately if document is already loaded","status":"passed","title":"should call updateRecentPosts immediately if document is already loaded","duration":2.4844339999999647,"failureMessages":[],"meta":{}},{"ancestorTitles":["Recent Module","initRecentAllPosts"],"fullName":"Recent Module initRecentAllPosts should add event listener if document is still loading","status":"passed","title":"should add event listener if document is still loading","duration":0.7258990000000267,"failureMessages":[],"meta":{}}],"startTime":1757186025664,"endTime":1757186025724.7258,"status":"passed","message":"","name":"/home/runner/work/idvorkin.github.io/idvorkin.github.io/src/__tests__/recent.test.ts"},{"assertionResults":[{"ancestorTitles":["Search Module","getParameterByName"],"fullName":"Search Module getParameterByName should extract a parameter from a URL","status":"passed","title":"should extract a parameter from a URL","duration":2.7401849999999968,"failureMessages":[],"meta":{}},{"ancestorTitles":["Search Module","getParameterByName"],"fullName":"Search Module getParameterByName should return null when parameter doesn't exist","status":"passed","title":"should return null when parameter doesn't exist","duration":0.8040460000000849,"failureMessages":[],"meta":{}},{"ancestorTitles":["Search Module","getParameterByName"],"fullName":"Search Module getParameterByName should return empty string when parameter has no value","status":"passed","title":"should return empty string when parameter has no value","duration":0.7796999999999343,"failureMessages":[],"meta":{}},{"ancestorTitles":["Search Module","getParameterByName"],"fullName":"Search Module getParameterByName should handle URL encoded values","status":"passed","title":"should handle URL encoded values","duration":0.7266099999999369,"failureMessages":[],"meta":{}},{"ancestorTitles":["Search Module","getParameterByName"],"fullName":"Search Module getParameterByName should use window.location.href when no URL is provided","status":"passed","title":"should use window.location.href when no URL is provided","duration":0.6297369999999773,"failureMessages":[],"meta":{}},{"ancestorTitles":["Search Module","InstantSearchHitTemplate"],"fullName":"Search Module InstantSearchHitTemplate should generate HTML for a hit with title and content","status":"passed","title":"should generate HTML for a hit with title and content","duration":2.123933999999963,"failureMessages":[],"meta":{}},{"ancestorTitles":["Search Module","InstantSearchHitTemplate"],"fullName":"Search Module InstantSearchHitTemplate should generate HTML for a hit with anchor","status":"passed","title":"should generate HTML for a hit with anchor","duration":1.0092429999999695,"failureMessages":[],"meta":{}},{"ancestorTitles":["Search Module","InstantSearchHitTemplate"],"fullName":"Search Module InstantSearchHitTemplate should handle hits without highlighted content","status":"passed","title":"should handle hits without highlighted content","duration":0.9878330000000233,"failureMessages":[],"meta":{}},{"ancestorTitles":["Search Module","InstantSearchHitTemplate"],"fullName":"Search Module InstantSearchHitTemplate should handle errors and return 'invalid HTML'","status":"passed","title":"should handle errors and return 'invalid HTML'","duration":3.967689000000064,"failureMessages":[],"meta":{}},{"ancestorTitles":["Search Module","CreateSearch"],"fullName":"Search Module CreateSearch should create a search instance with the correct configuration","status":"passed","title":"should create a search instance with the correct configuration","duration":2.506405000000086,"failureMessages":[],"meta":{}},{"ancestorTitles":["Search Module","CreateAutoComplete"],"fullName":"Search Module CreateAutoComplete should create an autocomplete instance with correct configuration","status":"skipped","title":"should create an autocomplete instance with correct configuration","failureMessages":[],"meta":{}},{"ancestorTitles":["Search Module","CreateAutoComplete"],"fullName":"Search Module CreateAutoComplete should handle element not found error","status":"skipped","title":"should handle element not found error","failureMessages":[],"meta":{}},{"ancestorTitles":["Search Module","CreateAutoComplete"],"fullName":"Search Module CreateAutoComplete should handle autocompleteId with or without # prefix","status":"skipped","title":"should handle autocompleteId with or without # prefix","failureMessages":[],"meta":{}}],"startTime":1757186026427,"endTime":1757186026443.5063,"status":"passed","message":"","name":"/home/runner/work/idvorkin.github.io/idvorkin.github.io/src/__tests__/search.test.ts"},{"assertionResults":[{"ancestorTitles":["Shared Utility Functions","MakeBackLinkHTML"],"fullName":"Shared Utility Functions MakeBackLinkHTML should generate correct HTML for a backlink","status":"passed","title":"should generate correct HTML for a backlink","duration":1.81732599999998,"failureMessages":[],"meta":{}},{"ancestorTitles":["Shared Utility Functions","random_from_list"],"fullName":"Shared Utility Functions random_from_list should return an element from the list","status":"passed","title":"should return an element from the list","duration":1.0203129999999874,"failureMessages":[],"meta":{}},{"ancestorTitles":["Shared Utility Functions","random_from_list"],"fullName":"Shared Utility Functions random_from_list should return undefined for empty list","status":"passed","title":"should return undefined for empty list","duration":0.4605379999999286,"failureMessages":[],"meta":{}},{"ancestorTitles":["Shared Utility Functions","random_from_list"],"fullName":"Shared Utility Functions random_from_list should have a roughly even distribution over many calls","status":"passed","title":"should have a roughly even distribution over many calls","duration":1.071651000000088,"failureMessages":[],"meta":{}},{"ancestorTitles":["Shared Utility Functions","shuffle"],"fullName":"Shared Utility Functions shuffle should return an array of the same length","status":"passed","title":"should return an array of the same length","duration":0.3972589999999627,"failureMessages":[],"meta":{}},{"ancestorTitles":["Shared Utility Functions","shuffle"],"fullName":"Shared Utility Functions shuffle should contain all the same elements","status":"passed","title":"should contain all the same elements","duration":0.9648789999999963,"failureMessages":[],"meta":{}},{"ancestorTitles":["Shared Utility Functions","shuffle"],"fullName":"Shared Utility Functions shuffle should change the order of elements (most of the time)","status":"passed","title":"should change the order of elements (most of the time)","duration":0.356783000000064,"failureMessages":[],"meta":{}},{"ancestorTitles":["Shared Utility Functions","append_randomizer_div"],"fullName":"Shared Utility Functions append_randomizer_div should not append anything if parent is not found","status":"passed","title":"should not append anything if parent is not found","duration":5.720223000000033,"failureMessages":[],"meta":{}},{"ancestorTitles":["Shared Utility Functions","append_randomizer_div"],"fullName":"Shared Utility Functions append_randomizer_div should append content from the factory when parent is found","status":"passed","title":"should append content from the factory when parent is found","duration":2.3557309999999916,"failureMessages":[],"meta":{}},{"ancestorTitles":["Shared Utility Functions","append_randomizer_div"],"fullName":"Shared Utility Functions append_randomizer_div should handle click events on non-link elements","status":"passed","title":"should handle click events on non-link elements","duration":1.2556769999999915,"failureMessages":[],"meta":{}},{"ancestorTitles":["Shared Utility Functions","append_randomizer_div"],"fullName":"Shared Utility Functions append_randomizer_div should not regenerate content when clicking on a link","status":"passed","title":"should not regenerate content when clicking on a link","duration":1.1116050000000541,"failureMessages":[],"meta":{}},{"ancestorTitles":["Shared Utility Functions","makeRedirectUrl"],"fullName":"Shared Utility Functions makeRedirectUrl should generate correct URL with path only","status":"passed","title":"should generate correct URL with path only","duration":0.16515100000003713,"failureMessages":[],"meta":{}},{"ancestorTitles":["Shared Utility Functions","makeRedirectUrl"],"fullName":"Shared Utility Functions makeRedirectUrl should generate correct URL with path and anchor","status":"passed","title":"should generate correct URL with path and anchor","duration":0.11625900000001366,"failureMessages":[],"meta":{}},{"ancestorTitles":["Shared Utility Functions","makeRedirectUrl"],"fullName":"Shared Utility Functions makeRedirectUrl should handle special characters in path","status":"passed","title":"should handle special characters in path","duration":0.21944399999995312,"failureMessages":[],"meta":{}},{"ancestorTitles":["Shared Utility Functions","makeRedirectUrl"],"fullName":"Shared Utility Functions makeRedirectUrl should handle empty anchor gracefully","status":"passed","title":"should handle empty anchor gracefully","duration":0.1475269999999682,"failureMessages":[],"meta":{}},{"ancestorTitles":["Shared Utility Functions","makeRedirectUrl"],"fullName":"Shared Utility Functions makeRedirectUrl should handle undefined anchor","status":"passed","title":"should handle undefined anchor","duration":0.10607099999992897,"failureMessages":[],"meta":{}}],"startTime":1757186027753,"endTime":1757186027772.2195,"status":"passed","message":"","name":"/home/runner/work/idvorkin.github.io/idvorkin.github.io/src/__tests__/shared.test.ts"},{"assertionResults":[{"ancestorTitles":["Summarize Page Functionality"],"fullName":"Summarize Page Functionality should not create duplicate entries when processing summary links","status":"passed","title":"should not create duplicate entries when processing summary links","duration":1.4664920000000166,"failureMessages":[],"meta":{}},{"ancestorTitles":["Summarize Page Functionality"],"fullName":"Summarize Page Functionality should handle redirects correctly without duplication","status":"passed","title":"should handle redirects correctly without duplication","duration":1.9998170000000073,"failureMessages":[],"meta":{}},{"ancestorTitles":["Summarize Page Functionality"],"fullName":"Summarize Page Functionality should identify the root cause of duplicate related posts","status":"passed","title":"should identify the root cause of duplicate related posts","duration":0.5772490000000516,"failureMessages":[],"meta":{}}],"startTime":1757186029116,"endTime":1757186029120.5771,"status":"passed","message":"","name":"/home/runner/work/idvorkin.github.io/idvorkin.github.io/src/__tests__/summarize-page.test.ts"},{"assertionResults":[{"ancestorTitles":["SwapProdAndTest","when swapping from production to test"],"fullName":"SwapProdAndTest when swapping from production to test should swap from production to localhost with default port 4000","status":"passed","title":"should swap from production to localhost with default port 4000","duration":2.5769149999999854,"failureMessages":[],"meta":{}},{"ancestorTitles":["SwapProdAndTest","when swapping from production to test"],"fullName":"SwapProdAndTest when swapping from production to test should preserve the current port when available","status":"passed","title":"should preserve the current port when available","duration":0.5742839999999205,"failureMessages":[],"meta":{}},{"ancestorTitles":["SwapProdAndTest","when swapping from test to production"],"fullName":"SwapProdAndTest when swapping from test to production should swap from localhost:4000 to production","status":"passed","title":"should swap from localhost:4000 to production","duration":0.5471479999999929,"failureMessages":[],"meta":{}},{"ancestorTitles":["SwapProdAndTest","when swapping from test to production"],"fullName":"SwapProdAndTest when swapping from test to production should swap from localhost:4002 to production","status":"passed","title":"should swap from localhost:4002 to production","duration":0.5056060000000571,"failureMessages":[],"meta":{}},{"ancestorTitles":["SwapProdAndTest","when swapping from test to production"],"fullName":"SwapProdAndTest when swapping from test to production should handle any port number","status":"passed","title":"should handle any port number","duration":0.3612989999999172,"failureMessages":[],"meta":{}}],"startTime":1757186029020,"endTime":1757186029025.5056,"status":"passed","message":"","name":"/home/runner/work/idvorkin.github.io/idvorkin.github.io/src/__tests__/swap-prod-test.test.ts"},{"assertionResults":[{"ancestorTitles":["TOC Generation with header icons"],"fullName":"TOC Generation with header icons should exclude header icon elements when generating TOC text","status":"passed","title":"should exclude header icon elements when generating TOC text","duration":11.508134999999925,"failureMessages":[],"meta":{}},{"ancestorTitles":["TOC Generation with header icons"],"fullName":"TOC Generation with header icons should handle headers with nested non-icon elements correctly","status":"passed","title":"should handle headers with nested non-icon elements correctly","duration":2.474505000000022,"failureMessages":[],"meta":{}},{"ancestorTitles":["TOC Generation with header icons"],"fullName":"TOC Generation with header icons should handle headers with only text content","status":"passed","title":"should handle headers with only text content","duration":1.2253500000000486,"failureMessages":[],"meta":{}},{"ancestorTitles":["TOC Generation with header icons"],"fullName":"TOC Generation with header icons should properly escape quotes in TOC text","status":"passed","title":"should properly escape quotes in TOC text","duration":1.2693530000000237,"failureMessages":[],"meta":{}},{"ancestorTitles":["TOC Generation with header icons"],"fullName":"TOC Generation with header icons should handle empty headers gracefully","status":"passed","title":"should handle empty headers gracefully","duration":1.2575310000000854,"failureMessages":[],"meta":{}}],"startTime":1757186027827,"endTime":1757186027845.2576,"status":"passed","message":"","name":"/home/runner/work/idvorkin.github.io/idvorkin.github.io/src/__tests__/toc-generation.test.ts"}]}