{"numTotalTestSuites":102,"numPassedTestSuites":94,"numFailedTestSuites":8,"numPendingTestSuites":0,"numTotalTests":191,"numPassedTests":171,"numFailedTests":15,"numPendingTests":5,"numTodoTests":0,"snapshot":{"added":0,"failure":false,"filesAdded":0,"filesRemoved":0,"filesRemovedList":[],"filesUnmatched":0,"filesUpdated":0,"matched":0,"total":0,"unchecked":0,"uncheckedKeysByFile":[],"unmatched":0,"updated":0,"didUpdate":false},"startTime":1755227038956,"success":false,"testResults":[{"assertionResults":[{"ancestorTitles":["Blogger Import Module","add_imported_blog_posts"],"fullName":"Blogger Import Module add_imported_blog_posts should fetch and process blog posts","status":"passed","title":"should fetch and process blog posts","duration":6.337511999999947,"failureMessages":[],"meta":{}},{"ancestorTitles":["Blogger Import Module","add_eulogy_roles"],"fullName":"Blogger Import Module add_eulogy_roles should fetch and process eulogy roles","status":"passed","title":"should fetch and process eulogy roles","duration":1.129603999999972,"failureMessages":[],"meta":{}},{"ancestorTitles":["Blogger Import Module","html_for_role"],"fullName":"Blogger Import Module html_for_role should generate HTML for a role","status":"passed","title":"should generate HTML for a role","duration":1.2843110000000024,"failureMessages":[],"meta":{}}],"startTime":1755227041815,"endTime":1755227041824.2844,"status":"passed","message":"","name":"/home/runner/work/idvorkin.github.io/idvorkin.github.io/src/__tests__/blogger_import.test.ts"},{"assertionResults":[{"ancestorTitles":["dev-info","isDevServer"],"fullName":"dev-info isDevServer should return true for localhost","status":"passed","title":"should return true for localhost","duration":1.5010189999999852,"failureMessages":[],"meta":{}},{"ancestorTitles":["dev-info","isDevServer"],"fullName":"dev-info isDevServer should return true for 127.0.0.1","status":"passed","title":"should return true for 127.0.0.1","duration":0.3558060000000296,"failureMessages":[],"meta":{}},{"ancestorTitles":["dev-info","isDevServer"],"fullName":"dev-info isDevServer should return false for production domain","status":"passed","title":"should return false for production domain","duration":0.2898529999999937,"failureMessages":[],"meta":{}},{"ancestorTitles":["dev-info","getCurrentPort"],"fullName":"dev-info getCurrentPort should return port when specified","status":"passed","title":"should return port when specified","duration":0.357229000000018,"failureMessages":[],"meta":{}},{"ancestorTitles":["dev-info","getCurrentPort"],"fullName":"dev-info getCurrentPort should return 80 when no port specified","status":"passed","title":"should return 80 when no port specified","duration":0.2090109999999754,"failureMessages":[],"meta":{}},{"ancestorTitles":["dev-info","getCurrentPort"],"fullName":"dev-info getCurrentPort should return 4000 for Jekyll default","status":"passed","title":"should return 4000 for Jekyll default","duration":0.18192999999996573,"failureMessages":[],"meta":{}}],"startTime":1755227042871,"endTime":1755227042874.209,"status":"passed","message":"","name":"/home/runner/work/idvorkin.github.io/idvorkin.github.io/src/__tests__/dev-info.test.ts"},{"assertionResults":[{"ancestorTitles":["DOM Helper Functions","toggleClass"],"fullName":"DOM Helper Functions toggleClass should toggle a class on an element when using a selector","status":"passed","title":"should toggle a class on an element when using a selector","duration":11.046122999999966,"failureMessages":[],"meta":{}},{"ancestorTitles":["DOM Helper Functions","toggleClass"],"fullName":"DOM Helper Functions toggleClass should toggle a class on an element when using an element reference","status":"passed","title":"should toggle a class on an element when using an element reference","duration":1.6130990000000338,"failureMessages":[],"meta":{}},{"ancestorTitles":["DOM Helper Functions","toggleClass"],"fullName":"DOM Helper Functions toggleClass should add a class when force parameter is true","status":"passed","title":"should add a class when force parameter is true","duration":2.1286039999999957,"failureMessages":[],"meta":{}},{"ancestorTitles":["DOM Helper Functions","toggleClass"],"fullName":"DOM Helper Functions toggleClass should remove a class when force parameter is false","status":"passed","title":"should remove a class when force parameter is false","duration":1.3584529999999404,"failureMessages":[],"meta":{}},{"ancestorTitles":["DOM Helper Functions","toggleClass"],"fullName":"DOM Helper Functions toggleClass should return null when element is not found","status":"passed","title":"should return null when element is not found","duration":0.9284370000000308,"failureMessages":[],"meta":{}},{"ancestorTitles":["DOM Helper Functions","createElement"],"fullName":"DOM Helper Functions createElement should create an element with the specified tag","status":"passed","title":"should create an element with the specified tag","duration":0.8129020000000082,"failureMessages":[],"meta":{}},{"ancestorTitles":["DOM Helper Functions","createElement"],"fullName":"DOM Helper Functions createElement should set attributes on the created element","status":"passed","title":"should set attributes on the created element","duration":1.2861870000000408,"failureMessages":[],"meta":{}},{"ancestorTitles":["DOM Helper Functions","createElement"],"fullName":"DOM Helper Functions createElement should append text children to the element","status":"passed","title":"should append text children to the element","duration":1.0383709999999837,"failureMessages":[],"meta":{}},{"ancestorTitles":["DOM Helper Functions","createElement"],"fullName":"DOM Helper Functions createElement should append node children to the element","status":"passed","title":"should append node children to the element","duration":1.1984529999999722,"failureMessages":[],"meta":{}},{"ancestorTitles":["DOM Helper Functions","createElement"],"fullName":"DOM Helper Functions createElement should handle mixed text and node children","status":"passed","title":"should handle mixed text and node children","duration":1.6134329999999864,"failureMessages":[],"meta":{}},{"ancestorTitles":["DOM Helper Functions","findClosestParent"],"fullName":"DOM Helper Functions findClosestParent should find the immediate parent element matching a selector","status":"passed","title":"should find the immediate parent element matching a selector","duration":2.2504820000000336,"failureMessages":[],"meta":{}},{"ancestorTitles":["DOM Helper Functions","findClosestParent"],"fullName":"DOM Helper Functions findClosestParent should find a distant parent element matching a selector","status":"passed","title":"should find a distant parent element matching a selector","duration":1.7201489999999922,"failureMessages":[],"meta":{}},{"ancestorTitles":["DOM Helper Functions","findClosestParent"],"fullName":"DOM Helper Functions findClosestParent should find a parent element by class selector","status":"passed","title":"should find a parent element by class selector","duration":1.3369629999999688,"failureMessages":[],"meta":{}},{"ancestorTitles":["DOM Helper Functions","findClosestParent"],"fullName":"DOM Helper Functions findClosestParent should return null when no matching parent is found","status":"passed","title":"should return null when no matching parent is found","duration":1.2246830000000273,"failureMessages":[],"meta":{}}],"startTime":1755227041767,"endTime":1755227041797.2246,"status":"passed","message":"","name":"/home/runner/work/idvorkin.github.io/idvorkin.github.io/src/__tests__/dom-helpers.test.ts"},{"assertionResults":[{"ancestorTitles":["get_link_info"],"fullName":"get_link_info should fetch link info from local path when not in production","status":"passed","title":"should fetch link info from local path when not in production","duration":7.056266999999934,"failureMessages":[],"meta":{}},{"ancestorTitles":["get_link_info"],"fullName":"get_link_info should fetch link info from GitHub when in production","status":"passed","title":"should fetch link info from GitHub when in production","duration":1.994733999999994,"failureMessages":[],"meta":{}},{"ancestorTitles":["get_link_info"],"fullName":"get_link_info should handle fetch errors gracefully","status":"passed","title":"should handle fetch errors gracefully","duration":2.130427999999938,"failureMessages":[],"meta":{}},{"ancestorTitles":["get_link_info"],"fullName":"get_link_info should cache responses and not make additional requests","status":"passed","title":"should cache responses and not make additional requests","duration":1.6331870000000208,"failureMessages":[],"meta":{}}],"startTime":1755227041871,"endTime":1755227041884.6333,"status":"passed","message":"","name":"/home/runner/work/idvorkin.github.io/idvorkin.github.io/src/__tests__/get-link-info.test.ts"},{"assertionResults":[{"ancestorTitles":["Graph Module"],"fullName":"Graph Module should log that Force Graph is loaded","status":"passed","title":"should log that Force Graph is loaded","duration":23.789177999999993,"failureMessages":[],"meta":{}},{"ancestorTitles":["Graph Module"],"fullName":"Graph Module should initialize the graph when the DOM element exists","status":"skipped","title":"should initialize the graph when the DOM element exists","failureMessages":[],"meta":{}},{"ancestorTitles":["Graph Module"],"fullName":"Graph Module should not initialize the graph when the DOM element doesn't exist","status":"passed","title":"should not initialize the graph when the DOM element doesn't exist","duration":2.3080459999999903,"failureMessages":[],"meta":{}},{"ancestorTitles":["Graph Module"],"fullName":"Graph Module should handle ForceGraph not being defined","status":"passed","title":"should handle ForceGraph not being defined","duration":2.019365000000107,"failureMessages":[],"meta":{}},{"ancestorTitles":["Graph Module"],"fullName":"Graph Module should handle node canvas object rendering","status":"passed","title":"should handle node canvas object rendering","duration":2.1983410000000276,"failureMessages":[],"meta":{}},{"ancestorTitles":["Graph Module"],"fullName":"Graph Module should handle goto control click","status":"passed","title":"should handle goto control click","duration":1.2132440000000315,"failureMessages":[],"meta":{}},{"ancestorTitles":["Graph Module"],"fullName":"Graph Module should build graph data correctly","status":"passed","title":"should build graph data correctly","duration":2.1400409999999965,"failureMessages":[],"meta":{}},{"ancestorTitles":["Graph Module"],"fullName":"Graph Module should update detail with node information","status":"passed","title":"should update detail with node information","duration":3.4096510000000535,"failureMessages":[],"meta":{}}],"startTime":1755227041103,"endTime":1755227041140.4097,"status":"passed","message":"","name":"/home/runner/work/idvorkin.github.io/idvorkin.github.io/src/__tests__/graph.test.ts"},{"assertionResults":[{"ancestorTitles":["Header Copy Link","URL Transformation"],"fullName":"Header Copy Link URL Transformation should transform localhost URL to production domain","status":"failed","title":"should transform localhost URL to production domain","duration":13.04688699999997,"failureMessages":["AssertionError: expected \"spy\" to be called at least once\n    at Proxy.<anonymous> (file:///home/runner/work/idvorkin.github.io/idvorkin.github.io/node_modules/@vitest/expect/dist/index.js:1511:13)\n    at Proxy.<anonymous> (file:///home/runner/work/idvorkin.github.io/idvorkin.github.io/node_modules/@vitest/expect/dist/index.js:1035:17)\n    at Proxy.methodWrapper (file:///home/runner/work/idvorkin.github.io/idvorkin.github.io/node_modules/chai/chai.js:1618:25)\n    at /home/runner/work/idvorkin.github.io/idvorkin.github.io/src/__tests__/header-copy-link.test.ts:151:38\n    at file:///home/runner/work/idvorkin.github.io/idvorkin.github.io/node_modules/@vitest/runner/dist/index.js:174:14\n    at file:///home/runner/work/idvorkin.github.io/idvorkin.github.io/node_modules/@vitest/runner/dist/index.js:563:28\n    at file:///home/runner/work/idvorkin.github.io/idvorkin.github.io/node_modules/@vitest/runner/dist/index.js:61:24\n    at new Promise (<anonymous>)\n    at runWithTimeout (file:///home/runner/work/idvorkin.github.io/idvorkin.github.io/node_modules/@vitest/runner/dist/index.js:41:12)\n    at runTest (file:///home/runner/work/idvorkin.github.io/idvorkin.github.io/node_modules/@vitest/runner/dist/index.js:1149:17)"],"meta":{}},{"ancestorTitles":["Header Copy Link","URL Transformation"],"fullName":"Header Copy Link URL Transformation should handle production domain mapping correctly","status":"failed","title":"should handle production domain mapping correctly","duration":1.3722020000000157,"failureMessages":["AssertionError: expected \"spy\" to be called at least once\n    at Proxy.<anonymous> (file:///home/runner/work/idvorkin.github.io/idvorkin.github.io/node_modules/@vitest/expect/dist/index.js:1511:13)\n    at Proxy.<anonymous> (file:///home/runner/work/idvorkin.github.io/idvorkin.github.io/node_modules/@vitest/expect/dist/index.js:1035:17)\n    at Proxy.methodWrapper (file:///home/runner/work/idvorkin.github.io/idvorkin.github.io/node_modules/chai/chai.js:1618:25)\n    at /home/runner/work/idvorkin.github.io/idvorkin.github.io/src/__tests__/header-copy-link.test.ts:176:38\n    at file:///home/runner/work/idvorkin.github.io/idvorkin.github.io/node_modules/@vitest/runner/dist/index.js:174:14\n    at file:///home/runner/work/idvorkin.github.io/idvorkin.github.io/node_modules/@vitest/runner/dist/index.js:563:28\n    at file:///home/runner/work/idvorkin.github.io/idvorkin.github.io/node_modules/@vitest/runner/dist/index.js:61:24\n    at new Promise (<anonymous>)\n    at runWithTimeout (file:///home/runner/work/idvorkin.github.io/idvorkin.github.io/node_modules/@vitest/runner/dist/index.js:41:12)\n    at runTest (file:///home/runner/work/idvorkin.github.io/idvorkin.github.io/node_modules/@vitest/runner/dist/index.js:1149:17)"],"meta":{}},{"ancestorTitles":["Header Copy Link","Header ID Generation"],"fullName":"Header Copy Link Header ID Generation should use existing header ID if present","status":"passed","title":"should use existing header ID if present","duration":0.8713840000000346,"failureMessages":[],"meta":{}},{"ancestorTitles":["Header Copy Link","Header ID Generation"],"fullName":"Header Copy Link Header ID Generation should generate ID from header text when no ID exists","status":"failed","title":"should generate ID from header text when no ID exists","duration":4.151902000000064,"failureMessages":["AssertionError: expected '' to be 'how-do-you-identify-and-help-eng-deci…' // Object.is equality\n    at /home/runner/work/idvorkin.github.io/idvorkin.github.io/src/__tests__/header-copy-link.test.ts:218:29\n    at file:///home/runner/work/idvorkin.github.io/idvorkin.github.io/node_modules/@vitest/runner/dist/index.js:174:14\n    at file:///home/runner/work/idvorkin.github.io/idvorkin.github.io/node_modules/@vitest/runner/dist/index.js:563:28\n    at file:///home/runner/work/idvorkin.github.io/idvorkin.github.io/node_modules/@vitest/runner/dist/index.js:61:24\n    at new Promise (<anonymous>)\n    at runWithTimeout (file:///home/runner/work/idvorkin.github.io/idvorkin.github.io/node_modules/@vitest/runner/dist/index.js:41:12)\n    at runTest (file:///home/runner/work/idvorkin.github.io/idvorkin.github.io/node_modules/@vitest/runner/dist/index.js:1149:17)\n    at processTicksAndRejections (node:internal/process/task_queues:95:5)\n    at runSuite (file:///home/runner/work/idvorkin.github.io/idvorkin.github.io/node_modules/@vitest/runner/dist/index.js:1303:15)\n    at runSuite (file:///home/runner/work/idvorkin.github.io/idvorkin.github.io/node_modules/@vitest/runner/dist/index.js:1303:15)"],"meta":{}},{"ancestorTitles":["Header Copy Link","Header ID Generation"],"fullName":"Header Copy Link Header ID Generation should handle special characters in header text","status":"failed","title":"should handle special characters in header text","duration":1.1810540000000174,"failureMessages":["AssertionError: expected '' to be 'how-to-em-be-the-manager-everyone-wan…' // Object.is equality\n    at /home/runner/work/idvorkin.github.io/idvorkin.github.io/src/__tests__/header-copy-link.test.ts:237:29\n    at file:///home/runner/work/idvorkin.github.io/idvorkin.github.io/node_modules/@vitest/runner/dist/index.js:174:14\n    at file:///home/runner/work/idvorkin.github.io/idvorkin.github.io/node_modules/@vitest/runner/dist/index.js:563:28\n    at file:///home/runner/work/idvorkin.github.io/idvorkin.github.io/node_modules/@vitest/runner/dist/index.js:61:24\n    at new Promise (<anonymous>)\n    at runWithTimeout (file:///home/runner/work/idvorkin.github.io/idvorkin.github.io/node_modules/@vitest/runner/dist/index.js:41:12)\n    at runTest (file:///home/runner/work/idvorkin.github.io/idvorkin.github.io/node_modules/@vitest/runner/dist/index.js:1149:17)\n    at processTicksAndRejections (node:internal/process/task_queues:95:5)\n    at runSuite (file:///home/runner/work/idvorkin.github.io/idvorkin.github.io/node_modules/@vitest/runner/dist/index.js:1303:15)\n    at runSuite (file:///home/runner/work/idvorkin.github.io/idvorkin.github.io/node_modules/@vitest/runner/dist/index.js:1303:15)"],"meta":{}},{"ancestorTitles":["Header Copy Link","Header ID Generation"],"fullName":"Header Copy Link Header ID Generation should ensure ID uniqueness","status":"failed","title":"should ensure ID uniqueness","duration":1.156788000000006,"failureMessages":["AssertionError: expected '' to be 'test-header' // Object.is equality\n    at /home/runner/work/idvorkin.github.io/idvorkin.github.io/src/__tests__/header-copy-link.test.ts:258:30\n    at file:///home/runner/work/idvorkin.github.io/idvorkin.github.io/node_modules/@vitest/runner/dist/index.js:174:14\n    at file:///home/runner/work/idvorkin.github.io/idvorkin.github.io/node_modules/@vitest/runner/dist/index.js:563:28\n    at file:///home/runner/work/idvorkin.github.io/idvorkin.github.io/node_modules/@vitest/runner/dist/index.js:61:24\n    at new Promise (<anonymous>)\n    at runWithTimeout (file:///home/runner/work/idvorkin.github.io/idvorkin.github.io/node_modules/@vitest/runner/dist/index.js:41:12)\n    at runTest (file:///home/runner/work/idvorkin.github.io/idvorkin.github.io/node_modules/@vitest/runner/dist/index.js:1149:17)\n    at processTicksAndRejections (node:internal/process/task_queues:95:5)\n    at runSuite (file:///home/runner/work/idvorkin.github.io/idvorkin.github.io/node_modules/@vitest/runner/dist/index.js:1303:15)\n    at runSuite (file:///home/runner/work/idvorkin.github.io/idvorkin.github.io/node_modules/@vitest/runner/dist/index.js:1303:15)"],"meta":{}},{"ancestorTitles":["Header Copy Link","Copy Functionality"],"fullName":"Header Copy Link Copy Functionality should copy correct URL format","status":"failed","title":"should copy correct URL format","duration":1.2188340000000153,"failureMessages":["TypeError: Cannot read properties of undefined (reading 'value')\n    at /home/runner/work/idvorkin.github.io/idvorkin.github.io/src/__tests__/header-copy-link.test.ts:287:67\n    at file:///home/runner/work/idvorkin.github.io/idvorkin.github.io/node_modules/@vitest/runner/dist/index.js:174:14\n    at file:///home/runner/work/idvorkin.github.io/idvorkin.github.io/node_modules/@vitest/runner/dist/index.js:563:28\n    at file:///home/runner/work/idvorkin.github.io/idvorkin.github.io/node_modules/@vitest/runner/dist/index.js:61:24\n    at new Promise (<anonymous>)\n    at runWithTimeout (file:///home/runner/work/idvorkin.github.io/idvorkin.github.io/node_modules/@vitest/runner/dist/index.js:41:12)\n    at runTest (file:///home/runner/work/idvorkin.github.io/idvorkin.github.io/node_modules/@vitest/runner/dist/index.js:1149:17)\n    at processTicksAndRejections (node:internal/process/task_queues:95:5)\n    at runSuite (file:///home/runner/work/idvorkin.github.io/idvorkin.github.io/node_modules/@vitest/runner/dist/index.js:1303:15)\n    at runSuite (file:///home/runner/work/idvorkin.github.io/idvorkin.github.io/node_modules/@vitest/runner/dist/index.js:1303:15)"],"meta":{}},{"ancestorTitles":["Header Copy Link","Copy Functionality"],"fullName":"Header Copy Link Copy Functionality should handle clipboard API failure gracefully","status":"failed","title":"should handle clipboard API failure gracefully","duration":1.2538600000000315,"failureMessages":["TypeError: Cannot read properties of undefined (reading 'value')\n    at /home/runner/work/idvorkin.github.io/idvorkin.github.io/src/__tests__/header-copy-link.test.ts:366:67\n    at file:///home/runner/work/idvorkin.github.io/idvorkin.github.io/node_modules/@vitest/runner/dist/index.js:174:14\n    at file:///home/runner/work/idvorkin.github.io/idvorkin.github.io/node_modules/@vitest/runner/dist/index.js:563:28\n    at file:///home/runner/work/idvorkin.github.io/idvorkin.github.io/node_modules/@vitest/runner/dist/index.js:61:24\n    at new Promise (<anonymous>)\n    at runWithTimeout (file:///home/runner/work/idvorkin.github.io/idvorkin.github.io/node_modules/@vitest/runner/dist/index.js:41:12)\n    at runTest (file:///home/runner/work/idvorkin.github.io/idvorkin.github.io/node_modules/@vitest/runner/dist/index.js:1149:17)\n    at processTicksAndRejections (node:internal/process/task_queues:95:5)\n    at runSuite (file:///home/runner/work/idvorkin.github.io/idvorkin.github.io/node_modules/@vitest/runner/dist/index.js:1303:15)\n    at runSuite (file:///home/runner/work/idvorkin.github.io/idvorkin.github.io/node_modules/@vitest/runner/dist/index.js:1303:15)"],"meta":{}},{"ancestorTitles":["Header Copy Link","CSS Styles"],"fullName":"Header Copy Link CSS Styles should add styles only once","status":"passed","title":"should add styles only once","duration":1.177357000000029,"failureMessages":[],"meta":{}},{"ancestorTitles":["Header Copy Link","CSS Styles"],"fullName":"Header Copy Link CSS Styles should create style element with correct content","status":"passed","title":"should create style element with correct content","duration":1.0872679999999946,"failureMessages":[],"meta":{}},{"ancestorTitles":["Header Copy Link","Integration"],"fullName":"Header Copy Link Integration should add share links to all header types including H1","status":"failed","title":"should add share links to all header types including H1","duration":5.718614000000002,"failureMessages":["AssertionError: expected \"spy\" to be called 2 times, but got 0 times\n    at /home/runner/work/idvorkin.github.io/idvorkin.github.io/src/__tests__/header-copy-link.test.ts:444:34\n    at file:///home/runner/work/idvorkin.github.io/idvorkin.github.io/node_modules/@vitest/runner/dist/index.js:174:14\n    at file:///home/runner/work/idvorkin.github.io/idvorkin.github.io/node_modules/@vitest/runner/dist/index.js:563:28\n    at file:///home/runner/work/idvorkin.github.io/idvorkin.github.io/node_modules/@vitest/runner/dist/index.js:61:24\n    at new Promise (<anonymous>)\n    at runWithTimeout (file:///home/runner/work/idvorkin.github.io/idvorkin.github.io/node_modules/@vitest/runner/dist/index.js:41:12)\n    at runTest (file:///home/runner/work/idvorkin.github.io/idvorkin.github.io/node_modules/@vitest/runner/dist/index.js:1149:17)\n    at processTicksAndRejections (node:internal/process/task_queues:95:5)\n    at runSuite (file:///home/runner/work/idvorkin.github.io/idvorkin.github.io/node_modules/@vitest/runner/dist/index.js:1303:15)\n    at runSuite (file:///home/runner/work/idvorkin.github.io/idvorkin.github.io/node_modules/@vitest/runner/dist/index.js:1303:15)"],"meta":{}},{"ancestorTitles":["Header Copy Link","Integration"],"fullName":"Header Copy Link Integration should initialize correctly when DOM is ready","status":"failed","title":"should initialize correctly when DOM is ready","duration":1.4447979999999916,"failureMessages":["AssertionError: expected \"spy\" to be called at least once\n    at Proxy.<anonymous> (file:///home/runner/work/idvorkin.github.io/idvorkin.github.io/node_modules/@vitest/expect/dist/index.js:1511:13)\n    at Proxy.<anonymous> (file:///home/runner/work/idvorkin.github.io/idvorkin.github.io/node_modules/@vitest/expect/dist/index.js:1035:17)\n    at Proxy.methodWrapper (file:///home/runner/work/idvorkin.github.io/idvorkin.github.io/node_modules/chai/chai.js:1618:25)\n    at /home/runner/work/idvorkin.github.io/idvorkin.github.io/src/__tests__/header-copy-link.test.ts:469:38\n    at file:///home/runner/work/idvorkin.github.io/idvorkin.github.io/node_modules/@vitest/runner/dist/index.js:174:14\n    at file:///home/runner/work/idvorkin.github.io/idvorkin.github.io/node_modules/@vitest/runner/dist/index.js:563:28\n    at file:///home/runner/work/idvorkin.github.io/idvorkin.github.io/node_modules/@vitest/runner/dist/index.js:61:24\n    at new Promise (<anonymous>)\n    at runWithTimeout (file:///home/runner/work/idvorkin.github.io/idvorkin.github.io/node_modules/@vitest/runner/dist/index.js:41:12)\n    at runTest (file:///home/runner/work/idvorkin.github.io/idvorkin.github.io/node_modules/@vitest/runner/dist/index.js:1149:17)"],"meta":{}},{"ancestorTitles":["Header Copy Link","Integration"],"fullName":"Header Copy Link Integration should wait for DOM ready when loading","status":"passed","title":"should wait for DOM ready when loading","duration":1.9558560000000398,"failureMessages":[],"meta":{}},{"ancestorTitles":["Header Copy Link","Integration"],"fullName":"Header Copy Link Integration should not add duplicate copy links when called multiple times","status":"failed","title":"should not add duplicate copy links when called multiple times","duration":0.874930000000063,"failureMessages":["AssertionError: expected \"spy\" to be called 2 times, but got 0 times\n    at /home/runner/work/idvorkin.github.io/idvorkin.github.io/src/__tests__/header-copy-link.test.ts:511:38\n    at file:///home/runner/work/idvorkin.github.io/idvorkin.github.io/node_modules/@vitest/runner/dist/index.js:174:14\n    at file:///home/runner/work/idvorkin.github.io/idvorkin.github.io/node_modules/@vitest/runner/dist/index.js:563:28\n    at file:///home/runner/work/idvorkin.github.io/idvorkin.github.io/node_modules/@vitest/runner/dist/index.js:61:24\n    at new Promise (<anonymous>)\n    at runWithTimeout (file:///home/runner/work/idvorkin.github.io/idvorkin.github.io/node_modules/@vitest/runner/dist/index.js:41:12)\n    at runTest (file:///home/runner/work/idvorkin.github.io/idvorkin.github.io/node_modules/@vitest/runner/dist/index.js:1149:17)\n    at processTicksAndRejections (node:internal/process/task_queues:95:5)\n    at runSuite (file:///home/runner/work/idvorkin.github.io/idvorkin.github.io/node_modules/@vitest/runner/dist/index.js:1303:15)\n    at runSuite (file:///home/runner/work/idvorkin.github.io/idvorkin.github.io/node_modules/@vitest/runner/dist/index.js:1303:15)"],"meta":{}},{"ancestorTitles":["Header Copy Link","Integration"],"fullName":"Header Copy Link Integration should not add duplicate copy links when enableHeaderCopyLinks is called multiple times","status":"failed","title":"should not add duplicate copy links when enableHeaderCopyLinks is called multiple times","duration":0.8534700000000157,"failureMessages":["AssertionError: expected \"spy\" to be called 2 times, but got 0 times\n    at /home/runner/work/idvorkin.github.io/idvorkin.github.io/src/__tests__/header-copy-link.test.ts:546:38\n    at file:///home/runner/work/idvorkin.github.io/idvorkin.github.io/node_modules/@vitest/runner/dist/index.js:174:14\n    at file:///home/runner/work/idvorkin.github.io/idvorkin.github.io/node_modules/@vitest/runner/dist/index.js:563:28\n    at file:///home/runner/work/idvorkin.github.io/idvorkin.github.io/node_modules/@vitest/runner/dist/index.js:61:24\n    at new Promise (<anonymous>)\n    at runWithTimeout (file:///home/runner/work/idvorkin.github.io/idvorkin.github.io/node_modules/@vitest/runner/dist/index.js:41:12)\n    at runTest (file:///home/runner/work/idvorkin.github.io/idvorkin.github.io/node_modules/@vitest/runner/dist/index.js:1149:17)\n    at processTicksAndRejections (node:internal/process/task_queues:95:5)\n    at runSuite (file:///home/runner/work/idvorkin.github.io/idvorkin.github.io/node_modules/@vitest/runner/dist/index.js:1303:15)\n    at runSuite (file:///home/runner/work/idvorkin.github.io/idvorkin.github.io/node_modules/@vitest/runner/dist/index.js:1303:15)"],"meta":{}},{"ancestorTitles":["Header Copy Link","GitHub Issue Creation"],"fullName":"Header Copy Link GitHub Issue Creation should add GitHub issue icon alongside copy link icon","status":"failed","title":"should add GitHub issue icon alongside copy link icon","duration":1.0427649999999176,"failureMessages":["AssertionError: expected \"spy\" to be called 2 times, but got 0 times\n    at /home/runner/work/idvorkin.github.io/idvorkin.github.io/src/__tests__/header-copy-link.test.ts:571:38\n    at file:///home/runner/work/idvorkin.github.io/idvorkin.github.io/node_modules/@vitest/runner/dist/index.js:174:14\n    at file:///home/runner/work/idvorkin.github.io/idvorkin.github.io/node_modules/@vitest/runner/dist/index.js:563:28\n    at file:///home/runner/work/idvorkin.github.io/idvorkin.github.io/node_modules/@vitest/runner/dist/index.js:61:24\n    at new Promise (<anonymous>)\n    at runWithTimeout (file:///home/runner/work/idvorkin.github.io/idvorkin.github.io/node_modules/@vitest/runner/dist/index.js:41:12)\n    at runTest (file:///home/runner/work/idvorkin.github.io/idvorkin.github.io/node_modules/@vitest/runner/dist/index.js:1149:17)\n    at processTicksAndRejections (node:internal/process/task_queues:95:5)\n    at runSuite (file:///home/runner/work/idvorkin.github.io/idvorkin.github.io/node_modules/@vitest/runner/dist/index.js:1303:15)\n    at runSuite (file:///home/runner/work/idvorkin.github.io/idvorkin.github.io/node_modules/@vitest/runner/dist/index.js:1303:15)"],"meta":{}},{"ancestorTitles":["Header Copy Link","GitHub Issue Creation"],"fullName":"Header Copy Link GitHub Issue Creation should show popup when GitHub icon is clicked","status":"passed","title":"should show popup when GitHub icon is clicked","duration":0.5273489999999583,"failureMessages":[],"meta":{}},{"ancestorTitles":["Header Copy Link","GitHub Issue Creation"],"fullName":"Header Copy Link GitHub Issue Creation should open GitHub issue with custom description when popup is submitted","status":"passed","title":"should open GitHub issue with custom description when popup is submitted","duration":1.672841999999946,"failureMessages":[],"meta":{}},{"ancestorTitles":["Header Copy Link","GitHub Issue Creation"],"fullName":"Header Copy Link GitHub Issue Creation should include content excerpt when no custom description provided","status":"passed","title":"should include content excerpt when no custom description provided","duration":0.5074309999999969,"failureMessages":[],"meta":{}},{"ancestorTitles":["Header Copy Link","GitHub Issue Creation"],"fullName":"Header Copy Link GitHub Issue Creation should truncate long content excerpts to 500 characters","status":"passed","title":"should truncate long content excerpts to 500 characters","duration":0.5377480000000787,"failureMessages":[],"meta":{}},{"ancestorTitles":["Header Copy Link","GitHub Issue Creation"],"fullName":"Header Copy Link GitHub Issue Creation should skip empty paragraphs and find first non-empty one","status":"passed","title":"should skip empty paragraphs and find first non-empty one","duration":0.34260199999994256,"failureMessages":[],"meta":{}},{"ancestorTitles":["URL Transformation Logic"],"fullName":"URL Transformation Logic should transform URL correctly: localhost to production with long anchor","status":"failed","title":"should transform URL correctly: localhost to production with long anchor","duration":0.6703059999999823,"failureMessages":["TypeError: Cannot read properties of undefined (reading 'value')\n    at /home/runner/work/idvorkin.github.io/idvorkin.github.io/src/__tests__/header-copy-link.test.ts:1174:67\n    at file:///home/runner/work/idvorkin.github.io/idvorkin.github.io/node_modules/@vitest/runner/dist/index.js:174:14\n    at file:///home/runner/work/idvorkin.github.io/idvorkin.github.io/node_modules/@vitest/runner/dist/index.js:563:28\n    at file:///home/runner/work/idvorkin.github.io/idvorkin.github.io/node_modules/@vitest/runner/dist/index.js:61:24\n    at new Promise (<anonymous>)\n    at runWithTimeout (file:///home/runner/work/idvorkin.github.io/idvorkin.github.io/node_modules/@vitest/runner/dist/index.js:41:12)\n    at runTest (file:///home/runner/work/idvorkin.github.io/idvorkin.github.io/node_modules/@vitest/runner/dist/index.js:1149:17)\n    at processTicksAndRejections (node:internal/process/task_queues:95:5)\n    at runSuite (file:///home/runner/work/idvorkin.github.io/idvorkin.github.io/node_modules/@vitest/runner/dist/index.js:1303:15)\n    at runSuite (file:///home/runner/work/idvorkin.github.io/idvorkin.github.io/node_modules/@vitest/runner/dist/index.js:1303:15)"],"meta":{}},{"ancestorTitles":["URL Transformation Logic"],"fullName":"URL Transformation Logic should transform URL correctly: production domain mapping","status":"failed","title":"should transform URL correctly: production domain mapping","duration":0.4686890000000403,"failureMessages":["TypeError: Cannot read properties of undefined (reading 'value')\n    at /home/runner/work/idvorkin.github.io/idvorkin.github.io/src/__tests__/header-copy-link.test.ts:1174:67\n    at file:///home/runner/work/idvorkin.github.io/idvorkin.github.io/node_modules/@vitest/runner/dist/index.js:174:14\n    at file:///home/runner/work/idvorkin.github.io/idvorkin.github.io/node_modules/@vitest/runner/dist/index.js:563:28\n    at file:///home/runner/work/idvorkin.github.io/idvorkin.github.io/node_modules/@vitest/runner/dist/index.js:61:24\n    at new Promise (<anonymous>)\n    at runWithTimeout (file:///home/runner/work/idvorkin.github.io/idvorkin.github.io/node_modules/@vitest/runner/dist/index.js:41:12)\n    at runTest (file:///home/runner/work/idvorkin.github.io/idvorkin.github.io/node_modules/@vitest/runner/dist/index.js:1149:17)\n    at processTicksAndRejections (node:internal/process/task_queues:95:5)\n    at runSuite (file:///home/runner/work/idvorkin.github.io/idvorkin.github.io/node_modules/@vitest/runner/dist/index.js:1303:15)\n    at runSuite (file:///home/runner/work/idvorkin.github.io/idvorkin.github.io/node_modules/@vitest/runner/dist/index.js:1303:15)"],"meta":{}},{"ancestorTitles":["URL Transformation Logic"],"fullName":"URL Transformation Logic should transform URL correctly: simple case","status":"failed","title":"should transform URL correctly: simple case","duration":0.6608190000000604,"failureMessages":["TypeError: Cannot read properties of undefined (reading 'value')\n    at /home/runner/work/idvorkin.github.io/idvorkin.github.io/src/__tests__/header-copy-link.test.ts:1174:67\n    at file:///home/runner/work/idvorkin.github.io/idvorkin.github.io/node_modules/@vitest/runner/dist/index.js:174:14\n    at file:///home/runner/work/idvorkin.github.io/idvorkin.github.io/node_modules/@vitest/runner/dist/index.js:563:28\n    at file:///home/runner/work/idvorkin.github.io/idvorkin.github.io/node_modules/@vitest/runner/dist/index.js:61:24\n    at new Promise (<anonymous>)\n    at runWithTimeout (file:///home/runner/work/idvorkin.github.io/idvorkin.github.io/node_modules/@vitest/runner/dist/index.js:41:12)\n    at runTest (file:///home/runner/work/idvorkin.github.io/idvorkin.github.io/node_modules/@vitest/runner/dist/index.js:1149:17)\n    at processTicksAndRejections (node:internal/process/task_queues:95:5)\n    at runSuite (file:///home/runner/work/idvorkin.github.io/idvorkin.github.io/node_modules/@vitest/runner/dist/index.js:1303:15)\n    at runSuite (file:///home/runner/work/idvorkin.github.io/idvorkin.github.io/node_modules/@vitest/runner/dist/index.js:1303:15)"],"meta":{}}],"startTime":1755227039710,"endTime":1755227039755.661,"status":"failed","message":"","name":"/home/runner/work/idvorkin.github.io/idvorkin.github.io/src/__tests__/header-copy-link.test.ts"},{"assertionResults":[{"ancestorTitles":["Index Module"],"fullName":"Index Module should initialize when ready","status":"passed","title":"should initialize when ready","duration":16.743699000000106,"failureMessages":[],"meta":{}}],"startTime":1755227042526,"endTime":1755227042542.7437,"status":"passed","message":"","name":"/home/runner/work/idvorkin.github.io/idvorkin.github.io/src/__tests__/index.test.ts"},{"assertionResults":[{"ancestorTitles":["Main module functions","shuffle"],"fullName":"Main module functions shuffle should return an array of the same length","status":"passed","title":"should return an array of the same length","duration":1.2658219999999574,"failureMessages":[],"meta":{}},{"ancestorTitles":["Main module functions","shuffle"],"fullName":"Main module functions shuffle should contain all the same elements","status":"passed","title":"should contain all the same elements","duration":0.6699159999999438,"failureMessages":[],"meta":{}},{"ancestorTitles":["Main module functions","random_from_list"],"fullName":"Main module functions random_from_list should return an element from the list","status":"passed","title":"should return an element from the list","duration":0.8312180000000353,"failureMessages":[],"meta":{}},{"ancestorTitles":["Main module functions","random_from_list"],"fullName":"Main module functions random_from_list should return undefined for empty list","status":"passed","title":"should return undefined for empty list","duration":0.200745999999981,"failureMessages":[],"meta":{}},{"ancestorTitles":["Main module functions","load_globals function"],"fullName":"Main module functions load_globals function should initialize recent posts module","status":"passed","title":"should initialize recent posts module","duration":13.19647400000008,"failureMessages":[],"meta":{}},{"ancestorTitles":["Main module functions","load_globals function"],"fullName":"Main module functions load_globals function should initialize recent all posts if container exists","status":"passed","title":"should initialize recent all posts if container exists","duration":21.65969199999995,"failureMessages":[],"meta":{}},{"ancestorTitles":["Main module functions","load_globals function"],"fullName":"Main module functions load_globals function should not initialize recent all posts if container doesn't exist","status":"passed","title":"should not initialize recent all posts if container doesn't exist","duration":19.02445799999998,"failureMessages":[],"meta":{}},{"ancestorTitles":["Main module functions","load_globals function"],"fullName":"Main module functions load_globals function should call generateToc for both toc containers","status":"passed","title":"should call generateToc for both toc containers","duration":8.418458999999984,"failureMessages":[],"meta":{}},{"ancestorTitles":["Main module functions","TOC functions"],"fullName":"Main module functions TOC functions should warn when TOC elements are not found","status":"passed","title":"should warn when TOC elements are not found","duration":0.5685660000000325,"failureMessages":[],"meta":{}},{"ancestorTitles":["Main module functions","URL swapping function"],"fullName":"Main module functions URL swapping function should handle production URL swapping","status":"passed","title":"should handle production URL swapping","duration":0.5060489999999618,"failureMessages":[],"meta":{}}],"startTime":1755227041182,"endTime":1755227041248.5686,"status":"passed","message":"","name":"/home/runner/work/idvorkin.github.io/idvorkin.github.io/src/__tests__/main.test.ts"},{"assertionResults":[{"ancestorTitles":["Page Loader","makePostPreviewHTML"],"fullName":"Page Loader makePostPreviewHTML should generate correct HTML for a post preview","status":"passed","title":"should generate correct HTML for a post preview","duration":1.7748660000000882,"failureMessages":[],"meta":{}},{"ancestorTitles":["Page Loader","makePostPreviewHTML"],"fullName":"Page Loader makePostPreviewHTML should encode URLs correctly","status":"passed","title":"should encode URLs correctly","duration":0.3600250000000642,"failureMessages":[],"meta":{}},{"ancestorTitles":["Page Loader","make_random_post_html"],"fullName":"Page Loader make_random_post_html should generate HTML for a random post","status":"passed","title":"should generate HTML for a random post","duration":0.8691799999999148,"failureMessages":[],"meta":{}},{"ancestorTitles":["Page Loader","make_random_post_html"],"fullName":"Page Loader make_random_post_html should handle errors gracefully","status":"passed","title":"should handle errors gracefully","duration":0.6300410000000056,"failureMessages":[],"meta":{}},{"ancestorTitles":["Page Loader","load_random_eulogy"],"fullName":"Page Loader load_random_eulogy should load random eulogy roles","status":"passed","title":"should load random eulogy roles","duration":1.8717080000000124,"failureMessages":[],"meta":{}},{"ancestorTitles":["Page Loader","load_random_eulogy"],"fullName":"Page Loader load_random_eulogy should use default element IDs if not provided","status":"passed","title":"should use default element IDs if not provided","duration":0.9505120000000034,"failureMessages":[],"meta":{}},{"ancestorTitles":["Page Loader","load_random_eulogy"],"fullName":"Page Loader load_random_eulogy should handle errors gracefully","status":"passed","title":"should handle errors gracefully","duration":0.5142439999999624,"failureMessages":[],"meta":{}},{"ancestorTitles":["Page Loader","load_enjoy2"],"fullName":"Page Loader load_enjoy2 should load content for the Enjoy page","status":"passed","title":"should load content for the Enjoy page","duration":2.6473419999999805,"failureMessages":[],"meta":{}},{"ancestorTitles":["Page Loader","load_enjoy2"],"fullName":"Page Loader load_enjoy2 should handle errors gracefully","status":"passed","title":"should handle errors gracefully","duration":0.6652669999999716,"failureMessages":[],"meta":{}},{"ancestorTitles":["Page Loader","load_7_habits"],"fullName":"Page Loader load_7_habits should load content for the 7 Habits page","status":"passed","title":"should load content for the 7 Habits page","duration":0.9464230000000953,"failureMessages":[],"meta":{}},{"ancestorTitles":["Page Loader","load_7_habits"],"fullName":"Page Loader load_7_habits should handle errors gracefully","status":"passed","title":"should handle errors gracefully","duration":0.4645309999999654,"failureMessages":[],"meta":{}},{"ancestorTitles":["Page Loader","load_ig66"],"fullName":"Page Loader load_ig66 should load content for the IG66 page","status":"passed","title":"should load content for the IG66 page","duration":0.37857999999994263,"failureMessages":[],"meta":{}},{"ancestorTitles":["Page Loader","load_ig66"],"fullName":"Page Loader load_ig66 should handle errors gracefully","status":"passed","title":"should handle errors gracefully","duration":0.4367089999999507,"failureMessages":[],"meta":{}},{"ancestorTitles":["Page Loader","load_balance"],"fullName":"Page Loader load_balance should load content for the Balance page","status":"passed","title":"should load content for the Balance page","duration":0.8871030000000246,"failureMessages":[],"meta":{}},{"ancestorTitles":["Page Loader","load_balance"],"fullName":"Page Loader load_balance should handle errors gracefully","status":"passed","title":"should handle errors gracefully","duration":0.4536009999999351,"failureMessages":[],"meta":{}},{"ancestorTitles":["Page Loader","make_radar_map"],"fullName":"Page Loader make_radar_map should create a radar map visualization","status":"passed","title":"should create a radar map visualization","duration":0.7453879999999344,"failureMessages":[],"meta":{}},{"ancestorTitles":["Page Loader","make_radar_map"],"fullName":"Page Loader make_radar_map should handle missing Plotly","status":"passed","title":"should handle missing Plotly","duration":0.4161900000000287,"failureMessages":[],"meta":{}},{"ancestorTitles":["Page Loader","make_radar_map"],"fullName":"Page Loader make_radar_map should handle errors gracefully","status":"passed","title":"should handle errors gracefully","duration":0.4433409999999185,"failureMessages":[],"meta":{}},{"ancestorTitles":["Page Loader","make_balance_chart_by_work"],"fullName":"Page Loader make_balance_chart_by_work should create a work balance chart","status":"passed","title":"should create a work balance chart","duration":0.7947599999999966,"failureMessages":[],"meta":{}},{"ancestorTitles":["Page Loader","make_balance_chart_by_work"],"fullName":"Page Loader make_balance_chart_by_work should handle missing Plotly","status":"passed","title":"should handle missing Plotly","duration":0.3805240000000367,"failureMessages":[],"meta":{}},{"ancestorTitles":["Page Loader","make_balance_chart_by_work"],"fullName":"Page Loader make_balance_chart_by_work should handle errors gracefully","status":"passed","title":"should handle errors gracefully","duration":0.6144409999999425,"failureMessages":[],"meta":{}},{"ancestorTitles":["Page Loader","make_balance_chart_by_desired_time_rest"],"fullName":"Page Loader make_balance_chart_by_desired_time_rest should create a rest time chart","status":"passed","title":"should create a rest time chart","duration":0.6624519999999166,"failureMessages":[],"meta":{}},{"ancestorTitles":["Page Loader","make_balance_chart_by_desired_time_rest"],"fullName":"Page Loader make_balance_chart_by_desired_time_rest should handle missing Plotly","status":"passed","title":"should handle missing Plotly","duration":0.3711560000000418,"failureMessages":[],"meta":{}},{"ancestorTitles":["Page Loader","make_balance_chart_by_desired_time_rest"],"fullName":"Page Loader make_balance_chart_by_desired_time_rest should handle errors gracefully","status":"passed","title":"should handle errors gracefully","duration":0.4837559999999712,"failureMessages":[],"meta":{}},{"ancestorTitles":["Page Loader","SevenHabits"],"fullName":"Page Loader SevenHabits should create a tree with the correct structure","status":"passed","title":"should create a tree with the correct structure","duration":0.5683850000000348,"failureMessages":[],"meta":{}},{"ancestorTitles":["Page Loader","ThingsIEnjoy"],"fullName":"Page Loader ThingsIEnjoy should create a tree with the correct structure","status":"passed","title":"should create a tree with the correct structure","duration":1.1804429999999684,"failureMessages":[],"meta":{}},{"ancestorTitles":["Page Loader","Constants"],"fullName":"Page Loader Constants should export the correct constants","status":"passed","title":"should export the correct constants","duration":0.4790980000000218,"failureMessages":[],"meta":{}}],"startTime":1755227040466,"endTime":1755227040489.479,"status":"passed","message":"","name":"/home/runner/work/idvorkin.github.io/idvorkin.github.io/src/__tests__/page-loader.test.ts"},{"assertionResults":[{"ancestorTitles":["Random Prompter","TreeNode"],"fullName":"Random Prompter TreeNode should create a tree node with given properties","status":"passed","title":"should create a tree node with given properties","duration":2.596877999999947,"failureMessages":[],"meta":{}},{"ancestorTitles":["Random Prompter","TreeNode"],"fullName":"Random Prompter TreeNode should use default values when not provided","status":"passed","title":"should use default values when not provided","duration":1.1844509999999673,"failureMessages":[],"meta":{}},{"ancestorTitles":["Random Prompter","breadth_first_walk"],"fullName":"Random Prompter breadth_first_walk should return empty if node is null","status":"passed","title":"should return empty if node is null","duration":0.36186899999995603,"failureMessages":[],"meta":{}},{"ancestorTitles":["Random Prompter","breadth_first_walk"],"fullName":"Random Prompter breadth_first_walk should walk the tree in breadth-first order","status":"passed","title":"should walk the tree in breadth-first order","duration":0.558257000000026,"failureMessages":[],"meta":{}},{"ancestorTitles":["Random Prompter","tree_to_plotly_data_format"],"fullName":"Random Prompter tree_to_plotly_data_format should convert tree to plotly format","status":"passed","title":"should convert tree to plotly format","duration":0.7110930000000053,"failureMessages":[],"meta":{}},{"ancestorTitles":["Random Prompter","category_to_prompts"],"fullName":"Random Prompter category_to_prompts should extract prompts from categories","status":"skipped","title":"should extract prompts from categories","failureMessages":[],"meta":{}},{"ancestorTitles":["Random Prompter","render_prompt_for_category"],"fullName":"Random Prompter render_prompt_for_category should render a prompt for a category","status":"passed","title":"should render a prompt for a category","duration":2.229208999999969,"failureMessages":[],"meta":{}},{"ancestorTitles":["Random Prompter","add_random_prompts"],"fullName":"Random Prompter add_random_prompts should add random prompts for all categories","status":"passed","title":"should add random prompts for all categories","duration":0.8838269999999966,"failureMessages":[],"meta":{}},{"ancestorTitles":["Random Prompter","add_sunburst"],"fullName":"Random Prompter add_sunburst should create a sunburst visualization","status":"passed","title":"should create a sunburst visualization","duration":1.342807000000107,"failureMessages":[],"meta":{}},{"ancestorTitles":["Random Prompter","add_sunburst"],"fullName":"Random Prompter add_sunburst should handle missing Plotly","status":"passed","title":"should handle missing Plotly","duration":0.43402400000002217,"failureMessages":[],"meta":{}},{"ancestorTitles":["Random Prompter","add_sunburst"],"fullName":"Random Prompter add_sunburst should handle errors during plot creation","status":"passed","title":"should handle errors during plot creation","duration":0.9384689999999409,"failureMessages":[],"meta":{}},{"ancestorTitles":["Random Prompter","random_prompt_for_label"],"fullName":"Random Prompter random_prompt_for_label should find a random prompt for a label","status":"passed","title":"should find a random prompt for a label","duration":0.6787329999999656,"failureMessages":[],"meta":{}},{"ancestorTitles":["Random Prompter","category_to_prompts_text"],"fullName":"Random Prompter category_to_prompts_text should convert category elements to text with prompts","status":"passed","title":"should convert category elements to text with prompts","duration":0.436849000000052,"failureMessages":[],"meta":{}},{"ancestorTitles":["Random Prompter","extract_tree_from_dom"],"fullName":"Random Prompter extract_tree_from_dom should extract tree structure from H2 and H3 elements","status":"passed","title":"should extract tree structure from H2 and H3 elements","duration":1.3123090000000275,"failureMessages":[],"meta":{}},{"ancestorTitles":["Random Prompter","extract_tree_from_dom"],"fullName":"Random Prompter extract_tree_from_dom should handle H2 elements with multiple H3 children","status":"passed","title":"should handle H2 elements with multiple H3 children","duration":1.0268550000000687,"failureMessages":[],"meta":{}},{"ancestorTitles":["Random Prompter","extract_tree_from_dom"],"fullName":"Random Prompter extract_tree_from_dom should handle malformed DOM with no elements","status":"passed","title":"should handle malformed DOM with no elements","duration":0.4657729999998992,"failureMessages":[],"meta":{}},{"ancestorTitles":["Random Prompter","extract_tree_from_dom"],"fullName":"Random Prompter extract_tree_from_dom should use default parameters when not provided","status":"passed","title":"should use default parameters when not provided","duration":0.5065889999999627,"failureMessages":[],"meta":{}},{"ancestorTitles":["Random Prompter","extract_tree_from_dom"],"fullName":"Random Prompter extract_tree_from_dom should handle mixed content between H2 elements","status":"passed","title":"should handle mixed content between H2 elements","duration":0.717384999999922,"failureMessages":[],"meta":{}},{"ancestorTitles":["Random Prompter","extract_tree_from_dom"],"fullName":"Random Prompter extract_tree_from_dom should use container selector when provided","status":"passed","title":"should use container selector when provided","duration":0.1854080000000522,"failureMessages":[],"meta":{}}],"startTime":1755227040435,"endTime":1755227040453.1853,"status":"passed","message":"","name":"/home/runner/work/idvorkin.github.io/idvorkin.github.io/src/__tests__/random-prompter.test.ts"},{"assertionResults":[{"ancestorTitles":["Recent Posts Module","fetchBacklinksData"],"fullName":"Recent Posts Module fetchBacklinksData should fetch and return URL info map","status":"passed","title":"should fetch and return URL info map","duration":5.271309999999971,"failureMessages":[],"meta":{}},{"ancestorTitles":["Recent Posts Module","fetchBacklinksData"],"fullName":"Recent Posts Module fetchBacklinksData should throw error if url_info is missing","status":"passed","title":"should throw error if url_info is missing","duration":2.4477869999999484,"failureMessages":[],"meta":{}},{"ancestorTitles":["Recent Posts Module","convertToPages"],"fullName":"Recent Posts Module convertToPages should convert URL info map to array of page objects","status":"passed","title":"should convert URL info map to array of page objects","duration":2.409676999999988,"failureMessages":[],"meta":{}},{"ancestorTitles":["Recent Posts Module","convertToPages"],"fullName":"Recent Posts Module convertToPages should handle missing properties with defaults","status":"passed","title":"should handle missing properties with defaults","duration":1.0495369999999866,"failureMessages":[],"meta":{}},{"ancestorTitles":["Recent Posts Module","filterRealPages"],"fullName":"Recent Posts Module filterRealPages should filter out pages with empty titles or descriptions","status":"passed","title":"should filter out pages with empty titles or descriptions","duration":1.4919760000000224,"failureMessages":[],"meta":{}},{"ancestorTitles":["Recent Posts Module","sortPagesByDate"],"fullName":"Recent Posts Module sortPagesByDate should sort pages by last_modified date, newest first","status":"passed","title":"should sort pages by last_modified date, newest first","duration":1.065266000000065,"failureMessages":[],"meta":{}},{"ancestorTitles":["Recent Posts Module","sortPagesByDate"],"fullName":"Recent Posts Module sortPagesByDate should fallback to doc_size if last_modified dates are missing","status":"passed","title":"should fallback to doc_size if last_modified dates are missing","duration":0.8727460000000065,"failureMessages":[],"meta":{}},{"ancestorTitles":["Recent Posts Module","sortPagesByDate"],"fullName":"Recent Posts Module sortPagesByDate should not modify the original array","status":"passed","title":"should not modify the original array","duration":0.9203249999999343,"failureMessages":[],"meta":{}},{"ancestorTitles":["Recent Posts Module","getRecentPages"],"fullName":"Recent Posts Module getRecentPages should return the specified number of pages","status":"passed","title":"should return the specified number of pages","duration":1.4712279999999964,"failureMessages":[],"meta":{}},{"ancestorTitles":["Recent Posts Module","getRecentPages"],"fullName":"Recent Posts Module getRecentPages should handle array with fewer pages than requested count","status":"passed","title":"should handle array with fewer pages than requested count","duration":0.9137930000000551,"failureMessages":[],"meta":{}},{"ancestorTitles":["Recent Posts Module","generateRecentPagesHTML"],"fullName":"Recent Posts Module generateRecentPagesHTML should generate correct HTML for recent pages","status":"passed","title":"should generate correct HTML for recent pages","duration":1.1853019999999788,"failureMessages":[],"meta":{}},{"ancestorTitles":["Recent Posts Module","generateRecentPagesHTML"],"fullName":"Recent Posts Module generateRecentPagesHTML should truncate descriptions longer than 100 characters","status":"passed","title":"should truncate descriptions longer than 100 characters","duration":0.761447999999973,"failureMessages":[],"meta":{}},{"ancestorTitles":["Recent Posts Module","generateRecentPagesHTML"],"fullName":"Recent Posts Module generateRecentPagesHTML should show message for empty pages array","status":"passed","title":"should show message for empty pages array","duration":0.5742960000000039,"failureMessages":[],"meta":{}},{"ancestorTitles":["Recent Posts Module","updateRecentPosts"],"fullName":"Recent Posts Module updateRecentPosts should update the container with recent posts HTML","status":"passed","title":"should update the container with recent posts HTML","duration":3.6209069999999883,"failureMessages":[],"meta":{}},{"ancestorTitles":["Recent Posts Module","updateRecentPosts"],"fullName":"Recent Posts Module updateRecentPosts should show error message when getProcessedPages fails","status":"passed","title":"should show error message when getProcessedPages fails","duration":10.568548999999962,"failureMessages":[],"meta":{}},{"ancestorTitles":["Recent Posts Module","updateRecentPosts"],"fullName":"Recent Posts Module updateRecentPosts should do nothing if container is not found","status":"passed","title":"should do nothing if container is not found","duration":1.0627210000000105,"failureMessages":[],"meta":{}},{"ancestorTitles":["Recent Posts Module","initRecentPosts"],"fullName":"Recent Posts Module initRecentPosts should call updateRecentPosts immediately if document is loaded","status":"passed","title":"should call updateRecentPosts immediately if document is loaded","duration":2.4779040000000805,"failureMessages":[],"meta":{}},{"ancestorTitles":["Recent Posts Module","initRecentPosts"],"fullName":"Recent Posts Module initRecentPosts should add event listener if document is still loading","status":"passed","title":"should add event listener if document is still loading","duration":2.08596,"failureMessages":[],"meta":{}}],"startTime":1755227039709,"endTime":1755227039751.086,"status":"passed","message":"","name":"/home/runner/work/idvorkin.github.io/idvorkin.github.io/src/__tests__/recent-posts.test.ts"},{"assertionResults":[{"ancestorTitles":["Recent Module","groupPagesByMonthYear"],"fullName":"Recent Module groupPagesByMonthYear should group pages by month and year","status":"passed","title":"should group pages by month and year","duration":6.482419999999934,"failureMessages":[],"meta":{}},{"ancestorTitles":["Recent Module","groupPagesByMonthYear"],"fullName":"Recent Module groupPagesByMonthYear should handle empty arrays","status":"passed","title":"should handle empty arrays","duration":4.168098999999984,"failureMessages":[],"meta":{}},{"ancestorTitles":["Recent Module","groupPagesByMonthYear"],"fullName":"Recent Module groupPagesByMonthYear should skip pages without last_modified dates","status":"passed","title":"should skip pages without last_modified dates","duration":1.5760440000000244,"failureMessages":[],"meta":{}},{"ancestorTitles":["Recent Module","generateGroupedPagesHTML"],"fullName":"Recent Module generateGroupedPagesHTML should generate correct HTML for grouped pages","status":"passed","title":"should generate correct HTML for grouped pages","duration":1.259802000000036,"failureMessages":[],"meta":{}},{"ancestorTitles":["Recent Module","generateGroupedPagesHTML"],"fullName":"Recent Module generateGroupedPagesHTML should format dates in the expected format","status":"passed","title":"should format dates in the expected format","duration":1.1504560000000765,"failureMessages":[],"meta":{}},{"ancestorTitles":["Recent Module","generateGroupedPagesHTML"],"fullName":"Recent Module generateGroupedPagesHTML should truncate descriptions longer than 150 characters","status":"passed","title":"should truncate descriptions longer than 150 characters","duration":1.1751430000000482,"failureMessages":[],"meta":{}},{"ancestorTitles":["Recent Module","createToggleSection"],"fullName":"Recent Module createToggleSection should create toggle section with correct content","status":"passed","title":"should create toggle section with correct content","duration":1.2312779999999748,"failureMessages":[],"meta":{}},{"ancestorTitles":["Recent Module","generateStyles"],"fullName":"Recent Module generateStyles should generate CSS styles as a string","status":"passed","title":"should generate CSS styles as a string","duration":1.2468269999999393,"failureMessages":[],"meta":{}},{"ancestorTitles":["Recent Module","setupToggleEventListener"],"fullName":"Recent Module setupToggleEventListener should add click event listener to toggle element","status":"passed","title":"should add click event listener to toggle element","duration":5.927739999999972,"failureMessages":[],"meta":{}},{"ancestorTitles":["Recent Module","setupToggleEventListener"],"fullName":"Recent Module setupToggleEventListener should handle missing toggle element","status":"passed","title":"should handle missing toggle element","duration":3.564310999999975,"failureMessages":[],"meta":{}},{"ancestorTitles":["Recent Module","setupToggleEventListener"],"fullName":"Recent Module setupToggleEventListener should toggle content visibility when clicked","status":"passed","title":"should toggle content visibility when clicked","duration":6.183910999999966,"failureMessages":[],"meta":{}},{"ancestorTitles":["Recent Module","generateRecentPostsHTML"],"fullName":"Recent Module generateRecentPostsHTML should generate complete HTML for posts display","status":"passed","title":"should generate complete HTML for posts display","duration":0.8108999999999469,"failureMessages":[],"meta":{}},{"ancestorTitles":["Recent Module","generateRecentPostsHTML"],"fullName":"Recent Module generateRecentPostsHTML should return message when no pages are provided","status":"passed","title":"should return message when no pages are provided","duration":0.3576299999999719,"failureMessages":[],"meta":{}},{"ancestorTitles":["Recent Module","generateRecentPostsHTML"],"fullName":"Recent Module generateRecentPostsHTML should use default initialPostsCount of 15","status":"passed","title":"should use default initialPostsCount of 15","duration":0.8082150000000183,"failureMessages":[],"meta":{}},{"ancestorTitles":["Recent Module","updateRecentPosts"],"fullName":"Recent Module updateRecentPosts should update container with posts HTML","status":"passed","title":"should update container with posts HTML","duration":4.306160999999975,"failureMessages":[],"meta":{}},{"ancestorTitles":["Recent Module","updateRecentPosts"],"fullName":"Recent Module updateRecentPosts should handle empty results","status":"passed","title":"should handle empty results","duration":1.079654000000005,"failureMessages":[],"meta":{}},{"ancestorTitles":["Recent Module","updateRecentPosts"],"fullName":"Recent Module updateRecentPosts should handle errors","status":"passed","title":"should handle errors","duration":7.811050000000023,"failureMessages":[],"meta":{}},{"ancestorTitles":["Recent Module","updateRecentPosts"],"fullName":"Recent Module updateRecentPosts should do nothing if container is not found","status":"passed","title":"should do nothing if container is not found","duration":0.9499399999999696,"failureMessages":[],"meta":{}},{"ancestorTitles":["Recent Module","initRecentAllPosts"],"fullName":"Recent Module initRecentAllPosts should call updateRecentPosts immediately if document is already loaded","status":"passed","title":"should call updateRecentPosts immediately if document is already loaded","duration":0.94524100000001,"failureMessages":[],"meta":{}},{"ancestorTitles":["Recent Module","initRecentAllPosts"],"fullName":"Recent Module initRecentAllPosts should add event listener if document is still loading","status":"passed","title":"should add event listener if document is still loading","duration":0.5822809999999663,"failureMessages":[],"meta":{}}],"startTime":1755227039711,"endTime":1755227039763.5823,"status":"passed","message":"","name":"/home/runner/work/idvorkin.github.io/idvorkin.github.io/src/__tests__/recent.test.ts"},{"assertionResults":[{"ancestorTitles":["Search Module","getParameterByName"],"fullName":"Search Module getParameterByName should extract a parameter from a URL","status":"passed","title":"should extract a parameter from a URL","duration":2.876180999999974,"failureMessages":[],"meta":{}},{"ancestorTitles":["Search Module","getParameterByName"],"fullName":"Search Module getParameterByName should return null when parameter doesn't exist","status":"passed","title":"should return null when parameter doesn't exist","duration":0.7847709999999779,"failureMessages":[],"meta":{}},{"ancestorTitles":["Search Module","getParameterByName"],"fullName":"Search Module getParameterByName should return empty string when parameter has no value","status":"passed","title":"should return empty string when parameter has no value","duration":0.7562980000000152,"failureMessages":[],"meta":{}},{"ancestorTitles":["Search Module","getParameterByName"],"fullName":"Search Module getParameterByName should handle URL encoded values","status":"passed","title":"should handle URL encoded values","duration":0.6849240000000236,"failureMessages":[],"meta":{}},{"ancestorTitles":["Search Module","getParameterByName"],"fullName":"Search Module getParameterByName should use window.location.href when no URL is provided","status":"passed","title":"should use window.location.href when no URL is provided","duration":0.5979409999999916,"failureMessages":[],"meta":{}},{"ancestorTitles":["Search Module","InstantSearchHitTemplate"],"fullName":"Search Module InstantSearchHitTemplate should generate HTML for a hit with title and content","status":"passed","title":"should generate HTML for a hit with title and content","duration":1.175412999999935,"failureMessages":[],"meta":{}},{"ancestorTitles":["Search Module","InstantSearchHitTemplate"],"fullName":"Search Module InstantSearchHitTemplate should generate HTML for a hit with anchor","status":"passed","title":"should generate HTML for a hit with anchor","duration":0.5851169999999684,"failureMessages":[],"meta":{}},{"ancestorTitles":["Search Module","InstantSearchHitTemplate"],"fullName":"Search Module InstantSearchHitTemplate should handle hits without highlighted content","status":"passed","title":"should handle hits without highlighted content","duration":0.7031880000000683,"failureMessages":[],"meta":{}},{"ancestorTitles":["Search Module","InstantSearchHitTemplate"],"fullName":"Search Module InstantSearchHitTemplate should handle errors and return 'invalid HTML'","status":"passed","title":"should handle errors and return 'invalid HTML'","duration":4.00574800000004,"failureMessages":[],"meta":{}},{"ancestorTitles":["Search Module","CreateSearch"],"fullName":"Search Module CreateSearch should create a search instance with the correct configuration","status":"passed","title":"should create a search instance with the correct configuration","duration":3.317183,"failureMessages":[],"meta":{}},{"ancestorTitles":["Search Module","CreateAutoComplete"],"fullName":"Search Module CreateAutoComplete should create an autocomplete instance with correct configuration","status":"skipped","title":"should create an autocomplete instance with correct configuration","failureMessages":[],"meta":{}},{"ancestorTitles":["Search Module","CreateAutoComplete"],"fullName":"Search Module CreateAutoComplete should handle element not found error","status":"skipped","title":"should handle element not found error","failureMessages":[],"meta":{}},{"ancestorTitles":["Search Module","CreateAutoComplete"],"fullName":"Search Module CreateAutoComplete should handle autocompleteId with or without # prefix","status":"skipped","title":"should handle autocompleteId with or without # prefix","failureMessages":[],"meta":{}}],"startTime":1755227040474,"endTime":1755227040490.3171,"status":"passed","message":"","name":"/home/runner/work/idvorkin.github.io/idvorkin.github.io/src/__tests__/search.test.ts"},{"assertionResults":[{"ancestorTitles":["Shared Utility Functions","MakeBackLinkHTML"],"fullName":"Shared Utility Functions MakeBackLinkHTML should generate correct HTML for a backlink","status":"passed","title":"should generate correct HTML for a backlink","duration":1.4708769999999731,"failureMessages":[],"meta":{}},{"ancestorTitles":["Shared Utility Functions","random_from_list"],"fullName":"Shared Utility Functions random_from_list should return an element from the list","status":"passed","title":"should return an element from the list","duration":0.9878320000000258,"failureMessages":[],"meta":{}},{"ancestorTitles":["Shared Utility Functions","random_from_list"],"fullName":"Shared Utility Functions random_from_list should return undefined for empty list","status":"passed","title":"should return undefined for empty list","duration":0.41233199999999215,"failureMessages":[],"meta":{}},{"ancestorTitles":["Shared Utility Functions","random_from_list"],"fullName":"Shared Utility Functions random_from_list should have a roughly even distribution over many calls","status":"passed","title":"should have a roughly even distribution over many calls","duration":1.1565480000000434,"failureMessages":[],"meta":{}},{"ancestorTitles":["Shared Utility Functions","shuffle"],"fullName":"Shared Utility Functions shuffle should return an array of the same length","status":"passed","title":"should return an array of the same length","duration":0.43092699999999695,"failureMessages":[],"meta":{}},{"ancestorTitles":["Shared Utility Functions","shuffle"],"fullName":"Shared Utility Functions shuffle should contain all the same elements","status":"passed","title":"should contain all the same elements","duration":1.0028290000000197,"failureMessages":[],"meta":{}},{"ancestorTitles":["Shared Utility Functions","shuffle"],"fullName":"Shared Utility Functions shuffle should change the order of elements (most of the time)","status":"passed","title":"should change the order of elements (most of the time)","duration":0.37969199999997727,"failureMessages":[],"meta":{}},{"ancestorTitles":["Shared Utility Functions","append_randomizer_div"],"fullName":"Shared Utility Functions append_randomizer_div should not append anything if parent is not found","status":"passed","title":"should not append anything if parent is not found","duration":6.534369999999967,"failureMessages":[],"meta":{}},{"ancestorTitles":["Shared Utility Functions","append_randomizer_div"],"fullName":"Shared Utility Functions append_randomizer_div should append content from the factory when parent is found","status":"passed","title":"should append content from the factory when parent is found","duration":2.4581969999999274,"failureMessages":[],"meta":{}},{"ancestorTitles":["Shared Utility Functions","append_randomizer_div"],"fullName":"Shared Utility Functions append_randomizer_div should handle click events on non-link elements","status":"passed","title":"should handle click events on non-link elements","duration":1.4506700000000592,"failureMessages":[],"meta":{}},{"ancestorTitles":["Shared Utility Functions","append_randomizer_div"],"fullName":"Shared Utility Functions append_randomizer_div should not regenerate content when clicking on a link","status":"passed","title":"should not regenerate content when clicking on a link","duration":0.9511629999999514,"failureMessages":[],"meta":{}},{"ancestorTitles":["Shared Utility Functions","makeRedirectUrl"],"fullName":"Shared Utility Functions makeRedirectUrl should generate correct URL with path only","status":"passed","title":"should generate correct URL with path only","duration":0.2368139999999812,"failureMessages":[],"meta":{}},{"ancestorTitles":["Shared Utility Functions","makeRedirectUrl"],"fullName":"Shared Utility Functions makeRedirectUrl should generate correct URL with path and anchor","status":"passed","title":"should generate correct URL with path and anchor","duration":0.19675899999992907,"failureMessages":[],"meta":{}},{"ancestorTitles":["Shared Utility Functions","makeRedirectUrl"],"fullName":"Shared Utility Functions makeRedirectUrl should handle special characters in path","status":"passed","title":"should handle special characters in path","duration":0.2506899999999632,"failureMessages":[],"meta":{}},{"ancestorTitles":["Shared Utility Functions","makeRedirectUrl"],"fullName":"Shared Utility Functions makeRedirectUrl should handle empty anchor gracefully","status":"passed","title":"should handle empty anchor gracefully","duration":0.22300699999993867,"failureMessages":[],"meta":{}},{"ancestorTitles":["Shared Utility Functions","makeRedirectUrl"],"fullName":"Shared Utility Functions makeRedirectUrl should handle undefined anchor","status":"passed","title":"should handle undefined anchor","duration":0.1615119999999024,"failureMessages":[],"meta":{}}],"startTime":1755227041124,"endTime":1755227041143.2507,"status":"passed","message":"","name":"/home/runner/work/idvorkin.github.io/idvorkin.github.io/src/__tests__/shared.test.ts"},{"assertionResults":[{"ancestorTitles":["Summarize Page Functionality"],"fullName":"Summarize Page Functionality should not create duplicate entries when processing summary links","status":"passed","title":"should not create duplicate entries when processing summary links","duration":2.003951000000029,"failureMessages":[],"meta":{}},{"ancestorTitles":["Summarize Page Functionality"],"fullName":"Summarize Page Functionality should handle redirects correctly without duplication","status":"passed","title":"should handle redirects correctly without duplication","duration":1.4880450000000565,"failureMessages":[],"meta":{}},{"ancestorTitles":["Summarize Page Functionality"],"fullName":"Summarize Page Functionality should identify the root cause of duplicate related posts","status":"passed","title":"should identify the root cause of duplicate related posts","duration":0.8381290000000945,"failureMessages":[],"meta":{}}],"startTime":1755227042432,"endTime":1755227042435.8381,"status":"passed","message":"","name":"/home/runner/work/idvorkin.github.io/idvorkin.github.io/src/__tests__/summarize-page.test.ts"},{"assertionResults":[{"ancestorTitles":["SwapProdAndTest","when swapping from production to test"],"fullName":"SwapProdAndTest when swapping from production to test should swap from production to localhost with default port 4000","status":"passed","title":"should swap from production to localhost with default port 4000","duration":2.359395999999947,"failureMessages":[],"meta":{}},{"ancestorTitles":["SwapProdAndTest","when swapping from production to test"],"fullName":"SwapProdAndTest when swapping from production to test should preserve the current port when available","status":"passed","title":"should preserve the current port when available","duration":0.5474749999999631,"failureMessages":[],"meta":{}},{"ancestorTitles":["SwapProdAndTest","when swapping from test to production"],"fullName":"SwapProdAndTest when swapping from test to production should swap from localhost:4000 to production","status":"passed","title":"should swap from localhost:4000 to production","duration":0.5374760000000833,"failureMessages":[],"meta":{}},{"ancestorTitles":["SwapProdAndTest","when swapping from test to production"],"fullName":"SwapProdAndTest when swapping from test to production should swap from localhost:4002 to production","status":"passed","title":"should swap from localhost:4002 to production","duration":0.4958080000000109,"failureMessages":[],"meta":{}},{"ancestorTitles":["SwapProdAndTest","when swapping from test to production"],"fullName":"SwapProdAndTest when swapping from test to production should handle any port number","status":"passed","title":"should handle any port number","duration":0.3492239999999356,"failureMessages":[],"meta":{}}],"startTime":1755227042380,"endTime":1755227042384.4958,"status":"passed","message":"","name":"/home/runner/work/idvorkin.github.io/idvorkin.github.io/src/__tests__/swap-prod-test.test.ts"}]}